2022-11-13 13:47:13.793  WARN 4456 --- [main] c.a.c.n.c.NacosPropertySourceBuilder     : Ignore the empty nacos configuration and get it based on dataId[auth-server] & group[DEFAULT_GROUP]
2022-11-13 13:47:13.806  INFO 4456 --- [main] b.c.PropertySourceBootstrapConfiguration : Located property source: [BootstrapPropertySource {name='bootstrapProperties-auth-server-dev.yml,DEFAULT_GROUP'}, BootstrapPropertySource {name='bootstrapProperties-auth-server.yml,DEFAULT_GROUP'}, BootstrapPropertySource {name='bootstrapProperties-auth-server,DEFAULT_GROUP'}, BootstrapPropertySource {name='bootstrapProperties-mysql.yml,DEFAULT_GROUP'}, BootstrapPropertySource {name='bootstrapProperties-redis.yml,DEFAULT_GROUP'}, BootstrapPropertySource {name='bootstrapProperties-common.yml,DEFAULT_GROUP'}]
2022-11-13 13:47:13.999  INFO 4456 --- [main] mao.auth_server.AuthServerApplication    : The following profiles are active: dev
2022-11-13 13:47:14.725  INFO 4456 --- [main] o.s.c.a.ConfigurationClassParser         : Properties location [${j2cache.config-location}] not resolvable: Could not resolve placeholder 'j2cache.config-location' in value "${j2cache.config-location}"
2022-11-13 13:47:15.566  INFO 4456 --- [main] .s.d.r.c.RepositoryConfigurationDelegate : Multiple Spring Data modules found, entering strict repository configuration mode!
2022-11-13 13:47:15.568  INFO 4456 --- [main] .s.d.r.c.RepositoryConfigurationDelegate : Bootstrapping Spring Data Redis repositories in DEFAULT mode.
2022-11-13 13:47:15.600  INFO 4456 --- [main] .s.d.r.c.RepositoryConfigurationDelegate : Finished Spring Data repository scanning in 18ms. Found 0 Redis repository interfaces.
2022-11-13 13:47:15.685  WARN 4456 --- [main] o.s.boot.actuate.endpoint.EndpointId     : Endpoint ID 'service-registry' contains invalid characters, please migrate to a valid format.
2022-11-13 13:47:15.983  INFO 4456 --- [main] o.s.cloud.context.scope.GenericScope     : BeanFactory id=f224762f-55b7-36e5-8c3a-6362e71b2942
2022-11-13 13:47:16.111  INFO 4456 --- [main] m.t.config.ValidatorConfig               : 开启hibernate-validator快速返回
2022-11-13 13:47:16.112  INFO 4456 --- [main] trationDelegate$BeanPostProcessorChecker : Bean 'mao.tools_validator.config.ValidatorConfig' of type [mao.tools_validator.config.ValidatorConfig] is not eligible for getting processed by all BeanPostProcessors (for example: not eligible for auto-proxying)
2022-11-13 13:47:16.273  INFO 4456 --- [main] trationDelegate$BeanPostProcessorChecker : Bean 'org.springframework.transaction.annotation.ProxyTransactionManagementConfiguration' of type [org.springframework.transaction.annotation.ProxyTransactionManagementConfiguration] is not eligible for getting processed by all BeanPostProcessors (for example: not eligible for auto-proxying)
2022-11-13 13:47:16.430  INFO 4456 --- [main] mao.tools_j2cache.config.CacheConfig     : 初始化 CacheConfig
2022-11-13 13:47:16.430  INFO 4456 --- [main] trationDelegate$BeanPostProcessorChecker : Bean 'mao.tools_j2cache.config.CacheConfig' of type [mao.tools_j2cache.config.CacheConfig] is not eligible for getting processed by all BeanPostProcessors (for example: not eligible for auto-proxying)
2022-11-13 13:47:16.554  INFO 4456 --- [main] trationDelegate$BeanPostProcessorChecker : Bean 'mybatis-plus-com.baomidou.mybatisplus.autoconfigure.MybatisPlusProperties' of type [com.baomidou.mybatisplus.autoconfigure.MybatisPlusProperties] is not eligible for getting processed by all BeanPostProcessors (for example: not eligible for auto-proxying)
2022-11-13 13:47:16.564  INFO 4456 --- [main] trationDelegate$BeanPostProcessorChecker : Bean 'database-mao.tools_databases.properties.DatabaseProperties' of type [mao.tools_databases.properties.DatabaseProperties] is not eligible for getting processed by all BeanPostProcessors (for example: not eligible for auto-proxying)
2022-11-13 13:47:16.572  INFO 4456 --- [main] m.a.config.MybatisConfiguration          : 初始化 MybatisConfiguration
2022-11-13 13:47:16.572  INFO 4456 --- [main] trationDelegate$BeanPostProcessorChecker : Bean 'mybatisConfiguration' of type [mao.auth_server.config.MybatisConfiguration$$EnhancerBySpringCGLIB$$ee5d209f] is not eligible for getting processed by all BeanPostProcessors (for example: not eligible for auto-proxying)
2022-11-13 13:47:16.580  INFO 4456 --- [main] trationDelegate$BeanPostProcessorChecker : Bean 'paginationInterceptor' of type [com.baomidou.mybatisplus.extension.plugins.PaginationInterceptor] is not eligible for getting processed by all BeanPostProcessors (for example: not eligible for auto-proxying)
2022-11-13 13:47:16.587  INFO 4456 --- [main] trationDelegate$BeanPostProcessorChecker : Bean 'getLeftLikeTypeHandler' of type [mao.tools_databases.mybatis.typehandler.LeftLikeTypeHandler] is not eligible for getting processed by all BeanPostProcessors (for example: not eligible for auto-proxying)
2022-11-13 13:47:16.591  INFO 4456 --- [main] trationDelegate$BeanPostProcessorChecker : Bean 'getRightLikeTypeHandler' of type [mao.tools_databases.mybatis.typehandler.RightLikeTypeHandler] is not eligible for getting processed by all BeanPostProcessors (for example: not eligible for auto-proxying)
2022-11-13 13:47:16.593  INFO 4456 --- [main] trationDelegate$BeanPostProcessorChecker : Bean 'getFullLikeTypeHandler' of type [mao.tools_databases.mybatis.typehandler.FullLikeTypeHandler] is not eligible for getting processed by all BeanPostProcessors (for example: not eligible for auto-proxying)
2022-11-13 13:47:16.602  INFO 4456 --- [main] m.a.config.DatabaseConfiguration         : 初始化 DatabaseConfiguration
2022-11-13 13:47:16.602  INFO 4456 --- [main] trationDelegate$BeanPostProcessorChecker : Bean 'databaseConfiguration' of type [mao.auth_server.config.DatabaseConfiguration$$EnhancerBySpringCGLIB$$62f974d] is not eligible for getting processed by all BeanPostProcessors (for example: not eligible for auto-proxying)
2022-11-13 13:47:16.673  INFO 4456 --- [main] trationDelegate$BeanPostProcessorChecker : Bean 'spring.datasource-org.springframework.boot.autoconfigure.jdbc.DataSourceProperties' of type [org.springframework.boot.autoconfigure.jdbc.DataSourceProperties] is not eligible for getting processed by all BeanPostProcessors (for example: not eligible for auto-proxying)
2022-11-13 13:47:16.679  INFO 4456 --- [main] trationDelegate$BeanPostProcessorChecker : Bean 'com.alibaba.druid.spring.boot.autoconfigure.stat.DruidFilterConfiguration' of type [com.alibaba.druid.spring.boot.autoconfigure.stat.DruidFilterConfiguration] is not eligible for getting processed by all BeanPostProcessors (for example: not eligible for auto-proxying)
2022-11-13 13:47:16.692  INFO 4456 --- [main] trationDelegate$BeanPostProcessorChecker : Bean 'wallConfig' of type [com.alibaba.druid.wall.WallConfig] is not eligible for getting processed by all BeanPostProcessors (for example: not eligible for auto-proxying)
2022-11-13 13:47:16.727  INFO 4456 --- [main] trationDelegate$BeanPostProcessorChecker : Bean 'wallFilter' of type [com.alibaba.druid.wall.WallFilter] is not eligible for getting processed by all BeanPostProcessors (for example: not eligible for auto-proxying)
2022-11-13 13:47:16.819  INFO 4456 --- [main] trationDelegate$BeanPostProcessorChecker : Bean 'masterDruidDataSource' of type [com.alibaba.druid.spring.boot.autoconfigure.DruidDataSourceWrapper] is not eligible for getting processed by all BeanPostProcessors (for example: not eligible for auto-proxying)
2022-11-13 13:47:16.854  INFO 4456 --- [main] trationDelegate$BeanPostProcessorChecker : Bean 'org.springframework.boot.autoconfigure.jdbc.DataSourceInitializerInvoker' of type [org.springframework.boot.autoconfigure.jdbc.DataSourceInitializerInvoker] is not eligible for getting processed by all BeanPostProcessors (for example: not eligible for auto-proxying)
2022-11-13 13:47:16.872  INFO 4456 --- [main] trationDelegate$BeanPostProcessorChecker : Bean 'masterDataSource' of type [com.p6spy.engine.spy.P6DataSource] is not eligible for getting processed by all BeanPostProcessors (for example: not eligible for auto-proxying)
2022-11-13 13:47:16.881  INFO 4456 --- [main] trationDelegate$BeanPostProcessorChecker : Bean 'masterTransactionManager' of type [org.springframework.jdbc.datasource.DataSourceTransactionManager] is not eligible for getting processed by all BeanPostProcessors (for example: not eligible for auto-proxying)
2022-11-13 13:47:16.889  INFO 4456 --- [main] trationDelegate$BeanPostProcessorChecker : Bean 'masterTransactionInterceptor' of type [org.springframework.transaction.interceptor.TransactionInterceptor] is not eligible for getting processed by all BeanPostProcessors (for example: not eligible for auto-proxying)
2022-11-13 13:47:16.890  INFO 4456 --- [main] trationDelegate$BeanPostProcessorChecker : Bean 'masterAdvisor' of type [org.springframework.aop.support.DefaultPointcutAdvisor] is not eligible for getting processed by all BeanPostProcessors (for example: not eligible for auto-proxying)
2022-11-13 13:47:16.953  INFO 4456 --- [main] mao.auth_server.config.WebConfiguration  : 初始化 WebConfiguration
2022-11-13 13:47:17.241  INFO 4456 --- [main] o.s.b.w.embedded.tomcat.TomcatWebServer  : Tomcat initialized with port(s): 8764 (http)
2022-11-13 13:47:17.257  INFO 4456 --- [main] o.apache.catalina.core.StandardService   : Starting service [Tomcat]
2022-11-13 13:47:17.257  INFO 4456 --- [main] org.apache.catalina.core.StandardEngine  : Starting Servlet engine: [Apache Tomcat/9.0.37]
2022-11-13 13:47:17.451  INFO 4456 --- [main] o.a.c.c.C.[Tomcat].[localhost].[/]       : Initializing Spring embedded WebApplicationContext
2022-11-13 13:47:17.451  INFO 4456 --- [main] w.s.c.ServletWebServerApplicationContext : Root WebApplicationContext: initialization completed in 3421 ms
2022-11-13 13:47:17.475  INFO 4456 --- [main] m.tools_xss.config.XssAuthConfiguration  : 初始化 XssAuthConfiguration xss攻击配置
2022-11-13 13:47:17.620  WARN 4456 --- [main] c.n.c.sources.URLConfigurationSource     : No URLs will be polled as dynamic configuration sources.
2022-11-13 13:47:17.620  INFO 4456 --- [main] c.n.c.sources.URLConfigurationSource     : To enable URLs as dynamic configuration sources, define System property archaius.configurationSource.additionalUrls or make config.properties available on classpath.
2022-11-13 13:47:17.633  INFO 4456 --- [main] c.netflix.config.DynamicPropertyFactory  : DynamicPropertyFactory is initialized with configuration sources: com.netflix.config.ConcurrentCompositeConfiguration@3e38c472
2022-11-13 13:47:17.749 DEBUG 4456 --- [main] mao.tools_xss.filter.XssFilter           : XSS fiter [XSSFilter] init start ...
2022-11-13 13:47:17.812 DEBUG 4456 --- [main] mao.tools_xss.filter.XssFilter           : ignorePathList=null
2022-11-13 13:47:17.815 DEBUG 4456 --- [main] mao.tools_xss.filter.XssFilter           : ignoreParamValueList=["samlp:LogoutRequest"]
2022-11-13 13:47:17.815 DEBUG 4456 --- [main] mao.tools_xss.filter.XssFilter           : XSS fiter [XSSFilter] init end
2022-11-13 13:47:17.840  INFO 4456 --- [main] m.a.config.ExceptionConfiguration        : 初始化 ExceptionConfiguration
2022-11-13 13:47:17.872  INFO 4456 --- [main] c.g.d.core.DozerBeanMapperBuilder        : Initializing Dozer. Version: 6.5.0, Thread Name: main
2022-11-13 13:47:17.873  INFO 4456 --- [main] c.g.dozermapper.core.util.RuntimeUtils   : OSGi support is false
2022-11-13 13:47:17.879  INFO 4456 --- [main] d.c.c.r.LegacyPropertiesSettingsResolver : Trying to find Dozer configuration file: dozer.properties
2022-11-13 13:47:17.883  INFO 4456 --- [main] d.c.c.r.LegacyPropertiesSettingsResolver : Failed to find dozer.properties via com.github.dozermapper.core.config.resolvers.LegacyPropertiesSettingsResolver.
2022-11-13 13:47:17.889  INFO 4456 --- [main] c.g.d.core.el.ELExpressionFactory        : javax.el support is true
2022-11-13 13:47:17.918  INFO 4456 --- [main] c.g.d.c.b.xml.BeanMappingXMLBuilder      : Using URL [file:/H:/%e7%a8%8b%e5%ba%8f/%e5%a4%a7%e5%9b%9b%e4%b8%8a%e6%9c%9f/authority/apps/auth/auth-server/target/classes/dozer/global.dozer.xml] to load custom xml mappings
2022-11-13 13:47:18.214  INFO 4456 --- [main] c.g.d.c.b.xml.SchemaLSResourceResolver   : Trying to resolve XML entity with public ID [null] and system ID [http://dozermapper.github.io/schema/bean-mapping.xsd]
2022-11-13 13:47:18.216  INFO 4456 --- [main] c.g.d.c.b.xml.SchemaLSResourceResolver   : Resolved public ID [null] and system ID [http://dozermapper.github.io/schema/bean-mapping.xsd]
2022-11-13 13:47:18.274  INFO 4456 --- [main] c.g.d.c.b.xml.BeanMappingXMLBuilder      : Successfully loaded custom xml mapping.
2022-11-13 13:47:18.276  INFO 4456 --- [main] c.g.d.c.b.xml.BeanMappingXMLBuilder      : Using URL [file:/H:/%e7%a8%8b%e5%ba%8f/%e5%a4%a7%e5%9b%9b%e4%b8%8a%e6%9c%9f/authority/apps/auth/auth-server/target/classes/dozer/biz.dozer.xml] to load custom xml mappings
2022-11-13 13:47:18.284  INFO 4456 --- [main] c.g.d.c.b.xml.SchemaLSResourceResolver   : Trying to resolve XML entity with public ID [null] and system ID [http://dozermapper.github.io/schema/bean-mapping.xsd]
2022-11-13 13:47:18.285  INFO 4456 --- [main] c.g.d.c.b.xml.SchemaLSResourceResolver   : Resolved public ID [null] and system ID [http://dozermapper.github.io/schema/bean-mapping.xsd]
2022-11-13 13:47:18.296  INFO 4456 --- [main] c.g.d.c.b.xml.BeanMappingXMLBuilder      : Successfully loaded custom xml mapping.
2022-11-13 13:47:18.410  INFO 4456 --- [main] m.t.config.DozerAutoConfiguration        : 初始化 DozerAutoConfiguration
2022-11-13 13:47:19.043  INFO 4456 --- [main] mao.tools_log.utils.AddressUtil          : bean [org.lionsoul.ip2region.DbConfig@2c2aab92]
2022-11-13 13:47:19.043  INFO 4456 --- [main] mao.tools_log.utils.AddressUtil          : bean [org.lionsoul.ip2region.DbSearcher@857f74a]
2022-11-13 13:47:19.142 DEBUG 4456 --- [main] mao.tools_xss.utils.XssUtils             :  start read XSS configfile [antisamy-slashdot-1.4.4.xml]
2022-11-13 13:47:19.150 DEBUG 4456 --- [main] mao.tools_xss.utils.XssUtils             : read XSS configfile [antisamy-slashdot-1.4.4.xml] success
2022-11-13 13:47:19.874  INFO 4456 --- [main] m.a.config.SysLogConfiguration           : 初始化 SysLogConfiguration
2022-11-13 13:47:19.881  INFO 4456 --- [main] n.o.j.a.J2CacheAutoConfiguration         : 初始化 J2CacheAutoConfiguration
2022-11-13 13:47:19.945  INFO 4456 --- [main] n.o.j2cache.util.SerializationUtils      : Using Serializer -> [fst:net.oschina.j2cache.util.FSTSerializer]
2022-11-13 13:47:19.948  INFO 4456 --- [main] net.oschina.j2cache.CacheProviderHolder  : Using L1 CacheProvider : net.oschina.j2cache.caffeine.CaffeineProvider
2022-11-13 13:47:19.952  INFO 4456 --- [main] .j.a.J2CacheSpringRedisAutoConfiguration : 初始化 J2CacheSpringRedisAutoConfiguration
2022-11-13 13:47:20.415  INFO 4456 --- [main] net.oschina.j2cache.CacheProviderHolder  : Using L2 CacheProvider : net.oschina.j2cache.cache.support.redis.SpringRedisProvider
2022-11-13 13:47:20.427  INFO 4456 --- [main] net.oschina.j2cache.J2CacheBuilder       : Using cluster policy : net.oschina.j2cache.cache.support.redis.SpringRedisPubSubPolicy
2022-11-13 13:47:20.434  INFO 4456 --- [main] m.t.s.config.AuthServerConfiguration     : 初始化 AuthServerConfiguration
2022-11-13 13:47:20.459  INFO 4456 --- [main] m.a.s.a.i.BCryptPasswordEncoderService   : 密码加密和验证使用的是: BCrypt 算法
2022-11-13 13:47:20.503 DEBUG 4456 --- [main] m.t.d.BaseDatabaseConfiguration          : 允许带事务的类为：class mao.auth_server.controller.auth.LoginController
2022-11-13 13:47:20.513 DEBUG 4456 --- [main] m.t.d.BaseDatabaseConfiguration          : 允许带事务的类为：class mao.auth_server.controller.auth.LoginController
2022-11-13 13:47:20.514 DEBUG 4456 --- [main] m.t.d.BaseDatabaseConfiguration          : 允许带事务的类为：class mao.auth_server.controller.auth.LoginController
2022-11-13 13:47:20.518 DEBUG 4456 --- [main] m.t.d.BaseDatabaseConfiguration          : 允许带事务的类为：class mao.auth_server.controller.auth.LoginController
2022-11-13 13:47:20.519 DEBUG 4456 --- [main] m.t.d.BaseDatabaseConfiguration          : 允许带事务的类为：class mao.auth_server.controller.auth.LoginController
2022-11-13 13:47:20.519 DEBUG 4456 --- [main] m.t.d.BaseDatabaseConfiguration          : 允许带事务的类为：class mao.auth_server.controller.auth.LoginController
2022-11-13 13:47:20.551 DEBUG 4456 --- [main] m.t.d.BaseDatabaseConfiguration          : 允许带事务的类为：class mao.auth_server.controller.auth.MenuController
2022-11-13 13:47:20.553 DEBUG 4456 --- [main] m.t.d.BaseDatabaseConfiguration          : 允许带事务的类为：class mao.auth_server.controller.auth.MenuController
2022-11-13 13:47:20.553 DEBUG 4456 --- [main] m.t.d.BaseDatabaseConfiguration          : 允许带事务的类为：class mao.auth_server.controller.auth.MenuController
2022-11-13 13:47:20.554 DEBUG 4456 --- [main] m.t.d.BaseDatabaseConfiguration          : 允许带事务的类为：class mao.auth_server.controller.auth.MenuController
2022-11-13 13:47:20.554 DEBUG 4456 --- [main] m.t.d.BaseDatabaseConfiguration          : 允许带事务的类为：class mao.auth_server.controller.auth.MenuController
2022-11-13 13:47:20.554 DEBUG 4456 --- [main] m.t.d.BaseDatabaseConfiguration          : 允许带事务的类为：class mao.auth_server.controller.auth.MenuController
2022-11-13 13:47:20.554 DEBUG 4456 --- [main] m.t.d.BaseDatabaseConfiguration          : 允许带事务的类为：class mao.auth_server.controller.auth.MenuController
2022-11-13 13:47:20.554 DEBUG 4456 --- [main] m.t.d.BaseDatabaseConfiguration          : 允许带事务的类为：class mao.auth_server.controller.auth.MenuController
2022-11-13 13:47:20.554 DEBUG 4456 --- [main] m.t.d.BaseDatabaseConfiguration          : 允许带事务的类为：class mao.auth_server.controller.auth.MenuController
2022-11-13 13:47:20.554 DEBUG 4456 --- [main] m.t.d.BaseDatabaseConfiguration          : 允许带事务的类为：class mao.auth_server.controller.auth.MenuController
2022-11-13 13:47:20.555 DEBUG 4456 --- [main] m.t.d.BaseDatabaseConfiguration          : 允许带事务的类为：class mao.auth_server.controller.auth.MenuController
2022-11-13 13:47:20.555 DEBUG 4456 --- [main] m.t.d.BaseDatabaseConfiguration          : 允许带事务的类为：class mao.auth_server.controller.auth.MenuController
2022-11-13 13:47:20.555 DEBUG 4456 --- [main] m.t.d.BaseDatabaseConfiguration          : 允许带事务的类为：class mao.auth_server.controller.auth.MenuController
2022-11-13 13:47:20.555 DEBUG 4456 --- [main] m.t.d.BaseDatabaseConfiguration          : 允许带事务的类为：class mao.auth_server.controller.auth.MenuController
2022-11-13 13:47:20.555 DEBUG 4456 --- [main] m.t.d.BaseDatabaseConfiguration          : 允许带事务的类为：class mao.auth_server.controller.auth.MenuController
2022-11-13 13:47:20.555 DEBUG 4456 --- [main] m.t.d.BaseDatabaseConfiguration          : 允许带事务的类为：class mao.auth_server.controller.auth.MenuController
2022-11-13 13:47:20.555 DEBUG 4456 --- [main] m.t.d.BaseDatabaseConfiguration          : 允许带事务的类为：class mao.auth_server.controller.auth.MenuController
2022-11-13 13:47:20.555 DEBUG 4456 --- [main] m.t.d.BaseDatabaseConfiguration          : 允许带事务的类为：class mao.auth_server.controller.auth.MenuController
2022-11-13 13:47:20.556 DEBUG 4456 --- [main] m.t.d.BaseDatabaseConfiguration          : 允许带事务的类为：class mao.auth_server.controller.auth.MenuController
2022-11-13 13:47:20.556 DEBUG 4456 --- [main] m.t.d.BaseDatabaseConfiguration          : 允许带事务的类为：class mao.auth_server.controller.auth.MenuController
2022-11-13 13:47:20.556 DEBUG 4456 --- [main] m.t.d.BaseDatabaseConfiguration          : 允许带事务的类为：class mao.auth_server.controller.auth.MenuController
2022-11-13 13:47:20.556 DEBUG 4456 --- [main] m.t.d.BaseDatabaseConfiguration          : 允许带事务的类为：class mao.auth_server.controller.auth.MenuController
2022-11-13 13:47:20.556 DEBUG 4456 --- [main] m.t.d.BaseDatabaseConfiguration          : 允许带事务的类为：class mao.auth_server.controller.auth.MenuController
2022-11-13 13:47:20.556 DEBUG 4456 --- [main] m.t.d.BaseDatabaseConfiguration          : 允许带事务的类为：class mao.auth_server.controller.auth.MenuController
2022-11-13 13:47:20.556 DEBUG 4456 --- [main] m.t.d.BaseDatabaseConfiguration          : 允许带事务的类为：class mao.auth_server.controller.auth.MenuController
2022-11-13 13:47:20.556 DEBUG 4456 --- [main] m.t.d.BaseDatabaseConfiguration          : 允许带事务的类为：class mao.auth_server.controller.auth.MenuController
2022-11-13 13:47:20.556 DEBUG 4456 --- [main] m.t.d.BaseDatabaseConfiguration          : 允许带事务的类为：class mao.auth_server.controller.auth.MenuController
2022-11-13 13:47:20.556 DEBUG 4456 --- [main] m.t.d.BaseDatabaseConfiguration          : 允许带事务的类为：class mao.auth_server.controller.auth.MenuController
2022-11-13 13:47:20.557 DEBUG 4456 --- [main] m.t.d.BaseDatabaseConfiguration          : 允许带事务的类为：class mao.auth_server.controller.auth.MenuController
2022-11-13 13:47:20.557 DEBUG 4456 --- [main] m.t.d.BaseDatabaseConfiguration          : 允许带事务的类为：class mao.auth_server.controller.auth.MenuController
2022-11-13 13:47:20.557 DEBUG 4456 --- [main] m.t.d.BaseDatabaseConfiguration          : 允许带事务的类为：class mao.auth_server.controller.auth.MenuController
2022-11-13 13:47:20.557 DEBUG 4456 --- [main] m.t.d.BaseDatabaseConfiguration          : 允许带事务的类为：class mao.auth_server.controller.auth.MenuController
2022-11-13 13:47:20.562 DEBUG 4456 --- [main] m.t.d.BaseDatabaseConfiguration          : 允许带事务的类为：class mao.auth_server.controller.auth.ResourceController
2022-11-13 13:47:20.566 DEBUG 4456 --- [main] m.t.d.BaseDatabaseConfiguration          : 允许带事务的类为：class mao.auth_server.controller.auth.ResourceController
2022-11-13 13:47:20.566 DEBUG 4456 --- [main] m.t.d.BaseDatabaseConfiguration          : 允许带事务的类为：class mao.auth_server.controller.auth.ResourceController
2022-11-13 13:47:20.566 DEBUG 4456 --- [main] m.t.d.BaseDatabaseConfiguration          : 允许带事务的类为：class mao.auth_server.controller.auth.ResourceController
2022-11-13 13:47:20.567 DEBUG 4456 --- [main] m.t.d.BaseDatabaseConfiguration          : 允许带事务的类为：class mao.auth_server.controller.auth.ResourceController
2022-11-13 13:47:20.567 DEBUG 4456 --- [main] m.t.d.BaseDatabaseConfiguration          : 允许带事务的类为：class mao.auth_server.controller.auth.ResourceController
2022-11-13 13:47:20.567 DEBUG 4456 --- [main] m.t.d.BaseDatabaseConfiguration          : 允许带事务的类为：class mao.auth_server.controller.auth.ResourceController
2022-11-13 13:47:20.567 DEBUG 4456 --- [main] m.t.d.BaseDatabaseConfiguration          : 允许带事务的类为：class mao.auth_server.controller.auth.ResourceController
2022-11-13 13:47:20.567 DEBUG 4456 --- [main] m.t.d.BaseDatabaseConfiguration          : 允许带事务的类为：class mao.auth_server.controller.auth.ResourceController
2022-11-13 13:47:20.568 DEBUG 4456 --- [main] m.t.d.BaseDatabaseConfiguration          : 允许带事务的类为：class mao.auth_server.controller.auth.ResourceController
2022-11-13 13:47:20.568 DEBUG 4456 --- [main] m.t.d.BaseDatabaseConfiguration          : 允许带事务的类为：class mao.auth_server.controller.auth.ResourceController
2022-11-13 13:47:20.568 DEBUG 4456 --- [main] m.t.d.BaseDatabaseConfiguration          : 允许带事务的类为：class mao.auth_server.controller.auth.ResourceController
2022-11-13 13:47:20.568 DEBUG 4456 --- [main] m.t.d.BaseDatabaseConfiguration          : 允许带事务的类为：class mao.auth_server.controller.auth.ResourceController
2022-11-13 13:47:20.568 DEBUG 4456 --- [main] m.t.d.BaseDatabaseConfiguration          : 允许带事务的类为：class mao.auth_server.controller.auth.ResourceController
2022-11-13 13:47:20.568 DEBUG 4456 --- [main] m.t.d.BaseDatabaseConfiguration          : 允许带事务的类为：class mao.auth_server.controller.auth.ResourceController
2022-11-13 13:47:20.568 DEBUG 4456 --- [main] m.t.d.BaseDatabaseConfiguration          : 允许带事务的类为：class mao.auth_server.controller.auth.ResourceController
2022-11-13 13:47:20.568 DEBUG 4456 --- [main] m.t.d.BaseDatabaseConfiguration          : 允许带事务的类为：class mao.auth_server.controller.auth.ResourceController
2022-11-13 13:47:20.568 DEBUG 4456 --- [main] m.t.d.BaseDatabaseConfiguration          : 允许带事务的类为：class mao.auth_server.controller.auth.ResourceController
2022-11-13 13:47:20.568 DEBUG 4456 --- [main] m.t.d.BaseDatabaseConfiguration          : 允许带事务的类为：class mao.auth_server.controller.auth.ResourceController
2022-11-13 13:47:20.568 DEBUG 4456 --- [main] m.t.d.BaseDatabaseConfiguration          : 允许带事务的类为：class mao.auth_server.controller.auth.ResourceController
2022-11-13 13:47:20.568 DEBUG 4456 --- [main] m.t.d.BaseDatabaseConfiguration          : 允许带事务的类为：class mao.auth_server.controller.auth.ResourceController
2022-11-13 13:47:20.569 DEBUG 4456 --- [main] m.t.d.BaseDatabaseConfiguration          : 允许带事务的类为：class mao.auth_server.controller.auth.ResourceController
2022-11-13 13:47:20.569 DEBUG 4456 --- [main] m.t.d.BaseDatabaseConfiguration          : 允许带事务的类为：class mao.auth_server.controller.auth.ResourceController
2022-11-13 13:47:20.569 DEBUG 4456 --- [main] m.t.d.BaseDatabaseConfiguration          : 允许带事务的类为：class mao.auth_server.controller.auth.ResourceController
2022-11-13 13:47:20.569 DEBUG 4456 --- [main] m.t.d.BaseDatabaseConfiguration          : 允许带事务的类为：class mao.auth_server.controller.auth.ResourceController
2022-11-13 13:47:20.569 DEBUG 4456 --- [main] m.t.d.BaseDatabaseConfiguration          : 允许带事务的类为：class mao.auth_server.controller.auth.ResourceController
2022-11-13 13:47:20.569 DEBUG 4456 --- [main] m.t.d.BaseDatabaseConfiguration          : 允许带事务的类为：class mao.auth_server.controller.auth.ResourceController
2022-11-13 13:47:20.569 DEBUG 4456 --- [main] m.t.d.BaseDatabaseConfiguration          : 允许带事务的类为：class mao.auth_server.controller.auth.ResourceController
2022-11-13 13:47:20.569 DEBUG 4456 --- [main] m.t.d.BaseDatabaseConfiguration          : 允许带事务的类为：class mao.auth_server.controller.auth.ResourceController
2022-11-13 13:47:20.569 DEBUG 4456 --- [main] m.t.d.BaseDatabaseConfiguration          : 允许带事务的类为：class mao.auth_server.controller.auth.ResourceController
2022-11-13 13:47:20.592 DEBUG 4456 --- [main] m.t.d.BaseDatabaseConfiguration          : 允许带事务的类为：class mao.auth_server.controller.auth.RoleAuthorityController
2022-11-13 13:47:20.593 DEBUG 4456 --- [main] m.t.d.BaseDatabaseConfiguration          : 允许带事务的类为：class mao.auth_server.controller.auth.RoleAuthorityController
2022-11-13 13:47:20.593 DEBUG 4456 --- [main] m.t.d.BaseDatabaseConfiguration          : 允许带事务的类为：class mao.auth_server.controller.auth.RoleAuthorityController
2022-11-13 13:47:20.593 DEBUG 4456 --- [main] m.t.d.BaseDatabaseConfiguration          : 允许带事务的类为：class mao.auth_server.controller.auth.RoleAuthorityController
2022-11-13 13:47:20.593 DEBUG 4456 --- [main] m.t.d.BaseDatabaseConfiguration          : 允许带事务的类为：class mao.auth_server.controller.auth.RoleAuthorityController
2022-11-13 13:47:20.593 DEBUG 4456 --- [main] m.t.d.BaseDatabaseConfiguration          : 允许带事务的类为：class mao.auth_server.controller.auth.RoleAuthorityController
2022-11-13 13:47:20.593 DEBUG 4456 --- [main] m.t.d.BaseDatabaseConfiguration          : 允许带事务的类为：class mao.auth_server.controller.auth.RoleAuthorityController
2022-11-13 13:47:20.593 DEBUG 4456 --- [main] m.t.d.BaseDatabaseConfiguration          : 允许带事务的类为：class mao.auth_server.controller.auth.RoleAuthorityController
2022-11-13 13:47:20.593 DEBUG 4456 --- [main] m.t.d.BaseDatabaseConfiguration          : 允许带事务的类为：class mao.auth_server.controller.auth.RoleAuthorityController
2022-11-13 13:47:20.593 DEBUG 4456 --- [main] m.t.d.BaseDatabaseConfiguration          : 允许带事务的类为：class mao.auth_server.controller.auth.RoleAuthorityController
2022-11-13 13:47:20.594 DEBUG 4456 --- [main] m.t.d.BaseDatabaseConfiguration          : 允许带事务的类为：class mao.auth_server.controller.auth.RoleAuthorityController
2022-11-13 13:47:20.594 DEBUG 4456 --- [main] m.t.d.BaseDatabaseConfiguration          : 允许带事务的类为：class mao.auth_server.controller.auth.RoleAuthorityController
2022-11-13 13:47:20.594 DEBUG 4456 --- [main] m.t.d.BaseDatabaseConfiguration          : 允许带事务的类为：class mao.auth_server.controller.auth.RoleAuthorityController
2022-11-13 13:47:20.594 DEBUG 4456 --- [main] m.t.d.BaseDatabaseConfiguration          : 允许带事务的类为：class mao.auth_server.controller.auth.RoleAuthorityController
2022-11-13 13:47:20.594 DEBUG 4456 --- [main] m.t.d.BaseDatabaseConfiguration          : 允许带事务的类为：class mao.auth_server.controller.auth.RoleAuthorityController
2022-11-13 13:47:20.594 DEBUG 4456 --- [main] m.t.d.BaseDatabaseConfiguration          : 允许带事务的类为：class mao.auth_server.controller.auth.RoleAuthorityController
2022-11-13 13:47:20.594 DEBUG 4456 --- [main] m.t.d.BaseDatabaseConfiguration          : 允许带事务的类为：class mao.auth_server.controller.auth.RoleAuthorityController
2022-11-13 13:47:20.594 DEBUG 4456 --- [main] m.t.d.BaseDatabaseConfiguration          : 允许带事务的类为：class mao.auth_server.controller.auth.RoleAuthorityController
2022-11-13 13:47:20.594 DEBUG 4456 --- [main] m.t.d.BaseDatabaseConfiguration          : 允许带事务的类为：class mao.auth_server.controller.auth.RoleAuthorityController
2022-11-13 13:47:20.594 DEBUG 4456 --- [main] m.t.d.BaseDatabaseConfiguration          : 允许带事务的类为：class mao.auth_server.controller.auth.RoleAuthorityController
2022-11-13 13:47:20.594 DEBUG 4456 --- [main] m.t.d.BaseDatabaseConfiguration          : 允许带事务的类为：class mao.auth_server.controller.auth.RoleAuthorityController
2022-11-13 13:47:20.594 DEBUG 4456 --- [main] m.t.d.BaseDatabaseConfiguration          : 允许带事务的类为：class mao.auth_server.controller.auth.RoleAuthorityController
2022-11-13 13:47:20.594 DEBUG 4456 --- [main] m.t.d.BaseDatabaseConfiguration          : 允许带事务的类为：class mao.auth_server.controller.auth.RoleAuthorityController
2022-11-13 13:47:20.594 DEBUG 4456 --- [main] m.t.d.BaseDatabaseConfiguration          : 允许带事务的类为：class mao.auth_server.controller.auth.RoleAuthorityController
2022-11-13 13:47:20.637 DEBUG 4456 --- [main] m.t.d.BaseDatabaseConfiguration          : 允许带事务的类为：class mao.auth_server.controller.auth.RoleController
2022-11-13 13:47:20.640 DEBUG 4456 --- [main] m.t.d.BaseDatabaseConfiguration          : 允许带事务的类为：class mao.auth_server.controller.auth.RoleController
2022-11-13 13:47:20.640 DEBUG 4456 --- [main] m.t.d.BaseDatabaseConfiguration          : 允许带事务的类为：class mao.auth_server.controller.auth.RoleController
2022-11-13 13:47:20.640 DEBUG 4456 --- [main] m.t.d.BaseDatabaseConfiguration          : 允许带事务的类为：class mao.auth_server.controller.auth.RoleController
2022-11-13 13:47:20.640 DEBUG 4456 --- [main] m.t.d.BaseDatabaseConfiguration          : 允许带事务的类为：class mao.auth_server.controller.auth.RoleController
2022-11-13 13:47:20.641 DEBUG 4456 --- [main] m.t.d.BaseDatabaseConfiguration          : 允许带事务的类为：class mao.auth_server.controller.auth.RoleController
2022-11-13 13:47:20.641 DEBUG 4456 --- [main] m.t.d.BaseDatabaseConfiguration          : 允许带事务的类为：class mao.auth_server.controller.auth.RoleController
2022-11-13 13:47:20.641 DEBUG 4456 --- [main] m.t.d.BaseDatabaseConfiguration          : 允许带事务的类为：class mao.auth_server.controller.auth.RoleController
2022-11-13 13:47:20.642 DEBUG 4456 --- [main] m.t.d.BaseDatabaseConfiguration          : 允许带事务的类为：class mao.auth_server.controller.auth.RoleController
2022-11-13 13:47:20.642 DEBUG 4456 --- [main] m.t.d.BaseDatabaseConfiguration          : 允许带事务的类为：class mao.auth_server.controller.auth.RoleController
2022-11-13 13:47:20.643 DEBUG 4456 --- [main] m.t.d.BaseDatabaseConfiguration          : 允许带事务的类为：class mao.auth_server.controller.auth.RoleController
2022-11-13 13:47:20.644 DEBUG 4456 --- [main] m.t.d.BaseDatabaseConfiguration          : 允许带事务的类为：class mao.auth_server.controller.auth.RoleController
2022-11-13 13:47:20.645 DEBUG 4456 --- [main] m.t.d.BaseDatabaseConfiguration          : 允许带事务的类为：class mao.auth_server.controller.auth.RoleController
2022-11-13 13:47:20.645 DEBUG 4456 --- [main] m.t.d.BaseDatabaseConfiguration          : 允许带事务的类为：class mao.auth_server.controller.auth.RoleController
2022-11-13 13:47:20.646 DEBUG 4456 --- [main] m.t.d.BaseDatabaseConfiguration          : 允许带事务的类为：class mao.auth_server.controller.auth.RoleController
2022-11-13 13:47:20.646 DEBUG 4456 --- [main] m.t.d.BaseDatabaseConfiguration          : 允许带事务的类为：class mao.auth_server.controller.auth.RoleController
2022-11-13 13:47:20.646 DEBUG 4456 --- [main] m.t.d.BaseDatabaseConfiguration          : 允许带事务的类为：class mao.auth_server.controller.auth.RoleController
2022-11-13 13:47:20.669 DEBUG 4456 --- [main] m.t.d.BaseDatabaseConfiguration          : 允许带事务的类为：class mao.auth_server.controller.auth.RoleController
2022-11-13 13:47:20.669 DEBUG 4456 --- [main] m.t.d.BaseDatabaseConfiguration          : 允许带事务的类为：class mao.auth_server.controller.auth.RoleController
2022-11-13 13:47:20.669 DEBUG 4456 --- [main] m.t.d.BaseDatabaseConfiguration          : 允许带事务的类为：class mao.auth_server.controller.auth.RoleController
2022-11-13 13:47:20.669 DEBUG 4456 --- [main] m.t.d.BaseDatabaseConfiguration          : 允许带事务的类为：class mao.auth_server.controller.auth.RoleController
2022-11-13 13:47:20.669 DEBUG 4456 --- [main] m.t.d.BaseDatabaseConfiguration          : 允许带事务的类为：class mao.auth_server.controller.auth.RoleController
2022-11-13 13:47:20.669 DEBUG 4456 --- [main] m.t.d.BaseDatabaseConfiguration          : 允许带事务的类为：class mao.auth_server.controller.auth.RoleController
2022-11-13 13:47:20.670 DEBUG 4456 --- [main] m.t.d.BaseDatabaseConfiguration          : 允许带事务的类为：class mao.auth_server.controller.auth.RoleController
2022-11-13 13:47:20.670 DEBUG 4456 --- [main] m.t.d.BaseDatabaseConfiguration          : 允许带事务的类为：class mao.auth_server.controller.auth.RoleController
2022-11-13 13:47:20.670 DEBUG 4456 --- [main] m.t.d.BaseDatabaseConfiguration          : 允许带事务的类为：class mao.auth_server.controller.auth.RoleController
2022-11-13 13:47:20.670 DEBUG 4456 --- [main] m.t.d.BaseDatabaseConfiguration          : 允许带事务的类为：class mao.auth_server.controller.auth.RoleController
2022-11-13 13:47:20.670 DEBUG 4456 --- [main] m.t.d.BaseDatabaseConfiguration          : 允许带事务的类为：class mao.auth_server.controller.auth.RoleController
2022-11-13 13:47:20.670 DEBUG 4456 --- [main] m.t.d.BaseDatabaseConfiguration          : 允许带事务的类为：class mao.auth_server.controller.auth.RoleController
2022-11-13 13:47:20.670 DEBUG 4456 --- [main] m.t.d.BaseDatabaseConfiguration          : 允许带事务的类为：class mao.auth_server.controller.auth.RoleController
2022-11-13 13:47:20.670 DEBUG 4456 --- [main] m.t.d.BaseDatabaseConfiguration          : 允许带事务的类为：class mao.auth_server.controller.auth.RoleController
2022-11-13 13:47:20.670 DEBUG 4456 --- [main] m.t.d.BaseDatabaseConfiguration          : 允许带事务的类为：class mao.auth_server.controller.auth.RoleController
2022-11-13 13:47:20.670 DEBUG 4456 --- [main] m.t.d.BaseDatabaseConfiguration          : 允许带事务的类为：class mao.auth_server.controller.auth.RoleController
2022-11-13 13:47:20.674 DEBUG 4456 --- [main] m.t.d.BaseDatabaseConfiguration          : 允许带事务的类为：class mao.auth_server.controller.auth.RoleController
2022-11-13 13:47:20.720 DEBUG 4456 --- [main] m.t.d.BaseDatabaseConfiguration          : 允许带事务的类为：class mao.auth_server.controller.auth.UserController
2022-11-13 13:47:20.722 DEBUG 4456 --- [main] m.t.d.BaseDatabaseConfiguration          : 允许带事务的类为：class mao.auth_server.controller.auth.UserController
2022-11-13 13:47:20.722 DEBUG 4456 --- [main] m.t.d.BaseDatabaseConfiguration          : 允许带事务的类为：class mao.auth_server.controller.auth.UserController
2022-11-13 13:47:20.722 DEBUG 4456 --- [main] m.t.d.BaseDatabaseConfiguration          : 允许带事务的类为：class mao.auth_server.controller.auth.UserController
2022-11-13 13:47:20.722 DEBUG 4456 --- [main] m.t.d.BaseDatabaseConfiguration          : 允许带事务的类为：class mao.auth_server.controller.auth.UserController
2022-11-13 13:47:20.723 DEBUG 4456 --- [main] m.t.d.BaseDatabaseConfiguration          : 允许带事务的类为：class mao.auth_server.controller.auth.UserController
2022-11-13 13:47:20.723 DEBUG 4456 --- [main] m.t.d.BaseDatabaseConfiguration          : 允许带事务的类为：class mao.auth_server.controller.auth.UserController
2022-11-13 13:47:20.723 DEBUG 4456 --- [main] m.t.d.BaseDatabaseConfiguration          : 允许带事务的类为：class mao.auth_server.controller.auth.UserController
2022-11-13 13:47:20.723 DEBUG 4456 --- [main] m.t.d.BaseDatabaseConfiguration          : 允许带事务的类为：class mao.auth_server.controller.auth.UserController
2022-11-13 13:47:20.723 DEBUG 4456 --- [main] m.t.d.BaseDatabaseConfiguration          : 允许带事务的类为：class mao.auth_server.controller.auth.UserController
2022-11-13 13:47:20.723 DEBUG 4456 --- [main] m.t.d.BaseDatabaseConfiguration          : 允许带事务的类为：class mao.auth_server.controller.auth.UserController
2022-11-13 13:47:20.723 DEBUG 4456 --- [main] m.t.d.BaseDatabaseConfiguration          : 允许带事务的类为：class mao.auth_server.controller.auth.UserController
2022-11-13 13:47:20.724 DEBUG 4456 --- [main] m.t.d.BaseDatabaseConfiguration          : 允许带事务的类为：class mao.auth_server.controller.auth.UserController
2022-11-13 13:47:20.724 DEBUG 4456 --- [main] m.t.d.BaseDatabaseConfiguration          : 允许带事务的类为：class mao.auth_server.controller.auth.UserController
2022-11-13 13:47:20.724 DEBUG 4456 --- [main] m.t.d.BaseDatabaseConfiguration          : 允许带事务的类为：class mao.auth_server.controller.auth.UserController
2022-11-13 13:47:20.724 DEBUG 4456 --- [main] m.t.d.BaseDatabaseConfiguration          : 允许带事务的类为：class mao.auth_server.controller.auth.UserController
2022-11-13 13:47:20.724 DEBUG 4456 --- [main] m.t.d.BaseDatabaseConfiguration          : 允许带事务的类为：class mao.auth_server.controller.auth.UserController
2022-11-13 13:47:20.724 DEBUG 4456 --- [main] m.t.d.BaseDatabaseConfiguration          : 允许带事务的类为：class mao.auth_server.controller.auth.UserController
2022-11-13 13:47:20.724 DEBUG 4456 --- [main] m.t.d.BaseDatabaseConfiguration          : 允许带事务的类为：class mao.auth_server.controller.auth.UserController
2022-11-13 13:47:20.724 DEBUG 4456 --- [main] m.t.d.BaseDatabaseConfiguration          : 允许带事务的类为：class mao.auth_server.controller.auth.UserController
2022-11-13 13:47:20.724 DEBUG 4456 --- [main] m.t.d.BaseDatabaseConfiguration          : 允许带事务的类为：class mao.auth_server.controller.auth.UserController
2022-11-13 13:47:20.724 DEBUG 4456 --- [main] m.t.d.BaseDatabaseConfiguration          : 允许带事务的类为：class mao.auth_server.controller.auth.UserController
2022-11-13 13:47:20.724 DEBUG 4456 --- [main] m.t.d.BaseDatabaseConfiguration          : 允许带事务的类为：class mao.auth_server.controller.auth.UserController
2022-11-13 13:47:20.724 DEBUG 4456 --- [main] m.t.d.BaseDatabaseConfiguration          : 允许带事务的类为：class mao.auth_server.controller.auth.UserController
2022-11-13 13:47:20.724 DEBUG 4456 --- [main] m.t.d.BaseDatabaseConfiguration          : 允许带事务的类为：class mao.auth_server.controller.auth.UserController
2022-11-13 13:47:20.724 DEBUG 4456 --- [main] m.t.d.BaseDatabaseConfiguration          : 允许带事务的类为：class mao.auth_server.controller.auth.UserController
2022-11-13 13:47:20.724 DEBUG 4456 --- [main] m.t.d.BaseDatabaseConfiguration          : 允许带事务的类为：class mao.auth_server.controller.auth.UserController
2022-11-13 13:47:20.725 DEBUG 4456 --- [main] m.t.d.BaseDatabaseConfiguration          : 允许带事务的类为：class mao.auth_server.controller.auth.UserController
2022-11-13 13:47:20.725 DEBUG 4456 --- [main] m.t.d.BaseDatabaseConfiguration          : 允许带事务的类为：class mao.auth_server.controller.auth.UserController
2022-11-13 13:47:20.725 DEBUG 4456 --- [main] m.t.d.BaseDatabaseConfiguration          : 允许带事务的类为：class mao.auth_server.controller.auth.UserController
2022-11-13 13:47:20.725 DEBUG 4456 --- [main] m.t.d.BaseDatabaseConfiguration          : 允许带事务的类为：class mao.auth_server.controller.auth.UserController
2022-11-13 13:47:20.725 DEBUG 4456 --- [main] m.t.d.BaseDatabaseConfiguration          : 允许带事务的类为：class mao.auth_server.controller.auth.UserController
2022-11-13 13:47:20.725 DEBUG 4456 --- [main] m.t.d.BaseDatabaseConfiguration          : 允许带事务的类为：class mao.auth_server.controller.auth.UserController
2022-11-13 13:47:20.725 DEBUG 4456 --- [main] m.t.d.BaseDatabaseConfiguration          : 允许带事务的类为：class mao.auth_server.controller.auth.UserController
2022-11-13 13:47:20.749 DEBUG 4456 --- [main] m.t.d.BaseDatabaseConfiguration          : 允许带事务的类为：class mao.auth_server.controller.common.DashboardController
2022-11-13 13:47:20.750 DEBUG 4456 --- [main] m.t.d.BaseDatabaseConfiguration          : 允许带事务的类为：class mao.auth_server.controller.common.DashboardController
2022-11-13 13:47:20.750 DEBUG 4456 --- [main] m.t.d.BaseDatabaseConfiguration          : 允许带事务的类为：class mao.auth_server.controller.common.DashboardController
2022-11-13 13:47:20.751 DEBUG 4456 --- [main] m.t.d.BaseDatabaseConfiguration          : 允许带事务的类为：class mao.auth_server.controller.common.DashboardController
2022-11-13 13:47:20.751 DEBUG 4456 --- [main] m.t.d.BaseDatabaseConfiguration          : 允许带事务的类为：class mao.auth_server.controller.common.DashboardController
2022-11-13 13:47:20.751 DEBUG 4456 --- [main] m.t.d.BaseDatabaseConfiguration          : 允许带事务的类为：class mao.auth_server.controller.common.DashboardController
2022-11-13 13:47:20.751 DEBUG 4456 --- [main] m.t.d.BaseDatabaseConfiguration          : 允许带事务的类为：class mao.auth_server.controller.common.DashboardController
2022-11-13 13:47:20.751 DEBUG 4456 --- [main] m.t.d.BaseDatabaseConfiguration          : 允许带事务的类为：class mao.auth_server.controller.common.DashboardController
2022-11-13 13:47:20.751 DEBUG 4456 --- [main] m.t.d.BaseDatabaseConfiguration          : 允许带事务的类为：class mao.auth_server.controller.common.DashboardController
2022-11-13 13:47:20.751 DEBUG 4456 --- [main] m.t.d.BaseDatabaseConfiguration          : 允许带事务的类为：class mao.auth_server.controller.common.DashboardController
2022-11-13 13:47:20.751 DEBUG 4456 --- [main] m.t.d.BaseDatabaseConfiguration          : 允许带事务的类为：class mao.auth_server.controller.common.DashboardController
2022-11-13 13:47:20.751 DEBUG 4456 --- [main] m.t.d.BaseDatabaseConfiguration          : 允许带事务的类为：class mao.auth_server.controller.common.DashboardController
2022-11-13 13:47:20.751 DEBUG 4456 --- [main] m.t.d.BaseDatabaseConfiguration          : 允许带事务的类为：class mao.auth_server.controller.common.DashboardController
2022-11-13 13:47:20.751 DEBUG 4456 --- [main] m.t.d.BaseDatabaseConfiguration          : 允许带事务的类为：class mao.auth_server.controller.common.DashboardController
2022-11-13 13:47:20.751 DEBUG 4456 --- [main] m.t.d.BaseDatabaseConfiguration          : 允许带事务的类为：class mao.auth_server.controller.common.DashboardController
2022-11-13 13:47:20.751 DEBUG 4456 --- [main] m.t.d.BaseDatabaseConfiguration          : 允许带事务的类为：class mao.auth_server.controller.common.DashboardController
2022-11-13 13:47:20.751 DEBUG 4456 --- [main] m.t.d.BaseDatabaseConfiguration          : 允许带事务的类为：class mao.auth_server.controller.common.DashboardController
2022-11-13 13:47:20.751 DEBUG 4456 --- [main] m.t.d.BaseDatabaseConfiguration          : 允许带事务的类为：class mao.auth_server.controller.common.DashboardController
2022-11-13 13:47:20.752 DEBUG 4456 --- [main] m.t.d.BaseDatabaseConfiguration          : 允许带事务的类为：class mao.auth_server.controller.common.DashboardController
2022-11-13 13:47:20.752 DEBUG 4456 --- [main] m.t.d.BaseDatabaseConfiguration          : 允许带事务的类为：class mao.auth_server.controller.common.DashboardController
2022-11-13 13:47:20.752 DEBUG 4456 --- [main] m.t.d.BaseDatabaseConfiguration          : 允许带事务的类为：class mao.auth_server.controller.common.DashboardController
2022-11-13 13:47:20.752 DEBUG 4456 --- [main] m.t.d.BaseDatabaseConfiguration          : 允许带事务的类为：class mao.auth_server.controller.common.DashboardController
2022-11-13 13:47:20.752 DEBUG 4456 --- [main] m.t.d.BaseDatabaseConfiguration          : 允许带事务的类为：class mao.auth_server.controller.common.DashboardController
2022-11-13 13:47:20.752 DEBUG 4456 --- [main] m.t.d.BaseDatabaseConfiguration          : 允许带事务的类为：class mao.auth_server.controller.common.DashboardController
2022-11-13 13:47:20.752 DEBUG 4456 --- [main] m.t.d.BaseDatabaseConfiguration          : 允许带事务的类为：class mao.auth_server.controller.common.DashboardController
2022-11-13 13:47:20.757 DEBUG 4456 --- [main] m.t.d.BaseDatabaseConfiguration          : 允许带事务的类为：class mao.auth_server.controller.common.LoginLogController
2022-11-13 13:47:20.758 DEBUG 4456 --- [main] m.t.d.BaseDatabaseConfiguration          : 允许带事务的类为：class mao.auth_server.controller.common.LoginLogController
2022-11-13 13:47:20.758 DEBUG 4456 --- [main] m.t.d.BaseDatabaseConfiguration          : 允许带事务的类为：class mao.auth_server.controller.common.LoginLogController
2022-11-13 13:47:20.758 DEBUG 4456 --- [main] m.t.d.BaseDatabaseConfiguration          : 允许带事务的类为：class mao.auth_server.controller.common.LoginLogController
2022-11-13 13:47:20.758 DEBUG 4456 --- [main] m.t.d.BaseDatabaseConfiguration          : 允许带事务的类为：class mao.auth_server.controller.common.LoginLogController
2022-11-13 13:47:20.758 DEBUG 4456 --- [main] m.t.d.BaseDatabaseConfiguration          : 允许带事务的类为：class mao.auth_server.controller.common.LoginLogController
2022-11-13 13:47:20.758 DEBUG 4456 --- [main] m.t.d.BaseDatabaseConfiguration          : 允许带事务的类为：class mao.auth_server.controller.common.LoginLogController
2022-11-13 13:47:20.758 DEBUG 4456 --- [main] m.t.d.BaseDatabaseConfiguration          : 允许带事务的类为：class mao.auth_server.controller.common.LoginLogController
2022-11-13 13:47:20.759 DEBUG 4456 --- [main] m.t.d.BaseDatabaseConfiguration          : 允许带事务的类为：class mao.auth_server.controller.common.LoginLogController
2022-11-13 13:47:20.759 DEBUG 4456 --- [main] m.t.d.BaseDatabaseConfiguration          : 允许带事务的类为：class mao.auth_server.controller.common.LoginLogController
2022-11-13 13:47:20.759 DEBUG 4456 --- [main] m.t.d.BaseDatabaseConfiguration          : 允许带事务的类为：class mao.auth_server.controller.common.LoginLogController
2022-11-13 13:47:20.759 DEBUG 4456 --- [main] m.t.d.BaseDatabaseConfiguration          : 允许带事务的类为：class mao.auth_server.controller.common.LoginLogController
2022-11-13 13:47:20.759 DEBUG 4456 --- [main] m.t.d.BaseDatabaseConfiguration          : 允许带事务的类为：class mao.auth_server.controller.common.LoginLogController
2022-11-13 13:47:20.759 DEBUG 4456 --- [main] m.t.d.BaseDatabaseConfiguration          : 允许带事务的类为：class mao.auth_server.controller.common.LoginLogController
2022-11-13 13:47:20.759 DEBUG 4456 --- [main] m.t.d.BaseDatabaseConfiguration          : 允许带事务的类为：class mao.auth_server.controller.common.LoginLogController
2022-11-13 13:47:20.760 DEBUG 4456 --- [main] m.t.d.BaseDatabaseConfiguration          : 允许带事务的类为：class mao.auth_server.controller.common.LoginLogController
2022-11-13 13:47:20.760 DEBUG 4456 --- [main] m.t.d.BaseDatabaseConfiguration          : 允许带事务的类为：class mao.auth_server.controller.common.LoginLogController
2022-11-13 13:47:20.760 DEBUG 4456 --- [main] m.t.d.BaseDatabaseConfiguration          : 允许带事务的类为：class mao.auth_server.controller.common.LoginLogController
2022-11-13 13:47:20.760 DEBUG 4456 --- [main] m.t.d.BaseDatabaseConfiguration          : 允许带事务的类为：class mao.auth_server.controller.common.LoginLogController
2022-11-13 13:47:20.760 DEBUG 4456 --- [main] m.t.d.BaseDatabaseConfiguration          : 允许带事务的类为：class mao.auth_server.controller.common.LoginLogController
2022-11-13 13:47:20.760 DEBUG 4456 --- [main] m.t.d.BaseDatabaseConfiguration          : 允许带事务的类为：class mao.auth_server.controller.common.LoginLogController
2022-11-13 13:47:20.760 DEBUG 4456 --- [main] m.t.d.BaseDatabaseConfiguration          : 允许带事务的类为：class mao.auth_server.controller.common.LoginLogController
2022-11-13 13:47:20.760 DEBUG 4456 --- [main] m.t.d.BaseDatabaseConfiguration          : 允许带事务的类为：class mao.auth_server.controller.common.LoginLogController
2022-11-13 13:47:20.760 DEBUG 4456 --- [main] m.t.d.BaseDatabaseConfiguration          : 允许带事务的类为：class mao.auth_server.controller.common.LoginLogController
2022-11-13 13:47:20.760 DEBUG 4456 --- [main] m.t.d.BaseDatabaseConfiguration          : 允许带事务的类为：class mao.auth_server.controller.common.LoginLogController
2022-11-13 13:47:20.760 DEBUG 4456 --- [main] m.t.d.BaseDatabaseConfiguration          : 允许带事务的类为：class mao.auth_server.controller.common.LoginLogController
2022-11-13 13:47:20.761 DEBUG 4456 --- [main] m.t.d.BaseDatabaseConfiguration          : 允许带事务的类为：class mao.auth_server.controller.common.LoginLogController
2022-11-13 13:47:20.765 DEBUG 4456 --- [main] m.t.d.BaseDatabaseConfiguration          : 允许带事务的类为：class mao.auth_server.controller.common.OptLogController
2022-11-13 13:47:20.766 DEBUG 4456 --- [main] m.t.d.BaseDatabaseConfiguration          : 允许带事务的类为：class mao.auth_server.controller.common.OptLogController
2022-11-13 13:47:20.766 DEBUG 4456 --- [main] m.t.d.BaseDatabaseConfiguration          : 允许带事务的类为：class mao.auth_server.controller.common.OptLogController
2022-11-13 13:47:20.767 DEBUG 4456 --- [main] m.t.d.BaseDatabaseConfiguration          : 允许带事务的类为：class mao.auth_server.controller.common.OptLogController
2022-11-13 13:47:20.767 DEBUG 4456 --- [main] m.t.d.BaseDatabaseConfiguration          : 允许带事务的类为：class mao.auth_server.controller.common.OptLogController
2022-11-13 13:47:20.767 DEBUG 4456 --- [main] m.t.d.BaseDatabaseConfiguration          : 允许带事务的类为：class mao.auth_server.controller.common.OptLogController
2022-11-13 13:47:20.767 DEBUG 4456 --- [main] m.t.d.BaseDatabaseConfiguration          : 允许带事务的类为：class mao.auth_server.controller.common.OptLogController
2022-11-13 13:47:20.767 DEBUG 4456 --- [main] m.t.d.BaseDatabaseConfiguration          : 允许带事务的类为：class mao.auth_server.controller.common.OptLogController
2022-11-13 13:47:20.767 DEBUG 4456 --- [main] m.t.d.BaseDatabaseConfiguration          : 允许带事务的类为：class mao.auth_server.controller.common.OptLogController
2022-11-13 13:47:20.767 DEBUG 4456 --- [main] m.t.d.BaseDatabaseConfiguration          : 允许带事务的类为：class mao.auth_server.controller.common.OptLogController
2022-11-13 13:47:20.767 DEBUG 4456 --- [main] m.t.d.BaseDatabaseConfiguration          : 允许带事务的类为：class mao.auth_server.controller.common.OptLogController
2022-11-13 13:47:20.767 DEBUG 4456 --- [main] m.t.d.BaseDatabaseConfiguration          : 允许带事务的类为：class mao.auth_server.controller.common.OptLogController
2022-11-13 13:47:20.767 DEBUG 4456 --- [main] m.t.d.BaseDatabaseConfiguration          : 允许带事务的类为：class mao.auth_server.controller.common.OptLogController
2022-11-13 13:47:20.767 DEBUG 4456 --- [main] m.t.d.BaseDatabaseConfiguration          : 允许带事务的类为：class mao.auth_server.controller.common.OptLogController
2022-11-13 13:47:20.767 DEBUG 4456 --- [main] m.t.d.BaseDatabaseConfiguration          : 允许带事务的类为：class mao.auth_server.controller.common.OptLogController
2022-11-13 13:47:20.767 DEBUG 4456 --- [main] m.t.d.BaseDatabaseConfiguration          : 允许带事务的类为：class mao.auth_server.controller.common.OptLogController
2022-11-13 13:47:20.767 DEBUG 4456 --- [main] m.t.d.BaseDatabaseConfiguration          : 允许带事务的类为：class mao.auth_server.controller.common.OptLogController
2022-11-13 13:47:20.767 DEBUG 4456 --- [main] m.t.d.BaseDatabaseConfiguration          : 允许带事务的类为：class mao.auth_server.controller.common.OptLogController
2022-11-13 13:47:20.767 DEBUG 4456 --- [main] m.t.d.BaseDatabaseConfiguration          : 允许带事务的类为：class mao.auth_server.controller.common.OptLogController
2022-11-13 13:47:20.767 DEBUG 4456 --- [main] m.t.d.BaseDatabaseConfiguration          : 允许带事务的类为：class mao.auth_server.controller.common.OptLogController
2022-11-13 13:47:20.768 DEBUG 4456 --- [main] m.t.d.BaseDatabaseConfiguration          : 允许带事务的类为：class mao.auth_server.controller.common.OptLogController
2022-11-13 13:47:20.768 DEBUG 4456 --- [main] m.t.d.BaseDatabaseConfiguration          : 允许带事务的类为：class mao.auth_server.controller.common.OptLogController
2022-11-13 13:47:20.768 DEBUG 4456 --- [main] m.t.d.BaseDatabaseConfiguration          : 允许带事务的类为：class mao.auth_server.controller.common.OptLogController
2022-11-13 13:47:20.768 DEBUG 4456 --- [main] m.t.d.BaseDatabaseConfiguration          : 允许带事务的类为：class mao.auth_server.controller.common.OptLogController
2022-11-13 13:47:20.768 DEBUG 4456 --- [main] m.t.d.BaseDatabaseConfiguration          : 允许带事务的类为：class mao.auth_server.controller.common.OptLogController
2022-11-13 13:47:20.768 DEBUG 4456 --- [main] m.t.d.BaseDatabaseConfiguration          : 允许带事务的类为：class mao.auth_server.controller.common.OptLogController
2022-11-13 13:47:20.772 DEBUG 4456 --- [main] m.t.d.BaseDatabaseConfiguration          : 允许带事务的类为：class mao.auth_server.controller.common.TestController
2022-11-13 13:47:20.773 DEBUG 4456 --- [main] m.t.d.BaseDatabaseConfiguration          : 允许带事务的类为：class mao.auth_server.controller.common.TestController
2022-11-13 13:47:20.773 DEBUG 4456 --- [main] m.t.d.BaseDatabaseConfiguration          : 允许带事务的类为：class mao.auth_server.controller.common.TestController
2022-11-13 13:47:20.773 DEBUG 4456 --- [main] m.t.d.BaseDatabaseConfiguration          : 允许带事务的类为：class mao.auth_server.controller.common.TestController
2022-11-13 13:47:20.773 DEBUG 4456 --- [main] m.t.d.BaseDatabaseConfiguration          : 允许带事务的类为：class mao.auth_server.controller.common.TestController
2022-11-13 13:47:20.777 DEBUG 4456 --- [main] m.t.d.BaseDatabaseConfiguration          : 允许带事务的类为：class mao.auth_server.controller.core.OrgController
2022-11-13 13:47:20.778 DEBUG 4456 --- [main] m.t.d.BaseDatabaseConfiguration          : 允许带事务的类为：class mao.auth_server.controller.core.OrgController
2022-11-13 13:47:20.778 DEBUG 4456 --- [main] m.t.d.BaseDatabaseConfiguration          : 允许带事务的类为：class mao.auth_server.controller.core.OrgController
2022-11-13 13:47:20.778 DEBUG 4456 --- [main] m.t.d.BaseDatabaseConfiguration          : 允许带事务的类为：class mao.auth_server.controller.core.OrgController
2022-11-13 13:47:20.779 DEBUG 4456 --- [main] m.t.d.BaseDatabaseConfiguration          : 允许带事务的类为：class mao.auth_server.controller.core.OrgController
2022-11-13 13:47:20.779 DEBUG 4456 --- [main] m.t.d.BaseDatabaseConfiguration          : 允许带事务的类为：class mao.auth_server.controller.core.OrgController
2022-11-13 13:47:20.779 DEBUG 4456 --- [main] m.t.d.BaseDatabaseConfiguration          : 允许带事务的类为：class mao.auth_server.controller.core.OrgController
2022-11-13 13:47:20.779 DEBUG 4456 --- [main] m.t.d.BaseDatabaseConfiguration          : 允许带事务的类为：class mao.auth_server.controller.core.OrgController
2022-11-13 13:47:20.779 DEBUG 4456 --- [main] m.t.d.BaseDatabaseConfiguration          : 允许带事务的类为：class mao.auth_server.controller.core.OrgController
2022-11-13 13:47:20.779 DEBUG 4456 --- [main] m.t.d.BaseDatabaseConfiguration          : 允许带事务的类为：class mao.auth_server.controller.core.OrgController
2022-11-13 13:47:20.779 DEBUG 4456 --- [main] m.t.d.BaseDatabaseConfiguration          : 允许带事务的类为：class mao.auth_server.controller.core.OrgController
2022-11-13 13:47:20.779 DEBUG 4456 --- [main] m.t.d.BaseDatabaseConfiguration          : 允许带事务的类为：class mao.auth_server.controller.core.OrgController
2022-11-13 13:47:20.779 DEBUG 4456 --- [main] m.t.d.BaseDatabaseConfiguration          : 允许带事务的类为：class mao.auth_server.controller.core.OrgController
2022-11-13 13:47:20.779 DEBUG 4456 --- [main] m.t.d.BaseDatabaseConfiguration          : 允许带事务的类为：class mao.auth_server.controller.core.OrgController
2022-11-13 13:47:20.779 DEBUG 4456 --- [main] m.t.d.BaseDatabaseConfiguration          : 允许带事务的类为：class mao.auth_server.controller.core.OrgController
2022-11-13 13:47:20.779 DEBUG 4456 --- [main] m.t.d.BaseDatabaseConfiguration          : 允许带事务的类为：class mao.auth_server.controller.core.OrgController
2022-11-13 13:47:20.780 DEBUG 4456 --- [main] m.t.d.BaseDatabaseConfiguration          : 允许带事务的类为：class mao.auth_server.controller.core.OrgController
2022-11-13 13:47:20.780 DEBUG 4456 --- [main] m.t.d.BaseDatabaseConfiguration          : 允许带事务的类为：class mao.auth_server.controller.core.OrgController
2022-11-13 13:47:20.780 DEBUG 4456 --- [main] m.t.d.BaseDatabaseConfiguration          : 允许带事务的类为：class mao.auth_server.controller.core.OrgController
2022-11-13 13:47:20.780 DEBUG 4456 --- [main] m.t.d.BaseDatabaseConfiguration          : 允许带事务的类为：class mao.auth_server.controller.core.OrgController
2022-11-13 13:47:20.780 DEBUG 4456 --- [main] m.t.d.BaseDatabaseConfiguration          : 允许带事务的类为：class mao.auth_server.controller.core.OrgController
2022-11-13 13:47:20.780 DEBUG 4456 --- [main] m.t.d.BaseDatabaseConfiguration          : 允许带事务的类为：class mao.auth_server.controller.core.OrgController
2022-11-13 13:47:20.780 DEBUG 4456 --- [main] m.t.d.BaseDatabaseConfiguration          : 允许带事务的类为：class mao.auth_server.controller.core.OrgController
2022-11-13 13:47:20.780 DEBUG 4456 --- [main] m.t.d.BaseDatabaseConfiguration          : 允许带事务的类为：class mao.auth_server.controller.core.OrgController
2022-11-13 13:47:20.780 DEBUG 4456 --- [main] m.t.d.BaseDatabaseConfiguration          : 允许带事务的类为：class mao.auth_server.controller.core.OrgController
2022-11-13 13:47:20.780 DEBUG 4456 --- [main] m.t.d.BaseDatabaseConfiguration          : 允许带事务的类为：class mao.auth_server.controller.core.OrgController
2022-11-13 13:47:20.780 DEBUG 4456 --- [main] m.t.d.BaseDatabaseConfiguration          : 允许带事务的类为：class mao.auth_server.controller.core.OrgController
2022-11-13 13:47:20.780 DEBUG 4456 --- [main] m.t.d.BaseDatabaseConfiguration          : 允许带事务的类为：class mao.auth_server.controller.core.OrgController
2022-11-13 13:47:20.780 DEBUG 4456 --- [main] m.t.d.BaseDatabaseConfiguration          : 允许带事务的类为：class mao.auth_server.controller.core.OrgController
2022-11-13 13:47:20.785 DEBUG 4456 --- [main] m.t.d.BaseDatabaseConfiguration          : 允许带事务的类为：class mao.auth_server.controller.core.StationController
2022-11-13 13:47:20.786 DEBUG 4456 --- [main] m.t.d.BaseDatabaseConfiguration          : 允许带事务的类为：class mao.auth_server.controller.core.StationController
2022-11-13 13:47:20.786 DEBUG 4456 --- [main] m.t.d.BaseDatabaseConfiguration          : 允许带事务的类为：class mao.auth_server.controller.core.StationController
2022-11-13 13:47:20.786 DEBUG 4456 --- [main] m.t.d.BaseDatabaseConfiguration          : 允许带事务的类为：class mao.auth_server.controller.core.StationController
2022-11-13 13:47:20.787 DEBUG 4456 --- [main] m.t.d.BaseDatabaseConfiguration          : 允许带事务的类为：class mao.auth_server.controller.core.StationController
2022-11-13 13:47:20.787 DEBUG 4456 --- [main] m.t.d.BaseDatabaseConfiguration          : 允许带事务的类为：class mao.auth_server.controller.core.StationController
2022-11-13 13:47:20.787 DEBUG 4456 --- [main] m.t.d.BaseDatabaseConfiguration          : 允许带事务的类为：class mao.auth_server.controller.core.StationController
2022-11-13 13:47:20.787 DEBUG 4456 --- [main] m.t.d.BaseDatabaseConfiguration          : 允许带事务的类为：class mao.auth_server.controller.core.StationController
2022-11-13 13:47:20.787 DEBUG 4456 --- [main] m.t.d.BaseDatabaseConfiguration          : 允许带事务的类为：class mao.auth_server.controller.core.StationController
2022-11-13 13:47:20.787 DEBUG 4456 --- [main] m.t.d.BaseDatabaseConfiguration          : 允许带事务的类为：class mao.auth_server.controller.core.StationController
2022-11-13 13:47:20.787 DEBUG 4456 --- [main] m.t.d.BaseDatabaseConfiguration          : 允许带事务的类为：class mao.auth_server.controller.core.StationController
2022-11-13 13:47:20.787 DEBUG 4456 --- [main] m.t.d.BaseDatabaseConfiguration          : 允许带事务的类为：class mao.auth_server.controller.core.StationController
2022-11-13 13:47:20.787 DEBUG 4456 --- [main] m.t.d.BaseDatabaseConfiguration          : 允许带事务的类为：class mao.auth_server.controller.core.StationController
2022-11-13 13:47:20.787 DEBUG 4456 --- [main] m.t.d.BaseDatabaseConfiguration          : 允许带事务的类为：class mao.auth_server.controller.core.StationController
2022-11-13 13:47:20.788 DEBUG 4456 --- [main] m.t.d.BaseDatabaseConfiguration          : 允许带事务的类为：class mao.auth_server.controller.core.StationController
2022-11-13 13:47:20.788 DEBUG 4456 --- [main] m.t.d.BaseDatabaseConfiguration          : 允许带事务的类为：class mao.auth_server.controller.core.StationController
2022-11-13 13:47:20.788 DEBUG 4456 --- [main] m.t.d.BaseDatabaseConfiguration          : 允许带事务的类为：class mao.auth_server.controller.core.StationController
2022-11-13 13:47:20.788 DEBUG 4456 --- [main] m.t.d.BaseDatabaseConfiguration          : 允许带事务的类为：class mao.auth_server.controller.core.StationController
2022-11-13 13:47:20.788 DEBUG 4456 --- [main] m.t.d.BaseDatabaseConfiguration          : 允许带事务的类为：class mao.auth_server.controller.core.StationController
2022-11-13 13:47:20.788 DEBUG 4456 --- [main] m.t.d.BaseDatabaseConfiguration          : 允许带事务的类为：class mao.auth_server.controller.core.StationController
2022-11-13 13:47:20.788 DEBUG 4456 --- [main] m.t.d.BaseDatabaseConfiguration          : 允许带事务的类为：class mao.auth_server.controller.core.StationController
2022-11-13 13:47:20.788 DEBUG 4456 --- [main] m.t.d.BaseDatabaseConfiguration          : 允许带事务的类为：class mao.auth_server.controller.core.StationController
2022-11-13 13:47:20.788 DEBUG 4456 --- [main] m.t.d.BaseDatabaseConfiguration          : 允许带事务的类为：class mao.auth_server.controller.core.StationController
2022-11-13 13:47:20.788 DEBUG 4456 --- [main] m.t.d.BaseDatabaseConfiguration          : 允许带事务的类为：class mao.auth_server.controller.core.StationController
2022-11-13 13:47:20.788 DEBUG 4456 --- [main] m.t.d.BaseDatabaseConfiguration          : 允许带事务的类为：class mao.auth_server.controller.core.StationController
2022-11-13 13:47:20.788 DEBUG 4456 --- [main] m.t.d.BaseDatabaseConfiguration          : 允许带事务的类为：class mao.auth_server.controller.core.StationController
2022-11-13 13:47:20.788 DEBUG 4456 --- [main] m.t.d.BaseDatabaseConfiguration          : 允许带事务的类为：class mao.auth_server.controller.core.StationController
2022-11-13 13:47:20.788 DEBUG 4456 --- [main] m.t.d.BaseDatabaseConfiguration          : 允许带事务的类为：class mao.auth_server.controller.core.StationController
2022-11-13 13:47:21.107  INFO 4456 --- [main] m.t.config.LoginArgResolverConfig        : 初始化 LoginArgResolverConfig
2022-11-13 13:47:21.311  INFO 4456 --- [main] .j.a.J2CacheSpringCacheAutoConfiguration : 初始化 J2CacheSpringCacheAutoConfiguration
2022-11-13 13:47:22.624  INFO 4456 --- [main] o.s.cloud.commons.util.InetUtils         : Cannot determine local hostname
2022-11-13 13:47:22.631  INFO 4456 --- [main] com.alibaba.nacos.client.naming          : initializer namespace from System Property :null
2022-11-13 13:47:22.631  INFO 4456 --- [main] com.alibaba.nacos.client.naming          : initializer namespace from System Environment :null
2022-11-13 13:47:22.632  INFO 4456 --- [main] com.alibaba.nacos.client.naming          : initializer namespace from System Property :null
2022-11-13 13:47:22.718  INFO 4456 --- [main] mao.tools_j2cache.config.RedissonConfig  : 初始化 RedissonConfig
2022-11-13 13:47:22.721  INFO 4456 --- [main] mao.tools_j2cache.config.RedissonConfig  : 单机模式redis:127.0.0.1:6379
2022-11-13 13:47:22.879  INFO 4456 --- [main] org.redisson.Version                     : Redisson 3.17.0
2022-11-13 13:47:23.766  INFO 4456 --- [redisson-netty-4-13] o.r.c.pool.MasterPubSubConnectionPool    : 1 connections initialized for 127.0.0.1/127.0.0.1:6379
2022-11-13 13:47:23.787  INFO 4456 --- [redisson-netty-4-18] o.r.c.pool.MasterConnectionPool          : 24 connections initialized for 127.0.0.1/127.0.0.1:6379
2022-11-13 13:47:24.064  INFO 4456 --- [main] o.s.b.a.e.web.EndpointLinksResolver      : Exposing 20 endpoint(s) beneath base path '/actuator'
2022-11-13 13:47:24.285  WARN 4456 --- [main] c.n.c.sources.URLConfigurationSource     : No URLs will be polled as dynamic configuration sources.
2022-11-13 13:47:24.285  INFO 4456 --- [main] c.n.c.sources.URLConfigurationSource     : To enable URLs as dynamic configuration sources, define System property archaius.configurationSource.additionalUrls or make config.properties available on classpath.
2022-11-13 13:47:24.409  INFO 4456 --- [main] o.s.s.concurrent.ThreadPoolTaskExecutor  : Initializing ExecutorService 'applicationTaskExecutor'
2022-11-13 13:47:24.700  INFO 4456 --- [main] o.s.s.c.ThreadPoolTaskScheduler          : Initializing ExecutorService 'Nacos-Watch-Task-Scheduler'
2022-11-13 13:47:24.748  INFO 4456 --- [main] m.tools_j2cache.config.RedisUtilsConfig  : 初始化 RedisUtilsConfig
2022-11-13 13:47:24.748  INFO 4456 --- [main] m.tools_log.config.LogAutoConfiguration  : 初始化 LogAutoConfiguration
2022-11-13 13:47:24.776  INFO 4456 --- [main] pertySourcedRequestMappingHandlerMapping : Mapped URL path [/v2/api-docs] onto method [springfox.documentation.swagger2.web.Swagger2Controller#getDocumentation(String, HttpServletRequest)]
2022-11-13 13:47:24.799  INFO 4456 --- [main] m.t.config.SwaggerAutoConfiguration      : 初始化swagger接口文档
2022-11-13 13:47:24.800  INFO 4456 --- [main] m.t.config.SwaggerAutoConfiguration      : 
title：在线文档
group：
description：在线文档
version：1.0
contact：Contact{name='mao', url='https://github.com/maomao124/', email='1234@qq.com'}
basePackage：
basePath：[]
excludePath：[]
docket：{auth=DocketInfo{title='权限模块', group='', description='在线文档', version='1.0', contact=Contact{name='', url='', email=''}, basePackage='mao.auth_server.controller.auth', basePath=[], excludePath=[]}, common=DocketInfo{title='公共模块', group='', description='在线文档', version='1.0', contact=Contact{name='', url='', email=''}, basePackage='mao.auth_server.controller.common', basePath=[], excludePath=[]}, core=DocketInfo{title='组织岗位模块', group='', description='在线文档', version='1.0', contact=Contact{name='', url='', email=''}, basePackage='mao.auth_server.controller.core', basePath=[], excludePath=[]}}

2022-11-13 13:47:26.490  INFO 4456 --- [main] o.s.cloud.commons.util.InetUtils         : Cannot determine local hostname
2022-11-13 13:47:26.786  INFO 4456 --- [main] com.alibaba.nacos.client.naming          : new ips(1) service: DEFAULT_GROUP@@auth-server@@DEFAULT -> [{"instanceId":"192.168.202.1#8764#DEFAULT#DEFAULT_GROUP@@auth-server","ip":"192.168.202.1","port":8764,"weight":1.0,"healthy":true,"enabled":true,"ephemeral":false,"clusterName":"DEFAULT","serviceName":"DEFAULT_GROUP@@auth-server","metadata":{"preserved.register.source":"SPRING_CLOUD","management.endpoints.web.base-path":"/actuator","management.context-path":"/actuator"},"ipDeleteTimeout":30000,"instanceHeartBeatInterval":5000,"instanceHeartBeatTimeOut":15000}]
2022-11-13 13:47:26.798  INFO 4456 --- [main] com.alibaba.nacos.client.naming          : current ips:(1) service: DEFAULT_GROUP@@auth-server@@DEFAULT -> [{"instanceId":"192.168.202.1#8764#DEFAULT#DEFAULT_GROUP@@auth-server","ip":"192.168.202.1","port":8764,"weight":1.0,"healthy":true,"enabled":true,"ephemeral":false,"clusterName":"DEFAULT","serviceName":"DEFAULT_GROUP@@auth-server","metadata":{"preserved.register.source":"SPRING_CLOUD","management.endpoints.web.base-path":"/actuator","management.context-path":"/actuator"},"ipDeleteTimeout":30000,"instanceHeartBeatInterval":5000,"instanceHeartBeatTimeOut":15000}]
2022-11-13 13:47:26.802  INFO 4456 --- [main] d.s.w.p.DocumentationPluginsBootstrapper : Context refreshed
2022-11-13 13:47:26.843  INFO 4456 --- [main] d.s.w.p.DocumentationPluginsBootstrapper : Found 3 custom documentation plugin(s)
2022-11-13 13:47:26.929  INFO 4456 --- [main] s.d.s.w.s.ApiListingReferenceScanner     : Scanning for api listing references
2022-11-13 13:47:27.097  INFO 4456 --- [main] .d.s.w.r.o.CachingOperationNameGenerator : Generating unique operation named: deleteUsingDELETE_1
2022-11-13 13:47:27.116  INFO 4456 --- [main] .d.s.w.r.o.CachingOperationNameGenerator : Generating unique operation named: getUsingGET_1
2022-11-13 13:47:27.135  INFO 4456 --- [main] .d.s.w.r.o.CachingOperationNameGenerator : Generating unique operation named: pageUsingGET_1
2022-11-13 13:47:27.162  INFO 4456 --- [main] s.d.s.w.s.ApiListingReferenceScanner     : Scanning for api listing references
2022-11-13 13:47:27.198  INFO 4456 --- [main] .d.s.w.r.o.CachingOperationNameGenerator : Generating unique operation named: deleteUsingDELETE_2
2022-11-13 13:47:27.206  INFO 4456 --- [main] .d.s.w.r.o.CachingOperationNameGenerator : Generating unique operation named: getUsingGET_2
2022-11-13 13:47:27.217  INFO 4456 --- [main] .d.s.w.r.o.CachingOperationNameGenerator : Generating unique operation named: pageUsingGET_2
2022-11-13 13:47:27.226  INFO 4456 --- [main] .d.s.w.r.o.CachingOperationNameGenerator : Generating unique operation named: deleteUsingDELETE_3
2022-11-13 13:47:27.231  INFO 4456 --- [main] .d.s.w.r.o.CachingOperationNameGenerator : Generating unique operation named: getUsingGET_3
2022-11-13 13:47:27.242  INFO 4456 --- [main] .d.s.w.r.o.CachingOperationNameGenerator : Generating unique operation named: pageUsingGET_3
2022-11-13 13:47:27.245  INFO 4456 --- [main] .d.s.w.r.o.CachingOperationNameGenerator : Generating unique operation named: saveUsingPOST_1
2022-11-13 13:47:27.248  INFO 4456 --- [main] .d.s.w.r.o.CachingOperationNameGenerator : Generating unique operation named: updateUsingPUT_1
2022-11-13 13:47:27.261  INFO 4456 --- [main] .d.s.w.r.o.CachingOperationNameGenerator : Generating unique operation named: pageUsingGET_4
2022-11-13 13:47:27.264  INFO 4456 --- [main] .d.s.w.r.o.CachingOperationNameGenerator : Generating unique operation named: deleteUsingDELETE_4
2022-11-13 13:47:27.274  INFO 4456 --- [main] .d.s.w.r.o.CachingOperationNameGenerator : Generating unique operation named: getUsingGET_4
2022-11-13 13:47:27.284  INFO 4456 --- [main] .d.s.w.r.o.CachingOperationNameGenerator : Generating unique operation named: pageUsingGET_5
2022-11-13 13:47:27.290  INFO 4456 --- [main] .d.s.w.r.o.CachingOperationNameGenerator : Generating unique operation named: saveUsingPOST_2
2022-11-13 13:47:27.299  INFO 4456 --- [main] .d.s.w.r.o.CachingOperationNameGenerator : Generating unique operation named: updateUsingPUT_2
2022-11-13 13:47:27.308  INFO 4456 --- [main] .d.s.w.r.o.CachingOperationNameGenerator : Generating unique operation named: deleteUsingDELETE_5
2022-11-13 13:47:27.315  INFO 4456 --- [main] .d.s.w.r.o.CachingOperationNameGenerator : Generating unique operation named: getUsingGET_5
2022-11-13 13:47:27.331  INFO 4456 --- [main] .d.s.w.r.o.CachingOperationNameGenerator : Generating unique operation named: pageUsingGET_6
2022-11-13 13:47:27.338  INFO 4456 --- [main] .d.s.w.r.o.CachingOperationNameGenerator : Generating unique operation named: saveUsingPOST_3
2022-11-13 13:47:27.342  INFO 4456 --- [main] .d.s.w.r.o.CachingOperationNameGenerator : Generating unique operation named: updateUsingPUT_3
2022-11-13 13:47:27.352  INFO 4456 --- [main] s.d.s.w.s.ApiListingReferenceScanner     : Scanning for api listing references
2022-11-13 13:47:27.356  INFO 4456 --- [main] .d.s.w.r.o.CachingOperationNameGenerator : Generating unique operation named: deleteUsingDELETE_6
2022-11-13 13:47:27.360  INFO 4456 --- [main] .d.s.w.r.o.CachingOperationNameGenerator : Generating unique operation named: getUsingGET_6
2022-11-13 13:47:27.366  INFO 4456 --- [main] .d.s.w.r.o.CachingOperationNameGenerator : Generating unique operation named: pageUsingGET_7
2022-11-13 13:47:27.369  INFO 4456 --- [main] .d.s.w.r.o.CachingOperationNameGenerator : Generating unique operation named: saveUsingPOST_4
2022-11-13 13:47:27.376  INFO 4456 --- [main] .d.s.w.r.o.CachingOperationNameGenerator : Generating unique operation named: updateUsingPUT_4
2022-11-13 13:47:27.377  INFO 4456 --- [main] .d.s.w.r.o.CachingOperationNameGenerator : Generating unique operation named: deleteUsingDELETE_7
2022-11-13 13:47:27.380  INFO 4456 --- [main] .d.s.w.r.o.CachingOperationNameGenerator : Generating unique operation named: getUsingGET_7
2022-11-13 13:47:27.386  INFO 4456 --- [main] .d.s.w.r.o.CachingOperationNameGenerator : Generating unique operation named: pageUsingGET_8
2022-11-13 13:47:27.388  INFO 4456 --- [main] .d.s.w.r.o.CachingOperationNameGenerator : Generating unique operation named: saveUsingPOST_5
2022-11-13 13:47:27.390  INFO 4456 --- [main] .d.s.w.r.o.CachingOperationNameGenerator : Generating unique operation named: updateUsingPUT_5
2022-11-13 13:47:27.492  INFO 4456 --- [j2CacheRedisMessageListenerContainer-1] io.lettuce.core.EpollProvider            : Starting without optional epoll library
2022-11-13 13:47:27.494  INFO 4456 --- [j2CacheRedisMessageListenerContainer-1] io.lettuce.core.KqueueProvider           : Starting without optional kqueue library
2022-11-13 13:47:27.652  INFO 4456 --- [main] o.s.b.w.embedded.tomcat.TomcatWebServer  : Tomcat started on port(s): 8764 (http) with context path ''
2022-11-13 13:47:27.656  INFO 4456 --- [main] com.alibaba.nacos.client.naming          : [REGISTER-SERVICE] 27ce69b0-bff1-4c03-8f3e-0ea5559a5732 registering service DEFAULT_GROUP@@auth-server with instance: Instance{instanceId='null', ip='192.168.202.1', port=8764, weight=1.0, healthy=true, enabled=true, ephemeral=false, clusterName='DEFAULT', serviceName='null', metadata={preserved.register.source=SPRING_CLOUD, management.endpoints.web.base-path=/actuator, management.context-path=/actuator}}
2022-11-13 13:47:27.661  INFO 4456 --- [main] c.a.c.n.registry.NacosServiceRegistry    : nacos registry, DEFAULT_GROUP auth-server 192.168.202.1:8764 register finished
2022-11-13 13:47:28.667  INFO 4456 --- [com.alibaba.nacos.naming.push.receiver] com.alibaba.nacos.client.naming          : received push data: {"type":"dom","data":"{\"hosts\":[{\"ip\":\"192.168.202.1\",\"port\":8764,\"valid\":true,\"healthy\":true,\"marked\":false,\"instanceId\":\"192.168.202.1#8764#DEFAULT#DEFAULT_GROUP@@auth-server\",\"metadata\":{\"preserved.register.source\":\"SPRING_CLOUD\",\"management.endpoints.web.base-path\":\"/actuator\",\"management.context-path\":\"/actuator\"},\"enabled\":true,\"weight\":1.0,\"clusterName\":\"DEFAULT\",\"serviceName\":\"DEFAULT_GROUP@@auth-server\",\"ephemeral\":false}],\"dom\":\"DEFAULT_GROUP@@auth-server\",\"name\":\"DEFAULT_GROUP@@auth-server\",\"cacheMillis\":10000,\"lastRefTime\":1668318448666,\"checksum\":\"ca845fc0e25ab2aa0dfad56aedeeffd9\",\"useSpecifiedURL\":false,\"clusters\":\"DEFAULT\",\"env\":\"\",\"metadata\":{}}","lastRefTime":3404469025900} from /223.156.178.247
2022-11-13 13:47:28.900  INFO 4456 --- [main] o.s.cloud.commons.util.InetUtils         : Cannot determine local hostname
2022-11-13 13:47:28.902  INFO 4456 --- [main] mao.auth_server.AuthServerApplication    : Started AuthServerApplication in 19.116 seconds (JVM running for 20.259)
2022-11-13 13:47:28.915  INFO 4456 --- [main] c.a.n.client.config.impl.ClientWorker    : [fixed-127.0.0.1_8848-27ce69b0-bff1-4c03-8f3e-0ea5559a5732] [subscribe] auth-server-dev.yml+DEFAULT_GROUP+27ce69b0-bff1-4c03-8f3e-0ea5559a5732
2022-11-13 13:47:28.917  INFO 4456 --- [main] c.a.nacos.client.config.impl.CacheData   : [fixed-127.0.0.1_8848-27ce69b0-bff1-4c03-8f3e-0ea5559a5732] [add-listener] ok, tenant=27ce69b0-bff1-4c03-8f3e-0ea5559a5732, dataId=auth-server-dev.yml, group=DEFAULT_GROUP, cnt=1
2022-11-13 13:47:28.917  INFO 4456 --- [main] c.a.n.client.config.impl.ClientWorker    : [fixed-127.0.0.1_8848-27ce69b0-bff1-4c03-8f3e-0ea5559a5732] [subscribe] auth-server+DEFAULT_GROUP+27ce69b0-bff1-4c03-8f3e-0ea5559a5732
2022-11-13 13:47:28.917  INFO 4456 --- [main] c.a.nacos.client.config.impl.CacheData   : [fixed-127.0.0.1_8848-27ce69b0-bff1-4c03-8f3e-0ea5559a5732] [add-listener] ok, tenant=27ce69b0-bff1-4c03-8f3e-0ea5559a5732, dataId=auth-server, group=DEFAULT_GROUP, cnt=1
2022-11-13 13:47:28.921  INFO 4456 --- [main] c.a.n.client.config.impl.ClientWorker    : [fixed-127.0.0.1_8848-27ce69b0-bff1-4c03-8f3e-0ea5559a5732] [subscribe] auth-server.yml+DEFAULT_GROUP+27ce69b0-bff1-4c03-8f3e-0ea5559a5732
2022-11-13 13:47:28.922  INFO 4456 --- [main] c.a.nacos.client.config.impl.CacheData   : [fixed-127.0.0.1_8848-27ce69b0-bff1-4c03-8f3e-0ea5559a5732] [add-listener] ok, tenant=27ce69b0-bff1-4c03-8f3e-0ea5559a5732, dataId=auth-server.yml, group=DEFAULT_GROUP, cnt=1
2022-11-13 13:47:28.923  INFO 4456 --- [main] c.a.n.client.config.impl.ClientWorker    : [fixed-127.0.0.1_8848-27ce69b0-bff1-4c03-8f3e-0ea5559a5732] [subscribe] common.yml+DEFAULT_GROUP+27ce69b0-bff1-4c03-8f3e-0ea5559a5732
2022-11-13 13:47:28.923  INFO 4456 --- [main] c.a.nacos.client.config.impl.CacheData   : [fixed-127.0.0.1_8848-27ce69b0-bff1-4c03-8f3e-0ea5559a5732] [add-listener] ok, tenant=27ce69b0-bff1-4c03-8f3e-0ea5559a5732, dataId=common.yml, group=DEFAULT_GROUP, cnt=1
2022-11-13 13:47:28.924  INFO 4456 --- [main] mao.auth_server.AuthServerApplication    : 应用auth-server启动成功!swagger地址：http://223.156.178.247:8764/doc.html
2022-11-13 13:47:28.924  INFO 4456 --- [main] mao.auth_server.AuthServerApplication    : 启动耗时：19315ms
2022-11-13 13:47:29.528  INFO 4456 --- [RMI TCP Connection(11)-223.156.178.247] o.a.c.c.C.[Tomcat].[localhost].[/]       : Initializing Spring DispatcherServlet 'dispatcherServlet'
2022-11-13 13:47:29.528  INFO 4456 --- [RMI TCP Connection(11)-223.156.178.247] o.s.web.servlet.DispatcherServlet        : Initializing Servlet 'dispatcherServlet'
2022-11-13 13:47:29.548  INFO 4456 --- [RMI TCP Connection(11)-223.156.178.247] o.s.web.servlet.DispatcherServlet        : Completed initialization in 19 ms
2022-11-13 13:47:30.198  INFO 4456 --- [RMI TCP Connection(10)-223.156.178.247] com.alibaba.druid.pool.DruidDataSource   : {dataSource-1} inited
2022-11-13 13:47:40.363  INFO 4456 --- [com.alibaba.nacos.naming.push.receiver] com.alibaba.nacos.client.naming          : received push data: {"type":"dom","data":"{\"hosts\":[{\"ip\":\"192.168.202.1\",\"port\":8764,\"valid\":true,\"healthy\":true,\"marked\":false,\"instanceId\":\"192.168.202.1#8764#DEFAULT#DEFAULT_GROUP@@auth-server\",\"metadata\":{\"preserved.register.source\":\"SPRING_CLOUD\",\"management.endpoints.web.base-path\":\"/actuator\",\"management.context-path\":\"/actuator\"},\"enabled\":true,\"weight\":1.0,\"clusterName\":\"DEFAULT\",\"serviceName\":\"DEFAULT_GROUP@@auth-server\",\"ephemeral\":false}],\"dom\":\"DEFAULT_GROUP@@auth-server\",\"name\":\"DEFAULT_GROUP@@auth-server\",\"cacheMillis\":10000,\"lastRefTime\":1668318460363,\"checksum\":\"ca845fc0e25ab2aa0dfad56aedeeffd9\",\"useSpecifiedURL\":false,\"clusters\":\"DEFAULT\",\"env\":\"\",\"metadata\":{}}","lastRefTime":3416166279600} from /223.156.178.247
2022-11-13 13:54:02.690  INFO 4456 --- [com.alibaba.nacos.client.Worker.longPolling.fixed-127.0.0.1_8848-27ce69b0-bff1-4c03-8f3e-0ea5559a5732] c.a.n.client.config.impl.ClientWorker    : [fixed-127.0.0.1_8848-27ce69b0-bff1-4c03-8f3e-0ea5559a5732] [polling-resp] config changed. dataId=common.yml, group=DEFAULT_GROUP, tenant=27ce69b0-bff1-4c03-8f3e-0ea5559a5732
2022-11-13 13:54:02.691  INFO 4456 --- [com.alibaba.nacos.client.Worker.longPolling.fixed-127.0.0.1_8848-27ce69b0-bff1-4c03-8f3e-0ea5559a5732] c.a.n.client.config.impl.ClientWorker    : get changedGroupKeys:[common.yml+DEFAULT_GROUP+27ce69b0-bff1-4c03-8f3e-0ea5559a5732]
2022-11-13 13:54:02.699  INFO 4456 --- [com.alibaba.nacos.client.Worker.longPolling.fixed-127.0.0.1_8848-27ce69b0-bff1-4c03-8f3e-0ea5559a5732] c.a.n.client.config.impl.ClientWorker    : [fixed-127.0.0.1_8848-27ce69b0-bff1-4c03-8f3e-0ea5559a5732] [data-received] dataId=common.yml, group=DEFAULT_GROUP, tenant=27ce69b0-bff1-4c03-8f3e-0ea5559a5732, md5=fb9eeb94afa092c088b7714f48c29eff, content=server:
  undertow: # jetty  undertow
    io-threads: 8 # 设置IO线程数, 它主要执行非阻塞的任务,它们会负责多个连接, 默认设置每个CPU核..., type=yaml
2022-11-13 13:54:02.700  INFO 4456 --- [com.alibaba.nacos.client.Worker.longPolling.fixed-127.0.0.1_8848-27ce69b0-bff1-4c03-8f3e-0ea5559a5732] c.a.nacos.client.config.impl.CacheData   : [fixed-127.0.0.1_8848-27ce69b0-bff1-4c03-8f3e-0ea5559a5732] [notify-context] dataId=common.yml, group=DEFAULT_GROUP, md5=fb9eeb94afa092c088b7714f48c29eff
2022-11-13 13:54:04.032  INFO 4456 --- [com.alibaba.nacos.client.Worker.longPolling.fixed-127.0.0.1_8848-27ce69b0-bff1-4c03-8f3e-0ea5559a5732] o.s.cloud.commons.util.InetUtils         : Cannot determine local hostname
2022-11-13 13:54:05.437  INFO 4456 --- [com.alibaba.nacos.client.Worker.longPolling.fixed-127.0.0.1_8848-27ce69b0-bff1-4c03-8f3e-0ea5559a5732] o.s.cloud.commons.util.InetUtils         : Cannot determine local hostname
2022-11-13 13:54:05.479  WARN 4456 --- [com.alibaba.nacos.client.Worker.longPolling.fixed-127.0.0.1_8848-27ce69b0-bff1-4c03-8f3e-0ea5559a5732] c.a.c.n.c.NacosPropertySourceBuilder     : Ignore the empty nacos configuration and get it based on dataId[auth-server] & group[DEFAULT_GROUP]
2022-11-13 13:54:05.486  INFO 4456 --- [com.alibaba.nacos.client.Worker.longPolling.fixed-127.0.0.1_8848-27ce69b0-bff1-4c03-8f3e-0ea5559a5732] b.c.PropertySourceBootstrapConfiguration : Located property source: [BootstrapPropertySource {name='bootstrapProperties-auth-server-dev.yml,DEFAULT_GROUP'}, BootstrapPropertySource {name='bootstrapProperties-auth-server.yml,DEFAULT_GROUP'}, BootstrapPropertySource {name='bootstrapProperties-auth-server,DEFAULT_GROUP'}, BootstrapPropertySource {name='bootstrapProperties-mysql.yml,DEFAULT_GROUP'}, BootstrapPropertySource {name='bootstrapProperties-redis.yml,DEFAULT_GROUP'}, BootstrapPropertySource {name='bootstrapProperties-common.yml,DEFAULT_GROUP'}]
2022-11-13 13:54:05.497  INFO 4456 --- [com.alibaba.nacos.client.Worker.longPolling.fixed-127.0.0.1_8848-27ce69b0-bff1-4c03-8f3e-0ea5559a5732] o.s.boot.SpringApplication               : The following profiles are active: dev
2022-11-13 13:54:05.512  INFO 4456 --- [com.alibaba.nacos.client.Worker.longPolling.fixed-127.0.0.1_8848-27ce69b0-bff1-4c03-8f3e-0ea5559a5732] o.s.boot.SpringApplication               : Started application in 2.809 seconds (JVM running for 416.869)
2022-11-13 13:54:05.659  INFO 4456 --- [com.alibaba.nacos.client.Worker.longPolling.fixed-127.0.0.1_8848-27ce69b0-bff1-4c03-8f3e-0ea5559a5732] o.s.c.e.event.RefreshEventListener       : Refresh keys changed: [feign.httpclient.max-connections, feign.httpclient.enabled, feign.httpclient.max-connections-per-route, feign.client.config.default.loggerLevel]
2022-11-13 13:54:05.659  INFO 4456 --- [com.alibaba.nacos.client.Worker.longPolling.fixed-127.0.0.1_8848-27ce69b0-bff1-4c03-8f3e-0ea5559a5732] c.a.nacos.client.config.impl.CacheData   : [fixed-127.0.0.1_8848-27ce69b0-bff1-4c03-8f3e-0ea5559a5732] [notify-ok] dataId=common.yml, group=DEFAULT_GROUP, md5=fb9eeb94afa092c088b7714f48c29eff, listener=com.alibaba.cloud.nacos.refresh.NacosContextRefresher$1@728a8b05 
2022-11-13 13:54:05.659  INFO 4456 --- [com.alibaba.nacos.client.Worker.longPolling.fixed-127.0.0.1_8848-27ce69b0-bff1-4c03-8f3e-0ea5559a5732] c.a.nacos.client.config.impl.CacheData   : [fixed-127.0.0.1_8848-27ce69b0-bff1-4c03-8f3e-0ea5559a5732] [notify-listener] time cost=2959ms in ClientWorker, dataId=common.yml, group=DEFAULT_GROUP, md5=fb9eeb94afa092c088b7714f48c29eff, listener=com.alibaba.cloud.nacos.refresh.NacosContextRefresher$1@728a8b05 
2022-11-13 13:55:54.907  INFO 4456 --- [j2CacheRedisMessageListenerContainer-2] n.o.j.c.s.r.SpringRedisMessageListener   : Node-5912564 quit to j2cache
