2022-11-10 13:01:29.472  WARN 18964 --- [main] c.a.c.n.c.NacosPropertySourceBuilder     : Ignore the empty nacos configuration and get it based on dataId[auth-server] & group[DEFAULT_GROUP]
2022-11-10 13:01:29.488  INFO 18964 --- [main] b.c.PropertySourceBootstrapConfiguration : Located property source: [BootstrapPropertySource {name='bootstrapProperties-auth-server-dev.yml,DEFAULT_GROUP'}, BootstrapPropertySource {name='bootstrapProperties-auth-server.yml,DEFAULT_GROUP'}, BootstrapPropertySource {name='bootstrapProperties-auth-server,DEFAULT_GROUP'}, BootstrapPropertySource {name='bootstrapProperties-mysql.yml,DEFAULT_GROUP'}, BootstrapPropertySource {name='bootstrapProperties-redis.yml,DEFAULT_GROUP'}, BootstrapPropertySource {name='bootstrapProperties-common.yml,DEFAULT_GROUP'}]
2022-11-10 13:01:29.560  INFO 18964 --- [main] m.a.dao.auth.RoleOrgMapperTest           : The following profiles are active: dev
2022-11-10 13:01:30.235  INFO 18964 --- [main] o.s.c.a.ConfigurationClassParser         : Properties location [${j2cache.config-location}] not resolvable: Could not resolve placeholder 'j2cache.config-location' in value "${j2cache.config-location}"
2022-11-10 13:01:31.210  INFO 18964 --- [main] .s.d.r.c.RepositoryConfigurationDelegate : Multiple Spring Data modules found, entering strict repository configuration mode!
2022-11-10 13:01:31.213  INFO 18964 --- [main] .s.d.r.c.RepositoryConfigurationDelegate : Bootstrapping Spring Data Redis repositories in DEFAULT mode.
2022-11-10 13:01:31.243  INFO 18964 --- [main] .s.d.r.c.RepositoryConfigurationDelegate : Finished Spring Data repository scanning in 16ms. Found 0 Redis repository interfaces.
2022-11-10 13:01:31.320  WARN 18964 --- [main] o.s.boot.actuate.endpoint.EndpointId     : Endpoint ID 'service-registry' contains invalid characters, please migrate to a valid format.
2022-11-10 13:01:31.634  INFO 18964 --- [main] o.s.cloud.context.scope.GenericScope     : BeanFactory id=d58a21ed-e451-3407-bd00-5ca25b7bb20f
2022-11-10 13:01:31.797  INFO 18964 --- [main] m.t.config.ValidatorConfig               : 开启hibernate-validator快速返回
2022-11-10 13:01:31.798  INFO 18964 --- [main] trationDelegate$BeanPostProcessorChecker : Bean 'mao.tools_validator.config.ValidatorConfig' of type [mao.tools_validator.config.ValidatorConfig] is not eligible for getting processed by all BeanPostProcessors (for example: not eligible for auto-proxying)
2022-11-10 13:01:31.990  INFO 18964 --- [main] trationDelegate$BeanPostProcessorChecker : Bean 'org.springframework.transaction.annotation.ProxyTransactionManagementConfiguration' of type [org.springframework.transaction.annotation.ProxyTransactionManagementConfiguration] is not eligible for getting processed by all BeanPostProcessors (for example: not eligible for auto-proxying)
2022-11-10 13:01:32.429  INFO 18964 --- [main] mao.tools_j2cache.config.CacheConfig     : 初始化 CacheConfig
2022-11-10 13:01:32.429  INFO 18964 --- [main] trationDelegate$BeanPostProcessorChecker : Bean 'mao.tools_j2cache.config.CacheConfig' of type [mao.tools_j2cache.config.CacheConfig] is not eligible for getting processed by all BeanPostProcessors (for example: not eligible for auto-proxying)
2022-11-10 13:01:32.679  INFO 18964 --- [main] trationDelegate$BeanPostProcessorChecker : Bean 'mybatis-plus-com.baomidou.mybatisplus.autoconfigure.MybatisPlusProperties' of type [com.baomidou.mybatisplus.autoconfigure.MybatisPlusProperties] is not eligible for getting processed by all BeanPostProcessors (for example: not eligible for auto-proxying)
2022-11-10 13:01:32.691  INFO 18964 --- [main] trationDelegate$BeanPostProcessorChecker : Bean 'database-mao.tools_databases.properties.DatabaseProperties' of type [mao.tools_databases.properties.DatabaseProperties] is not eligible for getting processed by all BeanPostProcessors (for example: not eligible for auto-proxying)
2022-11-10 13:01:32.707  INFO 18964 --- [main] m.a.config.MybatisConfiguration          : 初始化 MybatisConfiguration
2022-11-10 13:01:32.707  INFO 18964 --- [main] trationDelegate$BeanPostProcessorChecker : Bean 'mybatisConfiguration' of type [mao.auth_server.config.MybatisConfiguration$$EnhancerBySpringCGLIB$$65171030] is not eligible for getting processed by all BeanPostProcessors (for example: not eligible for auto-proxying)
2022-11-10 13:01:32.726  INFO 18964 --- [main] trationDelegate$BeanPostProcessorChecker : Bean 'paginationInterceptor' of type [com.baomidou.mybatisplus.extension.plugins.PaginationInterceptor] is not eligible for getting processed by all BeanPostProcessors (for example: not eligible for auto-proxying)
2022-11-10 13:01:32.747  INFO 18964 --- [main] trationDelegate$BeanPostProcessorChecker : Bean 'getLeftLikeTypeHandler' of type [mao.tools_databases.mybatis.typehandler.LeftLikeTypeHandler] is not eligible for getting processed by all BeanPostProcessors (for example: not eligible for auto-proxying)
2022-11-10 13:01:32.764  INFO 18964 --- [main] trationDelegate$BeanPostProcessorChecker : Bean 'getRightLikeTypeHandler' of type [mao.tools_databases.mybatis.typehandler.RightLikeTypeHandler] is not eligible for getting processed by all BeanPostProcessors (for example: not eligible for auto-proxying)
2022-11-10 13:01:32.777  INFO 18964 --- [main] trationDelegate$BeanPostProcessorChecker : Bean 'getFullLikeTypeHandler' of type [mao.tools_databases.mybatis.typehandler.FullLikeTypeHandler] is not eligible for getting processed by all BeanPostProcessors (for example: not eligible for auto-proxying)
2022-11-10 13:01:32.797  INFO 18964 --- [main] m.a.config.DatabaseConfiguration         : 初始化 DatabaseConfiguration
2022-11-10 13:01:32.797  INFO 18964 --- [main] trationDelegate$BeanPostProcessorChecker : Bean 'databaseConfiguration' of type [mao.auth_server.config.DatabaseConfiguration$$EnhancerBySpringCGLIB$$7ce986de] is not eligible for getting processed by all BeanPostProcessors (for example: not eligible for auto-proxying)
2022-11-10 13:01:32.903  INFO 18964 --- [main] trationDelegate$BeanPostProcessorChecker : Bean 'spring.datasource-org.springframework.boot.autoconfigure.jdbc.DataSourceProperties' of type [org.springframework.boot.autoconfigure.jdbc.DataSourceProperties] is not eligible for getting processed by all BeanPostProcessors (for example: not eligible for auto-proxying)
2022-11-10 13:01:32.914  INFO 18964 --- [main] trationDelegate$BeanPostProcessorChecker : Bean 'com.alibaba.druid.spring.boot.autoconfigure.stat.DruidFilterConfiguration' of type [com.alibaba.druid.spring.boot.autoconfigure.stat.DruidFilterConfiguration] is not eligible for getting processed by all BeanPostProcessors (for example: not eligible for auto-proxying)
2022-11-10 13:01:32.941  INFO 18964 --- [main] trationDelegate$BeanPostProcessorChecker : Bean 'wallConfig' of type [com.alibaba.druid.wall.WallConfig] is not eligible for getting processed by all BeanPostProcessors (for example: not eligible for auto-proxying)
2022-11-10 13:01:33.012  INFO 18964 --- [main] trationDelegate$BeanPostProcessorChecker : Bean 'wallFilter' of type [com.alibaba.druid.wall.WallFilter] is not eligible for getting processed by all BeanPostProcessors (for example: not eligible for auto-proxying)
2022-11-10 13:01:33.115  INFO 18964 --- [main] trationDelegate$BeanPostProcessorChecker : Bean 'masterDruidDataSource' of type [com.alibaba.druid.spring.boot.autoconfigure.DruidDataSourceWrapper] is not eligible for getting processed by all BeanPostProcessors (for example: not eligible for auto-proxying)
2022-11-10 13:01:33.172  INFO 18964 --- [main] trationDelegate$BeanPostProcessorChecker : Bean 'org.springframework.boot.autoconfigure.jdbc.DataSourceInitializerInvoker' of type [org.springframework.boot.autoconfigure.jdbc.DataSourceInitializerInvoker] is not eligible for getting processed by all BeanPostProcessors (for example: not eligible for auto-proxying)
2022-11-10 13:01:33.197  INFO 18964 --- [main] trationDelegate$BeanPostProcessorChecker : Bean 'masterDataSource' of type [com.p6spy.engine.spy.P6DataSource] is not eligible for getting processed by all BeanPostProcessors (for example: not eligible for auto-proxying)
2022-11-10 13:01:33.217  INFO 18964 --- [main] trationDelegate$BeanPostProcessorChecker : Bean 'masterTransactionManager' of type [org.springframework.jdbc.datasource.DataSourceTransactionManager] is not eligible for getting processed by all BeanPostProcessors (for example: not eligible for auto-proxying)
2022-11-10 13:01:33.225  INFO 18964 --- [main] trationDelegate$BeanPostProcessorChecker : Bean 'masterTransactionInterceptor' of type [org.springframework.transaction.interceptor.TransactionInterceptor] is not eligible for getting processed by all BeanPostProcessors (for example: not eligible for auto-proxying)
2022-11-10 13:01:33.238  INFO 18964 --- [main] trationDelegate$BeanPostProcessorChecker : Bean 'masterAdvisor' of type [org.springframework.aop.support.DefaultPointcutAdvisor] is not eligible for getting processed by all BeanPostProcessors (for example: not eligible for auto-proxying)
2022-11-10 13:01:33.323  INFO 18964 --- [main] m.a.config.ExceptionConfiguration        : 初始化 ExceptionConfiguration
2022-11-10 13:01:33.336  INFO 18964 --- [main] m.a.config.SysLogConfiguration           : 初始化 SysLogConfiguration
2022-11-10 13:01:33.350  INFO 18964 --- [main] mao.auth_server.config.WebConfiguration  : 初始化 WebConfiguration
2022-11-10 13:01:34.110  INFO 18964 --- [main] m.t.config.LoginArgResolverConfig        : 初始化 LoginArgResolverConfig
2022-11-10 13:01:34.406  WARN 18964 --- [main] c.n.c.sources.URLConfigurationSource     : No URLs will be polled as dynamic configuration sources.
2022-11-10 13:01:34.406  INFO 18964 --- [main] c.n.c.sources.URLConfigurationSource     : To enable URLs as dynamic configuration sources, define System property archaius.configurationSource.additionalUrls or make config.properties available on classpath.
2022-11-10 13:01:34.435  INFO 18964 --- [main] c.netflix.config.DynamicPropertyFactory  : DynamicPropertyFactory is initialized with configuration sources: com.netflix.config.ConcurrentCompositeConfiguration@1ba35152
2022-11-10 13:01:34.972  INFO 18964 --- [main] .j.a.J2CacheSpringCacheAutoConfiguration : 初始化 J2CacheSpringCacheAutoConfiguration
2022-11-10 13:01:34.984  INFO 18964 --- [main] n.o.j.a.J2CacheAutoConfiguration         : 初始化 J2CacheAutoConfiguration
2022-11-10 13:01:35.118  INFO 18964 --- [main] n.o.j2cache.util.SerializationUtils      : Using Serializer -> [fst:net.oschina.j2cache.util.FSTSerializer]
2022-11-10 13:01:35.129  INFO 18964 --- [main] net.oschina.j2cache.CacheProviderHolder  : Using L1 CacheProvider : net.oschina.j2cache.caffeine.CaffeineProvider
2022-11-10 13:01:35.145  INFO 18964 --- [main] .j.a.J2CacheSpringRedisAutoConfiguration : 初始化 J2CacheSpringRedisAutoConfiguration
2022-11-10 13:01:35.682  INFO 18964 --- [main] net.oschina.j2cache.CacheProviderHolder  : Using L2 CacheProvider : net.oschina.j2cache.cache.support.redis.SpringRedisProvider
2022-11-10 13:01:35.709  INFO 18964 --- [main] net.oschina.j2cache.J2CacheBuilder       : Using cluster policy : net.oschina.j2cache.cache.support.redis.SpringRedisPubSubPolicy
2022-11-10 13:01:37.152  INFO 18964 --- [main] o.s.cloud.commons.util.InetUtils         : Cannot determine local hostname
2022-11-10 13:01:37.159  INFO 18964 --- [main] com.alibaba.nacos.client.naming          : initializer namespace from System Property :null
2022-11-10 13:01:37.159  INFO 18964 --- [main] com.alibaba.nacos.client.naming          : initializer namespace from System Environment :null
2022-11-10 13:01:37.160  INFO 18964 --- [main] com.alibaba.nacos.client.naming          : initializer namespace from System Property :null
2022-11-10 13:01:37.357  INFO 18964 --- [main] mao.tools_j2cache.config.RedissonConfig  : 初始化 RedissonConfig
2022-11-10 13:01:37.360  INFO 18964 --- [main] mao.tools_j2cache.config.RedissonConfig  : 单机模式redis:127.0.0.1:6379
2022-11-10 13:01:37.791  INFO 18964 --- [main] org.redisson.Version                     : Redisson 3.17.0
2022-11-10 13:01:38.748  INFO 18964 --- [redisson-netty-4-13] o.r.c.pool.MasterPubSubConnectionPool    : 1 connections initialized for 127.0.0.1/127.0.0.1:6379
2022-11-10 13:01:38.773  INFO 18964 --- [redisson-netty-4-19] o.r.c.pool.MasterConnectionPool          : 24 connections initialized for 127.0.0.1/127.0.0.1:6379
2022-11-10 13:01:39.198  INFO 18964 --- [main] o.s.b.a.e.web.EndpointLinksResolver      : Exposing 20 endpoint(s) beneath base path '/actuator'
2022-11-10 13:01:40.501  INFO 18964 --- [main] mao.tools_log.utils.AddressUtil          : bean [org.lionsoul.ip2region.DbConfig@272c5abd]
2022-11-10 13:01:40.501  INFO 18964 --- [main] mao.tools_log.utils.AddressUtil          : bean [org.lionsoul.ip2region.DbSearcher@60c8909a]
2022-11-10 13:01:40.709 DEBUG 18964 --- [main] mao.tools_xss.utils.XssUtils             :  start read XSS configfile [antisamy-slashdot-1.4.4.xml]
2022-11-10 13:01:40.718 DEBUG 18964 --- [main] mao.tools_xss.utils.XssUtils             : read XSS configfile [antisamy-slashdot-1.4.4.xml] success
2022-11-10 13:01:42.317  INFO 18964 --- [main] m.tools_xss.config.XssAuthConfiguration  : 初始化 XssAuthConfiguration xss攻击配置
2022-11-10 13:01:42.568  INFO 18964 --- [main] m.t.s.config.AuthServerConfiguration     : 初始化 AuthServerConfiguration
2022-11-10 13:01:43.029  WARN 18964 --- [main] c.n.c.sources.URLConfigurationSource     : No URLs will be polled as dynamic configuration sources.
2022-11-10 13:01:43.030  INFO 18964 --- [main] c.n.c.sources.URLConfigurationSource     : To enable URLs as dynamic configuration sources, define System property archaius.configurationSource.additionalUrls or make config.properties available on classpath.
2022-11-10 13:01:43.302  INFO 18964 --- [main] o.s.s.concurrent.ThreadPoolTaskExecutor  : Initializing ExecutorService 'applicationTaskExecutor'
2022-11-10 13:01:43.833  INFO 18964 --- [main] o.s.s.c.ThreadPoolTaskScheduler          : Initializing ExecutorService 'Nacos-Watch-Task-Scheduler'
2022-11-10 13:01:44.064  INFO 18964 --- [main] c.g.d.core.DozerBeanMapperBuilder        : Initializing Dozer. Version: 6.5.0, Thread Name: main
2022-11-10 13:01:44.067  INFO 18964 --- [main] c.g.dozermapper.core.util.RuntimeUtils   : OSGi support is false
2022-11-10 13:01:44.077  INFO 18964 --- [main] d.c.c.r.LegacyPropertiesSettingsResolver : Trying to find Dozer configuration file: dozer.properties
2022-11-10 13:01:44.090  INFO 18964 --- [main] d.c.c.r.LegacyPropertiesSettingsResolver : Failed to find dozer.properties via com.github.dozermapper.core.config.resolvers.LegacyPropertiesSettingsResolver.
2022-11-10 13:01:44.101  INFO 18964 --- [main] c.g.d.core.el.ELExpressionFactory        : javax.el support is true
2022-11-10 13:01:44.149  INFO 18964 --- [main] c.g.d.c.b.xml.BeanMappingXMLBuilder      : Using URL [file:/H:/%e7%a8%8b%e5%ba%8f/%e5%a4%a7%e5%9b%9b%e4%b8%8a%e6%9c%9f/authority/apps/auth/auth-server/target/classes/dozer/global.dozer.xml] to load custom xml mappings
2022-11-10 13:01:44.561  INFO 18964 --- [main] c.g.d.c.b.xml.SchemaLSResourceResolver   : Trying to resolve XML entity with public ID [null] and system ID [http://dozermapper.github.io/schema/bean-mapping.xsd]
2022-11-10 13:01:44.562  INFO 18964 --- [main] c.g.d.c.b.xml.SchemaLSResourceResolver   : Resolved public ID [null] and system ID [http://dozermapper.github.io/schema/bean-mapping.xsd]
2022-11-10 13:01:44.619  INFO 18964 --- [main] c.g.d.c.b.xml.BeanMappingXMLBuilder      : Successfully loaded custom xml mapping.
2022-11-10 13:01:44.620  INFO 18964 --- [main] c.g.d.c.b.xml.BeanMappingXMLBuilder      : Using URL [file:/H:/%e7%a8%8b%e5%ba%8f/%e5%a4%a7%e5%9b%9b%e4%b8%8a%e6%9c%9f/authority/apps/auth/auth-server/target/classes/dozer/biz.dozer.xml] to load custom xml mappings
2022-11-10 13:01:44.623  INFO 18964 --- [main] c.g.d.c.b.xml.SchemaLSResourceResolver   : Trying to resolve XML entity with public ID [null] and system ID [http://dozermapper.github.io/schema/bean-mapping.xsd]
2022-11-10 13:01:44.624  INFO 18964 --- [main] c.g.d.c.b.xml.SchemaLSResourceResolver   : Resolved public ID [null] and system ID [http://dozermapper.github.io/schema/bean-mapping.xsd]
2022-11-10 13:01:44.632  INFO 18964 --- [main] c.g.d.c.b.xml.BeanMappingXMLBuilder      : Successfully loaded custom xml mapping.
2022-11-10 13:01:44.762  INFO 18964 --- [main] m.tools_j2cache.config.RedisUtilsConfig  : 初始化 RedisUtilsConfig
2022-11-10 13:01:44.771  INFO 18964 --- [main] m.tools_log.config.LogAutoConfiguration  : 初始化 LogAutoConfiguration
2022-11-10 13:01:44.792  INFO 18964 --- [main] m.t.config.DozerAutoConfiguration        : 初始化 DozerAutoConfiguration
2022-11-10 13:01:44.901  INFO 18964 --- [main] pertySourcedRequestMappingHandlerMapping : Mapped URL path [/v2/api-docs] onto method [springfox.documentation.swagger2.web.Swagger2Controller#getDocumentation(String, HttpServletRequest)]
2022-11-10 13:01:44.930  INFO 18964 --- [main] m.t.config.SwaggerAutoConfiguration      : 初始化swagger接口文档
2022-11-10 13:01:44.931  INFO 18964 --- [main] m.t.config.SwaggerAutoConfiguration      : 
title：在线文档
group：
description：在线文档
version：1.0
contact：Contact{name='mao', url='https://github.com/maomao124/', email='1234@qq.com'}
basePackage：
basePath：[]
excludePath：[]
docket：{auth=DocketInfo{title='权限模块', group='', description='在线文档', version='1.0', contact=Contact{name='', url='', email=''}, basePackage='mao.auth_server.controller.auth', basePath=[], excludePath=[]}, common=DocketInfo{title='公共模块', group='', description='在线文档', version='1.0', contact=Contact{name='', url='', email=''}, basePackage='mao.auth_server.controller.common', basePath=[], excludePath=[]}, core=DocketInfo{title='组织岗位模块', group='', description='在线文档', version='1.0', contact=Contact{name='', url='', email=''}, basePackage='mao.auth_server.controller.core', basePath=[], excludePath=[]}}

2022-11-10 13:01:46.648  INFO 18964 --- [main] o.s.cloud.commons.util.InetUtils         : Cannot determine local hostname
2022-11-10 13:01:47.002  INFO 18964 --- [main] com.alibaba.nacos.client.naming          : new ips(1) service: DEFAULT_GROUP@@auth-server@@DEFAULT -> [{"instanceId":"192.168.202.1#8764#DEFAULT#DEFAULT_GROUP@@auth-server","ip":"192.168.202.1","port":8764,"weight":1.0,"healthy":true,"enabled":true,"ephemeral":true,"clusterName":"DEFAULT","serviceName":"DEFAULT_GROUP@@auth-server","metadata":{"preserved.register.source":"SPRING_CLOUD","management.endpoints.web.base-path":"/actuator","management.context-path":"/actuator"},"ipDeleteTimeout":30000,"instanceHeartBeatInterval":5000,"instanceHeartBeatTimeOut":15000}]
2022-11-10 13:01:47.012  INFO 18964 --- [main] com.alibaba.nacos.client.naming          : current ips:(1) service: DEFAULT_GROUP@@auth-server@@DEFAULT -> [{"instanceId":"192.168.202.1#8764#DEFAULT#DEFAULT_GROUP@@auth-server","ip":"192.168.202.1","port":8764,"weight":1.0,"healthy":true,"enabled":true,"ephemeral":true,"clusterName":"DEFAULT","serviceName":"DEFAULT_GROUP@@auth-server","metadata":{"preserved.register.source":"SPRING_CLOUD","management.endpoints.web.base-path":"/actuator","management.context-path":"/actuator"},"ipDeleteTimeout":30000,"instanceHeartBeatInterval":5000,"instanceHeartBeatTimeOut":15000}]
2022-11-10 13:01:47.015  INFO 18964 --- [main] d.s.w.p.DocumentationPluginsBootstrapper : Context refreshed
2022-11-10 13:01:47.054  INFO 18964 --- [main] d.s.w.p.DocumentationPluginsBootstrapper : Found 3 custom documentation plugin(s)
2022-11-10 13:01:47.110  INFO 18964 --- [main] s.d.s.w.s.ApiListingReferenceScanner     : Scanning for api listing references
2022-11-10 13:01:47.140  INFO 18964 --- [main] s.d.s.w.s.ApiListingReferenceScanner     : Scanning for api listing references
2022-11-10 13:01:47.149  INFO 18964 --- [main] s.d.s.w.s.ApiListingReferenceScanner     : Scanning for api listing references
2022-11-10 13:01:47.292  INFO 18964 --- [j2CacheRedisMessageListenerContainer-1] io.lettuce.core.EpollProvider            : Starting without optional epoll library
2022-11-10 13:01:47.294  INFO 18964 --- [j2CacheRedisMessageListenerContainer-1] io.lettuce.core.KqueueProvider           : Starting without optional kqueue library
2022-11-10 13:01:47.443  INFO 18964 --- [main] m.a.dao.auth.RoleOrgMapperTest           : Started RoleOrgMapperTest in 21.85 seconds (JVM running for 23.398)
2022-11-10 13:01:47.459  INFO 18964 --- [main] c.a.n.client.config.impl.ClientWorker    : [fixed-127.0.0.1_8848-27ce69b0-bff1-4c03-8f3e-0ea5559a5732] [subscribe] auth-server-dev.yml+DEFAULT_GROUP+27ce69b0-bff1-4c03-8f3e-0ea5559a5732
2022-11-10 13:01:47.462  INFO 18964 --- [main] c.a.nacos.client.config.impl.CacheData   : [fixed-127.0.0.1_8848-27ce69b0-bff1-4c03-8f3e-0ea5559a5732] [add-listener] ok, tenant=27ce69b0-bff1-4c03-8f3e-0ea5559a5732, dataId=auth-server-dev.yml, group=DEFAULT_GROUP, cnt=1
2022-11-10 13:01:47.462  INFO 18964 --- [main] c.a.n.client.config.impl.ClientWorker    : [fixed-127.0.0.1_8848-27ce69b0-bff1-4c03-8f3e-0ea5559a5732] [subscribe] auth-server+DEFAULT_GROUP+27ce69b0-bff1-4c03-8f3e-0ea5559a5732
2022-11-10 13:01:47.462  INFO 18964 --- [main] c.a.nacos.client.config.impl.CacheData   : [fixed-127.0.0.1_8848-27ce69b0-bff1-4c03-8f3e-0ea5559a5732] [add-listener] ok, tenant=27ce69b0-bff1-4c03-8f3e-0ea5559a5732, dataId=auth-server, group=DEFAULT_GROUP, cnt=1
2022-11-10 13:01:47.464  INFO 18964 --- [main] c.a.n.client.config.impl.ClientWorker    : [fixed-127.0.0.1_8848-27ce69b0-bff1-4c03-8f3e-0ea5559a5732] [subscribe] auth-server.yml+DEFAULT_GROUP+27ce69b0-bff1-4c03-8f3e-0ea5559a5732
2022-11-10 13:01:47.464  INFO 18964 --- [main] c.a.nacos.client.config.impl.CacheData   : [fixed-127.0.0.1_8848-27ce69b0-bff1-4c03-8f3e-0ea5559a5732] [add-listener] ok, tenant=27ce69b0-bff1-4c03-8f3e-0ea5559a5732, dataId=auth-server.yml, group=DEFAULT_GROUP, cnt=1
2022-11-10 13:01:47.466  INFO 18964 --- [main] c.a.n.client.config.impl.ClientWorker    : [fixed-127.0.0.1_8848-27ce69b0-bff1-4c03-8f3e-0ea5559a5732] [subscribe] common.yml+DEFAULT_GROUP+27ce69b0-bff1-4c03-8f3e-0ea5559a5732
2022-11-10 13:01:47.466  INFO 18964 --- [main] c.a.nacos.client.config.impl.CacheData   : [fixed-127.0.0.1_8848-27ce69b0-bff1-4c03-8f3e-0ea5559a5732] [add-listener] ok, tenant=27ce69b0-bff1-4c03-8f3e-0ea5559a5732, dataId=common.yml, group=DEFAULT_GROUP, cnt=1
2022-11-10 13:01:48.451  INFO 18964 --- [main] com.alibaba.druid.pool.DruidDataSource   : {dataSource-1} inited
2022-11-10 13:01:48.472 DEBUG 18964 --- [main] m.a.dao.auth.RoleOrgMapper.selectList    : ==>  Preparing: SELECT id,create_time,role_id,create_user,org_id FROM auth_role_org 
2022-11-10 13:01:48.735 DEBUG 18964 --- [main] m.a.dao.auth.RoleOrgMapper.selectList    : ==> Parameters: 
2022-11-10 13:01:48.805 DEBUG 18964 --- [main] m.a.dao.auth.RoleOrgMapper.selectList    : <==      Total: 29
2022-11-10 13:01:48.827  INFO 18964 --- [main] .b.t.c.SpringBootTestContextBootstrapper : Neither @ContextConfiguration nor @ContextHierarchy found for test class [mao.auth_server.dao.auth.RoleAuthorityMapperTest], using SpringBootContextLoader
2022-11-10 13:01:48.828  INFO 18964 --- [main] o.s.t.c.support.AbstractContextLoader    : Could not detect default resource locations for test class [mao.auth_server.dao.auth.RoleAuthorityMapperTest]: no resource found for suffixes {-context.xml, Context.groovy}.
2022-11-10 13:01:48.829  INFO 18964 --- [main] t.c.s.AnnotationConfigContextLoaderUtils : Could not detect default configuration classes for test class [mao.auth_server.dao.auth.RoleAuthorityMapperTest]: RoleAuthorityMapperTest does not declare any static, non-private, non-final, nested classes annotated with @Configuration.
2022-11-10 13:01:48.831  INFO 18964 --- [main] .b.t.c.SpringBootTestContextBootstrapper : Found @SpringBootConfiguration mao.auth_server.AuthServerApplication for test class mao.auth_server.dao.auth.RoleAuthorityMapperTest
2022-11-10 13:01:48.834  INFO 18964 --- [main] .b.t.c.SpringBootTestContextBootstrapper : Loaded default TestExecutionListener class names from location [META-INF/spring.factories]: [org.springframework.boot.test.mock.mockito.MockitoTestExecutionListener, org.springframework.boot.test.mock.mockito.ResetMocksTestExecutionListener, org.springframework.boot.test.autoconfigure.restdocs.RestDocsTestExecutionListener, org.springframework.boot.test.autoconfigure.web.client.MockRestServiceServerResetTestExecutionListener, org.springframework.boot.test.autoconfigure.web.servlet.MockMvcPrintOnlyOnFailureTestExecutionListener, org.springframework.boot.test.autoconfigure.web.servlet.WebDriverTestExecutionListener, org.springframework.test.context.web.ServletTestExecutionListener, org.springframework.test.context.support.DirtiesContextBeforeModesTestExecutionListener, org.springframework.test.context.support.DependencyInjectionTestExecutionListener, org.springframework.test.context.support.DirtiesContextTestExecutionListener, org.springframework.test.context.transaction.TransactionalTestExecutionListener, org.springframework.test.context.jdbc.SqlScriptsTestExecutionListener, org.springframework.test.context.event.EventPublishingTestExecutionListener]
2022-11-10 13:01:48.834  INFO 18964 --- [main] .b.t.c.SpringBootTestContextBootstrapper : Using TestExecutionListeners: [org.springframework.test.context.web.ServletTestExecutionListener@46cb9794, org.springframework.test.context.support.DirtiesContextBeforeModesTestExecutionListener@44252e9b, org.springframework.boot.test.mock.mockito.MockitoTestExecutionListener@7f88c53, org.springframework.boot.test.autoconfigure.SpringBootDependencyInjectionTestExecutionListener@788a7567, org.springframework.test.context.support.DirtiesContextTestExecutionListener@62672ad5, org.springframework.test.context.transaction.TransactionalTestExecutionListener@f5b81f4, org.springframework.test.context.jdbc.SqlScriptsTestExecutionListener@4c020e58, org.springframework.test.context.event.EventPublishingTestExecutionListener@67887bf2, org.springframework.boot.test.mock.mockito.ResetMocksTestExecutionListener@3ce2c454, org.springframework.boot.test.autoconfigure.restdocs.RestDocsTestExecutionListener@6f65b61d, org.springframework.boot.test.autoconfigure.web.client.MockRestServiceServerResetTestExecutionListener@33c91567, org.springframework.boot.test.autoconfigure.web.servlet.MockMvcPrintOnlyOnFailureTestExecutionListener@17baaf07, org.springframework.boot.test.autoconfigure.web.servlet.WebDriverTestExecutionListener@3d5009c0]
2022-11-10 13:01:48.844 DEBUG 18964 --- [main] m.a.d.a.RoleAuthorityMapper.selectList   : ==>  Preparing: SELECT id,authority_id,create_time,role_id,create_user,authority_type FROM auth_role_authority 
2022-11-10 13:01:48.845 DEBUG 18964 --- [main] m.a.d.a.RoleAuthorityMapper.selectList   : ==> Parameters: 
2022-11-10 13:01:48.868 DEBUG 18964 --- [main] m.a.d.a.RoleAuthorityMapper.selectList   : <==      Total: 102
2022-11-10 13:01:48.876  INFO 18964 --- [main] .b.t.c.SpringBootTestContextBootstrapper : Neither @ContextConfiguration nor @ContextHierarchy found for test class [mao.auth_server.dao.auth.UserRoleMapperTest], using SpringBootContextLoader
2022-11-10 13:01:48.878  INFO 18964 --- [main] o.s.t.c.support.AbstractContextLoader    : Could not detect default resource locations for test class [mao.auth_server.dao.auth.UserRoleMapperTest]: no resource found for suffixes {-context.xml, Context.groovy}.
2022-11-10 13:01:48.878  INFO 18964 --- [main] t.c.s.AnnotationConfigContextLoaderUtils : Could not detect default configuration classes for test class [mao.auth_server.dao.auth.UserRoleMapperTest]: UserRoleMapperTest does not declare any static, non-private, non-final, nested classes annotated with @Configuration.
2022-11-10 13:01:48.880  INFO 18964 --- [main] .b.t.c.SpringBootTestContextBootstrapper : Found @SpringBootConfiguration mao.auth_server.AuthServerApplication for test class mao.auth_server.dao.auth.UserRoleMapperTest
2022-11-10 13:01:48.883  INFO 18964 --- [main] .b.t.c.SpringBootTestContextBootstrapper : Loaded default TestExecutionListener class names from location [META-INF/spring.factories]: [org.springframework.boot.test.mock.mockito.MockitoTestExecutionListener, org.springframework.boot.test.mock.mockito.ResetMocksTestExecutionListener, org.springframework.boot.test.autoconfigure.restdocs.RestDocsTestExecutionListener, org.springframework.boot.test.autoconfigure.web.client.MockRestServiceServerResetTestExecutionListener, org.springframework.boot.test.autoconfigure.web.servlet.MockMvcPrintOnlyOnFailureTestExecutionListener, org.springframework.boot.test.autoconfigure.web.servlet.WebDriverTestExecutionListener, org.springframework.test.context.web.ServletTestExecutionListener, org.springframework.test.context.support.DirtiesContextBeforeModesTestExecutionListener, org.springframework.test.context.support.DependencyInjectionTestExecutionListener, org.springframework.test.context.support.DirtiesContextTestExecutionListener, org.springframework.test.context.transaction.TransactionalTestExecutionListener, org.springframework.test.context.jdbc.SqlScriptsTestExecutionListener, org.springframework.test.context.event.EventPublishingTestExecutionListener]
2022-11-10 13:01:48.883  INFO 18964 --- [main] .b.t.c.SpringBootTestContextBootstrapper : Using TestExecutionListeners: [org.springframework.test.context.web.ServletTestExecutionListener@2b01be54, org.springframework.test.context.support.DirtiesContextBeforeModesTestExecutionListener@14997cb9, org.springframework.boot.test.mock.mockito.MockitoTestExecutionListener@701153c1, org.springframework.boot.test.autoconfigure.SpringBootDependencyInjectionTestExecutionListener@301434fb, org.springframework.test.context.support.DirtiesContextTestExecutionListener@1641dfb3, org.springframework.test.context.transaction.TransactionalTestExecutionListener@49620576, org.springframework.test.context.jdbc.SqlScriptsTestExecutionListener@3397c8c0, org.springframework.test.context.event.EventPublishingTestExecutionListener@22b581a5, org.springframework.boot.test.mock.mockito.ResetMocksTestExecutionListener@3a917e07, org.springframework.boot.test.autoconfigure.restdocs.RestDocsTestExecutionListener@63019596, org.springframework.boot.test.autoconfigure.web.client.MockRestServiceServerResetTestExecutionListener@6edd80fe, org.springframework.boot.test.autoconfigure.web.servlet.MockMvcPrintOnlyOnFailureTestExecutionListener@60eb9c29, org.springframework.boot.test.autoconfigure.web.servlet.WebDriverTestExecutionListener@51bba775]
2022-11-10 13:01:48.894 DEBUG 18964 --- [main] m.a.dao.auth.UserRoleMapper.selectList   : ==>  Preparing: SELECT id,create_time,role_id,create_user,user_id FROM auth_user_role 
2022-11-10 13:01:48.895 DEBUG 18964 --- [main] m.a.dao.auth.UserRoleMapper.selectList   : ==> Parameters: 
2022-11-10 13:01:48.904 DEBUG 18964 --- [main] m.a.dao.auth.UserRoleMapper.selectList   : <==      Total: 7
2022-11-10 13:01:48.905 DEBUG 18964 --- [main] m.a.dao.auth.UserRoleMapperTest          : UserRole(super=SuperEntity(super=mao.auth_entity.entity.auth.UserRole@47d47b7c, id=646807547461776193, createTime=2019-11-20T20:22:17, createUser=3), roleId=646807483838377697, userId=641590096981656001)
2022-11-10 13:01:48.905 DEBUG 18964 --- [main] m.a.dao.auth.UserRoleMapperTest          : UserRole(super=SuperEntity(super=mao.auth_entity.entity.auth.UserRole@c6c632a8, id=647449120218284897, createTime=2019-11-22T14:51:39, createUser=641577229343523041), roleId=647449059488957153, userId=641577229343523041)
2022-11-10 13:01:48.905 DEBUG 18964 --- [main] m.a.dao.auth.UserRoleMapperTest          : UserRole(super=SuperEntity(super=mao.auth_entity.entity.auth.UserRole@e0856013, id=683356538315735681, createTime=2020-02-29T16:54:55, createUser=3), roleId=645198153556958497, userId=641577229343523041)
2022-11-10 13:01:48.905 DEBUG 18964 --- [main] m.a.dao.auth.UserRoleMapperTest          : UserRole(super=SuperEntity(super=mao.auth_entity.entity.auth.UserRole@ec91a2a6, id=683356538332512929, createTime=2020-02-29T16:54:55, createUser=3), roleId=645198153556958497, userId=683356335357559137)
2022-11-10 13:01:48.905 DEBUG 18964 --- [main] m.a.dao.auth.UserRoleMapperTest          : UserRole(super=SuperEntity(super=mao.auth_entity.entity.auth.UserRole@bd939a11, id=689124069395663201, createTime=2020-03-16T14:53:02, createUser=3), roleId=100, userId=3)
2022-11-10 13:01:48.905 DEBUG 18964 --- [main] m.a.dao.auth.UserRoleMapperTest          : UserRole(super=SuperEntity(super=mao.auth_entity.entity.auth.UserRole@a8b433c8, id=690652179203096993, createTime=2020-03-20T20:05:11, createUser=3), roleId=643779012732130273, userId=641590096981656001)
2022-11-10 13:01:48.905 DEBUG 18964 --- [main] m.a.dao.auth.UserRoleMapperTest          : UserRole(super=SuperEntity(super=mao.auth_entity.entity.auth.UserRole@1158dd6e, id=690652179211485633, createTime=2020-03-20T20:05:11, createUser=3), roleId=643779012732130273, userId=641577229343523041)
2022-11-10 13:01:48.905  INFO 18964 --- [main] m.a.dao.auth.UserRoleMapperTest          : 7
2022-11-10 13:01:48.910  INFO 18964 --- [main] .b.t.c.SpringBootTestContextBootstrapper : Neither @ContextConfiguration nor @ContextHierarchy found for test class [mao.auth_server.dao.common.OptLogMapperTest], using SpringBootContextLoader
2022-11-10 13:01:48.911  INFO 18964 --- [main] o.s.t.c.support.AbstractContextLoader    : Could not detect default resource locations for test class [mao.auth_server.dao.common.OptLogMapperTest]: no resource found for suffixes {-context.xml, Context.groovy}.
2022-11-10 13:01:48.911  INFO 18964 --- [main] t.c.s.AnnotationConfigContextLoaderUtils : Could not detect default configuration classes for test class [mao.auth_server.dao.common.OptLogMapperTest]: OptLogMapperTest does not declare any static, non-private, non-final, nested classes annotated with @Configuration.
2022-11-10 13:01:48.918  INFO 18964 --- [main] .b.t.c.SpringBootTestContextBootstrapper : Found @SpringBootConfiguration mao.auth_server.AuthServerApplication for test class mao.auth_server.dao.common.OptLogMapperTest
2022-11-10 13:01:48.921  INFO 18964 --- [main] .b.t.c.SpringBootTestContextBootstrapper : Loaded default TestExecutionListener class names from location [META-INF/spring.factories]: [org.springframework.boot.test.mock.mockito.MockitoTestExecutionListener, org.springframework.boot.test.mock.mockito.ResetMocksTestExecutionListener, org.springframework.boot.test.autoconfigure.restdocs.RestDocsTestExecutionListener, org.springframework.boot.test.autoconfigure.web.client.MockRestServiceServerResetTestExecutionListener, org.springframework.boot.test.autoconfigure.web.servlet.MockMvcPrintOnlyOnFailureTestExecutionListener, org.springframework.boot.test.autoconfigure.web.servlet.WebDriverTestExecutionListener, org.springframework.test.context.web.ServletTestExecutionListener, org.springframework.test.context.support.DirtiesContextBeforeModesTestExecutionListener, org.springframework.test.context.support.DependencyInjectionTestExecutionListener, org.springframework.test.context.support.DirtiesContextTestExecutionListener, org.springframework.test.context.transaction.TransactionalTestExecutionListener, org.springframework.test.context.jdbc.SqlScriptsTestExecutionListener, org.springframework.test.context.event.EventPublishingTestExecutionListener]
2022-11-10 13:01:48.921  INFO 18964 --- [main] .b.t.c.SpringBootTestContextBootstrapper : Using TestExecutionListeners: [org.springframework.test.context.web.ServletTestExecutionListener@3fe33c59, org.springframework.test.context.support.DirtiesContextBeforeModesTestExecutionListener@4a5cddd9, org.springframework.boot.test.mock.mockito.MockitoTestExecutionListener@34e700f4, org.springframework.boot.test.autoconfigure.SpringBootDependencyInjectionTestExecutionListener@38c7ad43, org.springframework.test.context.support.DirtiesContextTestExecutionListener@1ee04ff6, org.springframework.test.context.transaction.TransactionalTestExecutionListener@32fefbe6, org.springframework.test.context.jdbc.SqlScriptsTestExecutionListener@3e92bded, org.springframework.test.context.event.EventPublishingTestExecutionListener@3bbab2c9, org.springframework.boot.test.mock.mockito.ResetMocksTestExecutionListener@27b9d5b7, org.springframework.boot.test.autoconfigure.restdocs.RestDocsTestExecutionListener@625d2b6d, org.springframework.boot.test.autoconfigure.web.client.MockRestServiceServerResetTestExecutionListener@490b8f1e, org.springframework.boot.test.autoconfigure.web.servlet.MockMvcPrintOnlyOnFailureTestExecutionListener@27c9500c, org.springframework.boot.test.autoconfigure.web.servlet.WebDriverTestExecutionListener@4eb43d2f]
2022-11-10 13:01:48.931 DEBUG 18964 --- [main] m.a.dao.common.OptLogMapper.selectList   : ==>  Preparing: SELECT id,finish_time,action_method,description,request_ip,request_uri,ua,params,http_method,user_name,type,ex_desc,result,consuming_time,ex_detail,create_time,class_path,start_time,create_user FROM common_opt_log 
2022-11-10 13:01:48.933 DEBUG 18964 --- [main] m.a.dao.common.OptLogMapper.selectList   : ==> Parameters: 
2022-11-10 13:01:48.943 DEBUG 18964 --- [main] m.a.dao.common.OptLogMapper.selectList   : <==      Total: 0
2022-11-10 13:01:48.948  INFO 18964 --- [main] .b.t.c.SpringBootTestContextBootstrapper : Neither @ContextConfiguration nor @ContextHierarchy found for test class [mao.auth_server.dao.auth.MenuMapperTest], using SpringBootContextLoader
2022-11-10 13:01:48.950  INFO 18964 --- [main] o.s.t.c.support.AbstractContextLoader    : Could not detect default resource locations for test class [mao.auth_server.dao.auth.MenuMapperTest]: no resource found for suffixes {-context.xml, Context.groovy}.
2022-11-10 13:01:48.950  INFO 18964 --- [main] t.c.s.AnnotationConfigContextLoaderUtils : Could not detect default configuration classes for test class [mao.auth_server.dao.auth.MenuMapperTest]: MenuMapperTest does not declare any static, non-private, non-final, nested classes annotated with @Configuration.
2022-11-10 13:01:48.952  INFO 18964 --- [main] .b.t.c.SpringBootTestContextBootstrapper : Found @SpringBootConfiguration mao.auth_server.AuthServerApplication for test class mao.auth_server.dao.auth.MenuMapperTest
2022-11-10 13:01:48.954  INFO 18964 --- [main] .b.t.c.SpringBootTestContextBootstrapper : Loaded default TestExecutionListener class names from location [META-INF/spring.factories]: [org.springframework.boot.test.mock.mockito.MockitoTestExecutionListener, org.springframework.boot.test.mock.mockito.ResetMocksTestExecutionListener, org.springframework.boot.test.autoconfigure.restdocs.RestDocsTestExecutionListener, org.springframework.boot.test.autoconfigure.web.client.MockRestServiceServerResetTestExecutionListener, org.springframework.boot.test.autoconfigure.web.servlet.MockMvcPrintOnlyOnFailureTestExecutionListener, org.springframework.boot.test.autoconfigure.web.servlet.WebDriverTestExecutionListener, org.springframework.test.context.web.ServletTestExecutionListener, org.springframework.test.context.support.DirtiesContextBeforeModesTestExecutionListener, org.springframework.test.context.support.DependencyInjectionTestExecutionListener, org.springframework.test.context.support.DirtiesContextTestExecutionListener, org.springframework.test.context.transaction.TransactionalTestExecutionListener, org.springframework.test.context.jdbc.SqlScriptsTestExecutionListener, org.springframework.test.context.event.EventPublishingTestExecutionListener]
2022-11-10 13:01:48.955  INFO 18964 --- [main] .b.t.c.SpringBootTestContextBootstrapper : Using TestExecutionListeners: [org.springframework.test.context.web.ServletTestExecutionListener@5c70eda4, org.springframework.test.context.support.DirtiesContextBeforeModesTestExecutionListener@77ac7cd6, org.springframework.boot.test.mock.mockito.MockitoTestExecutionListener@12830e23, org.springframework.boot.test.autoconfigure.SpringBootDependencyInjectionTestExecutionListener@81f9b01, org.springframework.test.context.support.DirtiesContextTestExecutionListener@53d94a6b, org.springframework.test.context.transaction.TransactionalTestExecutionListener@4707d60a, org.springframework.test.context.jdbc.SqlScriptsTestExecutionListener@4d7f3adf, org.springframework.test.context.event.EventPublishingTestExecutionListener@394c77e2, org.springframework.boot.test.mock.mockito.ResetMocksTestExecutionListener@20dfe8b2, org.springframework.boot.test.autoconfigure.restdocs.RestDocsTestExecutionListener@5911dd25, org.springframework.boot.test.autoconfigure.web.client.MockRestServiceServerResetTestExecutionListener@6d8cbd1a, org.springframework.boot.test.autoconfigure.web.servlet.MockMvcPrintOnlyOnFailureTestExecutionListener@3725242e, org.springframework.boot.test.autoconfigure.web.servlet.WebDriverTestExecutionListener@6860c000]
2022-11-10 13:01:48.964 DEBUG 18964 --- [main] m.a.dao.auth.MenuMapper.selectList       : ==>  Preparing: SELECT id,icon,update_user,update_time,parent_id,is_enable,sort_value,path,component,create_time,name,is_public,create_user,describe_,group_ FROM auth_menu 
2022-11-10 13:01:48.965 DEBUG 18964 --- [main] m.a.dao.auth.MenuMapper.selectList       : ==> Parameters: 
2022-11-10 13:01:48.981 DEBUG 18964 --- [main] m.a.dao.auth.MenuMapper.selectList       : <==      Total: 18
2022-11-10 13:01:49.141  INFO 18964 --- [main] .b.t.c.SpringBootTestContextBootstrapper : Neither @ContextConfiguration nor @ContextHierarchy found for test class [mao.auth_server.dao.auth.UserMapperTest], using SpringBootContextLoader
2022-11-10 13:01:49.143  INFO 18964 --- [main] o.s.t.c.support.AbstractContextLoader    : Could not detect default resource locations for test class [mao.auth_server.dao.auth.UserMapperTest]: no resource found for suffixes {-context.xml, Context.groovy}.
2022-11-10 13:01:49.143  INFO 18964 --- [main] t.c.s.AnnotationConfigContextLoaderUtils : Could not detect default configuration classes for test class [mao.auth_server.dao.auth.UserMapperTest]: UserMapperTest does not declare any static, non-private, non-final, nested classes annotated with @Configuration.
2022-11-10 13:01:49.145  INFO 18964 --- [main] .b.t.c.SpringBootTestContextBootstrapper : Found @SpringBootConfiguration mao.auth_server.AuthServerApplication for test class mao.auth_server.dao.auth.UserMapperTest
2022-11-10 13:01:49.147  INFO 18964 --- [main] .b.t.c.SpringBootTestContextBootstrapper : Loaded default TestExecutionListener class names from location [META-INF/spring.factories]: [org.springframework.boot.test.mock.mockito.MockitoTestExecutionListener, org.springframework.boot.test.mock.mockito.ResetMocksTestExecutionListener, org.springframework.boot.test.autoconfigure.restdocs.RestDocsTestExecutionListener, org.springframework.boot.test.autoconfigure.web.client.MockRestServiceServerResetTestExecutionListener, org.springframework.boot.test.autoconfigure.web.servlet.MockMvcPrintOnlyOnFailureTestExecutionListener, org.springframework.boot.test.autoconfigure.web.servlet.WebDriverTestExecutionListener, org.springframework.test.context.web.ServletTestExecutionListener, org.springframework.test.context.support.DirtiesContextBeforeModesTestExecutionListener, org.springframework.test.context.support.DependencyInjectionTestExecutionListener, org.springframework.test.context.support.DirtiesContextTestExecutionListener, org.springframework.test.context.transaction.TransactionalTestExecutionListener, org.springframework.test.context.jdbc.SqlScriptsTestExecutionListener, org.springframework.test.context.event.EventPublishingTestExecutionListener]
2022-11-10 13:01:49.147  INFO 18964 --- [main] .b.t.c.SpringBootTestContextBootstrapper : Using TestExecutionListeners: [org.springframework.test.context.web.ServletTestExecutionListener@313c3cb, org.springframework.test.context.support.DirtiesContextBeforeModesTestExecutionListener@63fef83c, org.springframework.boot.test.mock.mockito.MockitoTestExecutionListener@5e752a2a, org.springframework.boot.test.autoconfigure.SpringBootDependencyInjectionTestExecutionListener@52811dc1, org.springframework.test.context.support.DirtiesContextTestExecutionListener@4f9191c1, org.springframework.test.context.transaction.TransactionalTestExecutionListener@5bbaaf17, org.springframework.test.context.jdbc.SqlScriptsTestExecutionListener@2c69ea30, org.springframework.test.context.event.EventPublishingTestExecutionListener@76dc9569, org.springframework.boot.test.mock.mockito.ResetMocksTestExecutionListener@35800dea, org.springframework.boot.test.autoconfigure.restdocs.RestDocsTestExecutionListener@3b4cce5a, org.springframework.boot.test.autoconfigure.web.client.MockRestServiceServerResetTestExecutionListener@58178b69, org.springframework.boot.test.autoconfigure.web.servlet.MockMvcPrintOnlyOnFailureTestExecutionListener@4a723adf, org.springframework.boot.test.autoconfigure.web.servlet.WebDriverTestExecutionListener@7f289126]
2022-11-10 13:01:49.155 DEBUG 18964 --- [main] m.a.dao.auth.UserMapper.selectList       : ==>  Preparing: SELECT id,password_error_last_time,sex,mobile,password_error_num,update_user,update_time,work_describe,avatar,org_id,last_login_time,password,password_expire_time,create_time,name,create_user,email,account,status,station_id FROM auth_user 
2022-11-10 13:01:49.156 DEBUG 18964 --- [main] m.a.dao.auth.UserMapper.selectList       : ==> Parameters: 
2022-11-10 13:01:49.167 DEBUG 18964 --- [main] m.a.dao.auth.UserMapper.selectList       : <==      Total: 5
2022-11-10 13:01:49.178 DEBUG 18964 --- [main] m.a.d.a.U.incrPasswordErrorNumById       : ==>  Preparing: update auth_user set password_error_num = password_error_num + 1, password_error_last_time = SYSDATE() where id = ? 
2022-11-10 13:01:49.232 DEBUG 18964 --- [main] m.a.d.a.U.incrPasswordErrorNumById       : ==> Parameters: 3(Long)
2022-11-10 13:01:49.241 DEBUG 18964 --- [main] m.a.d.a.U.incrPasswordErrorNumById       : <==    Updates: 1
2022-11-10 13:01:49.248 DEBUG 18964 --- [main] m.a.d.auth.UserMapper.resetPassErrorNum  : ==>  Preparing: update auth_user set password_error_num = 0, password_error_last_time = SYSDATE() where id = ? 
2022-11-10 13:01:49.249 DEBUG 18964 --- [main] m.a.d.auth.UserMapper.resetPassErrorNum  : ==> Parameters: 3(Long)
2022-11-10 13:01:49.252 DEBUG 18964 --- [main] m.a.d.auth.UserMapper.resetPassErrorNum  : <==    Updates: 1
2022-11-10 13:01:49.259 DEBUG 18964 --- [main] m.a.d.auth.UserMapper.findUserByRoleId   : ==>  Preparing: SELECT u.id as id, account, name, mobile, sex FROM auth_user u INNER JOIN auth_user_role ur on u.id = ur.user_id where ur.role_id = ? 
2022-11-10 13:01:49.263 DEBUG 18964 --- [main] m.a.d.auth.UserMapper.findUserByRoleId   : ==> Parameters: 100(Long)
2022-11-10 13:01:49.267 DEBUG 18964 --- [main] m.a.d.auth.UserMapper.findUserByRoleId   : <==      Total: 1
2022-11-10 13:01:49.275  INFO 18964 --- [main] .b.t.c.SpringBootTestContextBootstrapper : Neither @ContextConfiguration nor @ContextHierarchy found for test class [mao.auth_server.AuthServerApplicationTests], using SpringBootContextLoader
2022-11-10 13:01:49.276  INFO 18964 --- [main] o.s.t.c.support.AbstractContextLoader    : Could not detect default resource locations for test class [mao.auth_server.AuthServerApplicationTests]: no resource found for suffixes {-context.xml, Context.groovy}.
2022-11-10 13:01:49.276  INFO 18964 --- [main] t.c.s.AnnotationConfigContextLoaderUtils : Could not detect default configuration classes for test class [mao.auth_server.AuthServerApplicationTests]: AuthServerApplicationTests does not declare any static, non-private, non-final, nested classes annotated with @Configuration.
2022-11-10 13:01:49.279  INFO 18964 --- [main] .b.t.c.SpringBootTestContextBootstrapper : Found @SpringBootConfiguration mao.auth_server.AuthServerApplication for test class mao.auth_server.AuthServerApplicationTests
2022-11-10 13:01:49.281  INFO 18964 --- [main] .b.t.c.SpringBootTestContextBootstrapper : Loaded default TestExecutionListener class names from location [META-INF/spring.factories]: [org.springframework.boot.test.mock.mockito.MockitoTestExecutionListener, org.springframework.boot.test.mock.mockito.ResetMocksTestExecutionListener, org.springframework.boot.test.autoconfigure.restdocs.RestDocsTestExecutionListener, org.springframework.boot.test.autoconfigure.web.client.MockRestServiceServerResetTestExecutionListener, org.springframework.boot.test.autoconfigure.web.servlet.MockMvcPrintOnlyOnFailureTestExecutionListener, org.springframework.boot.test.autoconfigure.web.servlet.WebDriverTestExecutionListener, org.springframework.test.context.web.ServletTestExecutionListener, org.springframework.test.context.support.DirtiesContextBeforeModesTestExecutionListener, org.springframework.test.context.support.DependencyInjectionTestExecutionListener, org.springframework.test.context.support.DirtiesContextTestExecutionListener, org.springframework.test.context.transaction.TransactionalTestExecutionListener, org.springframework.test.context.jdbc.SqlScriptsTestExecutionListener, org.springframework.test.context.event.EventPublishingTestExecutionListener]
2022-11-10 13:01:49.281  INFO 18964 --- [main] .b.t.c.SpringBootTestContextBootstrapper : Using TestExecutionListeners: [org.springframework.test.context.web.ServletTestExecutionListener@45cce4c2, org.springframework.test.context.support.DirtiesContextBeforeModesTestExecutionListener@9d4d221, org.springframework.boot.test.mock.mockito.MockitoTestExecutionListener@4dfe5727, org.springframework.boot.test.autoconfigure.SpringBootDependencyInjectionTestExecutionListener@3129792a, org.springframework.test.context.support.DirtiesContextTestExecutionListener@13617139, org.springframework.test.context.transaction.TransactionalTestExecutionListener@3c0becae, org.springframework.test.context.jdbc.SqlScriptsTestExecutionListener@373c367, org.springframework.test.context.event.EventPublishingTestExecutionListener@79690a0a, org.springframework.boot.test.mock.mockito.ResetMocksTestExecutionListener@619944a7, org.springframework.boot.test.autoconfigure.restdocs.RestDocsTestExecutionListener@294aaa6, org.springframework.boot.test.autoconfigure.web.client.MockRestServiceServerResetTestExecutionListener@1f612968, org.springframework.boot.test.autoconfigure.web.servlet.MockMvcPrintOnlyOnFailureTestExecutionListener@2ee949d4, org.springframework.boot.test.autoconfigure.web.servlet.WebDriverTestExecutionListener@57e9cd2]
2022-11-10 13:01:49.288  INFO 18964 --- [main] .b.t.c.SpringBootTestContextBootstrapper : Neither @ContextConfiguration nor @ContextHierarchy found for test class [mao.auth_server.dao.core.StationMapperTest], using SpringBootContextLoader
2022-11-10 13:01:49.289  INFO 18964 --- [main] o.s.t.c.support.AbstractContextLoader    : Could not detect default resource locations for test class [mao.auth_server.dao.core.StationMapperTest]: no resource found for suffixes {-context.xml, Context.groovy}.
2022-11-10 13:01:49.289  INFO 18964 --- [main] t.c.s.AnnotationConfigContextLoaderUtils : Could not detect default configuration classes for test class [mao.auth_server.dao.core.StationMapperTest]: StationMapperTest does not declare any static, non-private, non-final, nested classes annotated with @Configuration.
2022-11-10 13:01:49.294  INFO 18964 --- [main] .b.t.c.SpringBootTestContextBootstrapper : Found @SpringBootConfiguration mao.auth_server.AuthServerApplication for test class mao.auth_server.dao.core.StationMapperTest
2022-11-10 13:01:49.296  INFO 18964 --- [main] .b.t.c.SpringBootTestContextBootstrapper : Loaded default TestExecutionListener class names from location [META-INF/spring.factories]: [org.springframework.boot.test.mock.mockito.MockitoTestExecutionListener, org.springframework.boot.test.mock.mockito.ResetMocksTestExecutionListener, org.springframework.boot.test.autoconfigure.restdocs.RestDocsTestExecutionListener, org.springframework.boot.test.autoconfigure.web.client.MockRestServiceServerResetTestExecutionListener, org.springframework.boot.test.autoconfigure.web.servlet.MockMvcPrintOnlyOnFailureTestExecutionListener, org.springframework.boot.test.autoconfigure.web.servlet.WebDriverTestExecutionListener, org.springframework.test.context.web.ServletTestExecutionListener, org.springframework.test.context.support.DirtiesContextBeforeModesTestExecutionListener, org.springframework.test.context.support.DependencyInjectionTestExecutionListener, org.springframework.test.context.support.DirtiesContextTestExecutionListener, org.springframework.test.context.transaction.TransactionalTestExecutionListener, org.springframework.test.context.jdbc.SqlScriptsTestExecutionListener, org.springframework.test.context.event.EventPublishingTestExecutionListener]
2022-11-10 13:01:49.296  INFO 18964 --- [main] .b.t.c.SpringBootTestContextBootstrapper : Using TestExecutionListeners: [org.springframework.test.context.web.ServletTestExecutionListener@34a48013, org.springframework.test.context.support.DirtiesContextBeforeModesTestExecutionListener@50e7d8ba, org.springframework.boot.test.mock.mockito.MockitoTestExecutionListener@210e4678, org.springframework.boot.test.autoconfigure.SpringBootDependencyInjectionTestExecutionListener@4548bfc7, org.springframework.test.context.support.DirtiesContextTestExecutionListener@557c0b65, org.springframework.test.context.transaction.TransactionalTestExecutionListener@3b303b78, org.springframework.test.context.jdbc.SqlScriptsTestExecutionListener@685e97e0, org.springframework.test.context.event.EventPublishingTestExecutionListener@68e8bbab, org.springframework.boot.test.mock.mockito.ResetMocksTestExecutionListener@5dfaa2f0, org.springframework.boot.test.autoconfigure.restdocs.RestDocsTestExecutionListener@672ba9cc, org.springframework.boot.test.autoconfigure.web.client.MockRestServiceServerResetTestExecutionListener@7bd6c35e, org.springframework.boot.test.autoconfigure.web.servlet.MockMvcPrintOnlyOnFailureTestExecutionListener@564e0a6c, org.springframework.boot.test.autoconfigure.web.servlet.WebDriverTestExecutionListener@5eabcf77]
2022-11-10 13:01:49.309 DEBUG 18964 --- [main] m.a.dao.core.StationMapper.selectList    : ==>  Preparing: SELECT id,create_time,name,update_user,update_time,create_user,describe_,org_id,status FROM core_station 
2022-11-10 13:01:49.310 DEBUG 18964 --- [main] m.a.dao.core.StationMapper.selectList    : ==> Parameters: 
2022-11-10 13:01:49.321 DEBUG 18964 --- [main] m.a.dao.core.StationMapper.selectList    : <==      Total: 22
2022-11-10 13:01:49.325  INFO 18964 --- [main] .b.t.c.SpringBootTestContextBootstrapper : Neither @ContextConfiguration nor @ContextHierarchy found for test class [mao.auth_server.dao.auth.ResourceMapperTest], using SpringBootContextLoader
2022-11-10 13:01:49.326  INFO 18964 --- [main] o.s.t.c.support.AbstractContextLoader    : Could not detect default resource locations for test class [mao.auth_server.dao.auth.ResourceMapperTest]: no resource found for suffixes {-context.xml, Context.groovy}.
2022-11-10 13:01:49.326  INFO 18964 --- [main] t.c.s.AnnotationConfigContextLoaderUtils : Could not detect default configuration classes for test class [mao.auth_server.dao.auth.ResourceMapperTest]: ResourceMapperTest does not declare any static, non-private, non-final, nested classes annotated with @Configuration.
2022-11-10 13:01:49.327  INFO 18964 --- [main] .b.t.c.SpringBootTestContextBootstrapper : Found @SpringBootConfiguration mao.auth_server.AuthServerApplication for test class mao.auth_server.dao.auth.ResourceMapperTest
2022-11-10 13:01:49.329  INFO 18964 --- [main] .b.t.c.SpringBootTestContextBootstrapper : Loaded default TestExecutionListener class names from location [META-INF/spring.factories]: [org.springframework.boot.test.mock.mockito.MockitoTestExecutionListener, org.springframework.boot.test.mock.mockito.ResetMocksTestExecutionListener, org.springframework.boot.test.autoconfigure.restdocs.RestDocsTestExecutionListener, org.springframework.boot.test.autoconfigure.web.client.MockRestServiceServerResetTestExecutionListener, org.springframework.boot.test.autoconfigure.web.servlet.MockMvcPrintOnlyOnFailureTestExecutionListener, org.springframework.boot.test.autoconfigure.web.servlet.WebDriverTestExecutionListener, org.springframework.test.context.web.ServletTestExecutionListener, org.springframework.test.context.support.DirtiesContextBeforeModesTestExecutionListener, org.springframework.test.context.support.DependencyInjectionTestExecutionListener, org.springframework.test.context.support.DirtiesContextTestExecutionListener, org.springframework.test.context.transaction.TransactionalTestExecutionListener, org.springframework.test.context.jdbc.SqlScriptsTestExecutionListener, org.springframework.test.context.event.EventPublishingTestExecutionListener]
2022-11-10 13:01:49.329  INFO 18964 --- [main] .b.t.c.SpringBootTestContextBootstrapper : Using TestExecutionListeners: [org.springframework.test.context.web.ServletTestExecutionListener@47c06b1a, org.springframework.test.context.support.DirtiesContextBeforeModesTestExecutionListener@61799152, org.springframework.boot.test.mock.mockito.MockitoTestExecutionListener@5c39da9e, org.springframework.boot.test.autoconfigure.SpringBootDependencyInjectionTestExecutionListener@e38b953, org.springframework.test.context.support.DirtiesContextTestExecutionListener@4a648b35, org.springframework.test.context.transaction.TransactionalTestExecutionListener@673a702a, org.springframework.test.context.jdbc.SqlScriptsTestExecutionListener@75c5ab79, org.springframework.test.context.event.EventPublishingTestExecutionListener@3e7c66b3, org.springframework.boot.test.mock.mockito.ResetMocksTestExecutionListener@502f6f6a, org.springframework.boot.test.autoconfigure.restdocs.RestDocsTestExecutionListener@64a0ee65, org.springframework.boot.test.autoconfigure.web.client.MockRestServiceServerResetTestExecutionListener@3ce60feb, org.springframework.boot.test.autoconfigure.web.servlet.MockMvcPrintOnlyOnFailureTestExecutionListener@61f2bf3a, org.springframework.boot.test.autoconfigure.web.servlet.WebDriverTestExecutionListener@4a0dd851]
2022-11-10 13:01:49.337 DEBUG 18964 --- [main] m.a.d.a.R.findMenuIdByResourceId         : ==>  Preparing: SELECT DISTINCT menu_id from auth_resource where id in ( ? , ? ) 
2022-11-10 13:01:49.338 DEBUG 18964 --- [main] m.a.d.a.R.findMenuIdByResourceId         : ==> Parameters: 643445704177487105(Long), 603982542332235201(Long)
2022-11-10 13:01:49.349 DEBUG 18964 --- [main] m.a.d.a.R.findMenuIdByResourceId         : <==      Total: 1
2022-11-10 13:01:49.355 DEBUG 18964 --- [main] m.a.dao.auth.ResourceMapper.selectList   : ==>  Preparing: SELECT id,code,method,create_time,name,menu_id,update_user,update_time,create_user,describe_,url FROM auth_resource 
2022-11-10 13:01:49.357 DEBUG 18964 --- [main] m.a.dao.auth.ResourceMapper.selectList   : ==> Parameters: 
2022-11-10 13:01:49.363 DEBUG 18964 --- [main] m.a.dao.auth.ResourceMapper.selectList   : <==      Total: 48
2022-11-10 13:01:49.372 DEBUG 18964 --- [main] m.a.d.a.R.findVisibleResource            : ==>  Preparing: SELECT id, create_user, create_time, update_user, update_time, code, name, menu_id, describe_,method,url from auth_resource where 1=1 and id in ( SELECT authority_id FROM auth_role_authority ra INNER JOIN auth_user_role ur on ra.role_id = ur.role_id INNER JOIN auth_role r on r.id = ra.role_id where ur.user_id = ? and r.`status` = true and ra.authority_type = 'RESOURCE' ) 
2022-11-10 13:01:49.377 DEBUG 18964 --- [main] m.a.d.a.R.findVisibleResource            : ==> Parameters: 3(Long)
2022-11-10 13:01:49.392 DEBUG 18964 --- [main] m.a.d.a.R.findVisibleResource            : <==      Total: 48
2022-11-10 13:01:49.397  INFO 18964 --- [main] .b.t.c.SpringBootTestContextBootstrapper : Neither @ContextConfiguration nor @ContextHierarchy found for test class [mao.auth_server.dao.auth.RoleMapperTest], using SpringBootContextLoader
2022-11-10 13:01:49.398  INFO 18964 --- [main] o.s.t.c.support.AbstractContextLoader    : Could not detect default resource locations for test class [mao.auth_server.dao.auth.RoleMapperTest]: no resource found for suffixes {-context.xml, Context.groovy}.
2022-11-10 13:01:49.399  INFO 18964 --- [main] t.c.s.AnnotationConfigContextLoaderUtils : Could not detect default configuration classes for test class [mao.auth_server.dao.auth.RoleMapperTest]: RoleMapperTest does not declare any static, non-private, non-final, nested classes annotated with @Configuration.
2022-11-10 13:01:49.400  INFO 18964 --- [main] .b.t.c.SpringBootTestContextBootstrapper : Found @SpringBootConfiguration mao.auth_server.AuthServerApplication for test class mao.auth_server.dao.auth.RoleMapperTest
2022-11-10 13:01:49.403  INFO 18964 --- [main] .b.t.c.SpringBootTestContextBootstrapper : Loaded default TestExecutionListener class names from location [META-INF/spring.factories]: [org.springframework.boot.test.mock.mockito.MockitoTestExecutionListener, org.springframework.boot.test.mock.mockito.ResetMocksTestExecutionListener, org.springframework.boot.test.autoconfigure.restdocs.RestDocsTestExecutionListener, org.springframework.boot.test.autoconfigure.web.client.MockRestServiceServerResetTestExecutionListener, org.springframework.boot.test.autoconfigure.web.servlet.MockMvcPrintOnlyOnFailureTestExecutionListener, org.springframework.boot.test.autoconfigure.web.servlet.WebDriverTestExecutionListener, org.springframework.test.context.web.ServletTestExecutionListener, org.springframework.test.context.support.DirtiesContextBeforeModesTestExecutionListener, org.springframework.test.context.support.DependencyInjectionTestExecutionListener, org.springframework.test.context.support.DirtiesContextTestExecutionListener, org.springframework.test.context.transaction.TransactionalTestExecutionListener, org.springframework.test.context.jdbc.SqlScriptsTestExecutionListener, org.springframework.test.context.event.EventPublishingTestExecutionListener]
2022-11-10 13:01:49.403  INFO 18964 --- [main] .b.t.c.SpringBootTestContextBootstrapper : Using TestExecutionListeners: [org.springframework.test.context.web.ServletTestExecutionListener@4075c0d8, org.springframework.test.context.support.DirtiesContextBeforeModesTestExecutionListener@3670af2b, org.springframework.boot.test.mock.mockito.MockitoTestExecutionListener@7c8537e9, org.springframework.boot.test.autoconfigure.SpringBootDependencyInjectionTestExecutionListener@42d4de20, org.springframework.test.context.support.DirtiesContextTestExecutionListener@2cc9a5a2, org.springframework.test.context.transaction.TransactionalTestExecutionListener@1ff35ee7, org.springframework.test.context.jdbc.SqlScriptsTestExecutionListener@4a9c188f, org.springframework.test.context.event.EventPublishingTestExecutionListener@2e5dea22, org.springframework.boot.test.mock.mockito.ResetMocksTestExecutionListener@4fd8aefe, org.springframework.boot.test.autoconfigure.restdocs.RestDocsTestExecutionListener@4a59d584, org.springframework.boot.test.autoconfigure.web.client.MockRestServiceServerResetTestExecutionListener@60abe420, org.springframework.boot.test.autoconfigure.web.servlet.MockMvcPrintOnlyOnFailureTestExecutionListener@21e60eed, org.springframework.boot.test.autoconfigure.web.servlet.WebDriverTestExecutionListener@2b43eb71]
2022-11-10 13:01:49.411 DEBUG 18964 --- [main] m.a.dao.auth.RoleMapper.selectList       : ==>  Preparing: SELECT id,code,readonly,create_time,name,update_user,update_time,create_user,describe_,status FROM auth_role 
2022-11-10 13:01:49.412 DEBUG 18964 --- [main] m.a.dao.auth.RoleMapper.selectList       : ==> Parameters: 
2022-11-10 13:01:49.413 DEBUG 18964 --- [main] m.a.dao.auth.RoleMapper.selectList       : <==      Total: 3
2022-11-10 13:01:49.422 DEBUG 18964 --- [main] m.a.d.auth.RoleMapper.findRoleByUserId   : ==>  Preparing: select r.id, r.name, r.code, r.describe_, r.status, r.readonly from auth_role r INNER JOIN auth_user_role ur on r.id = ur.role_id where status = true and ur.user_id = ? 
2022-11-10 13:01:49.423 DEBUG 18964 --- [main] m.a.d.auth.RoleMapper.findRoleByUserId   : ==> Parameters: 3(Long)
2022-11-10 13:01:49.425 DEBUG 18964 --- [main] m.a.d.auth.RoleMapper.findRoleByUserId   : <==      Total: 1
2022-11-10 13:01:49.429  INFO 18964 --- [main] .b.t.c.SpringBootTestContextBootstrapper : Neither @ContextConfiguration nor @ContextHierarchy found for test class [mao.auth_server.dao.common.LoginLogMapperTest], using SpringBootContextLoader
2022-11-10 13:01:49.431  INFO 18964 --- [main] o.s.t.c.support.AbstractContextLoader    : Could not detect default resource locations for test class [mao.auth_server.dao.common.LoginLogMapperTest]: no resource found for suffixes {-context.xml, Context.groovy}.
2022-11-10 13:01:49.431  INFO 18964 --- [main] t.c.s.AnnotationConfigContextLoaderUtils : Could not detect default configuration classes for test class [mao.auth_server.dao.common.LoginLogMapperTest]: LoginLogMapperTest does not declare any static, non-private, non-final, nested classes annotated with @Configuration.
2022-11-10 13:01:49.432  INFO 18964 --- [main] .b.t.c.SpringBootTestContextBootstrapper : Found @SpringBootConfiguration mao.auth_server.AuthServerApplication for test class mao.auth_server.dao.common.LoginLogMapperTest
2022-11-10 13:01:49.434  INFO 18964 --- [main] .b.t.c.SpringBootTestContextBootstrapper : Loaded default TestExecutionListener class names from location [META-INF/spring.factories]: [org.springframework.boot.test.mock.mockito.MockitoTestExecutionListener, org.springframework.boot.test.mock.mockito.ResetMocksTestExecutionListener, org.springframework.boot.test.autoconfigure.restdocs.RestDocsTestExecutionListener, org.springframework.boot.test.autoconfigure.web.client.MockRestServiceServerResetTestExecutionListener, org.springframework.boot.test.autoconfigure.web.servlet.MockMvcPrintOnlyOnFailureTestExecutionListener, org.springframework.boot.test.autoconfigure.web.servlet.WebDriverTestExecutionListener, org.springframework.test.context.web.ServletTestExecutionListener, org.springframework.test.context.support.DirtiesContextBeforeModesTestExecutionListener, org.springframework.test.context.support.DependencyInjectionTestExecutionListener, org.springframework.test.context.support.DirtiesContextTestExecutionListener, org.springframework.test.context.transaction.TransactionalTestExecutionListener, org.springframework.test.context.jdbc.SqlScriptsTestExecutionListener, org.springframework.test.context.event.EventPublishingTestExecutionListener]
2022-11-10 13:01:49.435  INFO 18964 --- [main] .b.t.c.SpringBootTestContextBootstrapper : Using TestExecutionListeners: [org.springframework.test.context.web.ServletTestExecutionListener@6829b897, org.springframework.test.context.support.DirtiesContextBeforeModesTestExecutionListener@519e0814, org.springframework.boot.test.mock.mockito.MockitoTestExecutionListener@d1b9dd7, org.springframework.boot.test.autoconfigure.SpringBootDependencyInjectionTestExecutionListener@7701b695, org.springframework.test.context.support.DirtiesContextTestExecutionListener@524945e2, org.springframework.test.context.transaction.TransactionalTestExecutionListener@73b63917, org.springframework.test.context.jdbc.SqlScriptsTestExecutionListener@2292e793, org.springframework.test.context.event.EventPublishingTestExecutionListener@58dd584a, org.springframework.boot.test.mock.mockito.ResetMocksTestExecutionListener@40a360e6, org.springframework.boot.test.autoconfigure.restdocs.RestDocsTestExecutionListener@21f9764, org.springframework.boot.test.autoconfigure.web.client.MockRestServiceServerResetTestExecutionListener@378456cb, org.springframework.boot.test.autoconfigure.web.servlet.MockMvcPrintOnlyOnFailureTestExecutionListener@5295779, org.springframework.boot.test.autoconfigure.web.servlet.WebDriverTestExecutionListener@5ed6a36a]
2022-11-10 13:01:49.443 DEBUG 18964 --- [main] m.a.d.c.L.findTotalVisitCount            : ==>  Preparing: select count(*) from common_login_log 
2022-11-10 13:01:49.444 DEBUG 18964 --- [main] m.a.d.c.L.findTotalVisitCount            : ==> Parameters: 
2022-11-10 13:01:49.454 DEBUG 18964 --- [main] m.a.d.c.L.findTotalVisitCount            : <==      Total: 1
2022-11-10 13:01:49.463 DEBUG 18964 --- [main] m.a.d.common.LoginLogMapper.findTodayIp  : ==>  Preparing: select count(distinct (request_ip)) from common_login_log where login_date = ? 
2022-11-10 13:01:49.466 DEBUG 18964 --- [main] m.a.d.common.LoginLogMapper.findTodayIp  : ==> Parameters: 2022-11-10(LocalDate)
2022-11-10 13:01:49.468 DEBUG 18964 --- [main] m.a.d.common.LoginLogMapper.findTodayIp  : <==      Total: 1
2022-11-10 13:01:49.474 DEBUG 18964 --- [main] m.a.d.c.L.findByOperatingSystem          : ==>  Preparing: select operating_system, count(id) `count` from common_login_log group by operating_system 
2022-11-10 13:01:49.477 DEBUG 18964 --- [main] m.a.d.c.L.findByOperatingSystem          : ==> Parameters: 
2022-11-10 13:01:49.479 DEBUG 18964 --- [main] m.a.d.c.L.findByOperatingSystem          : <==      Total: 0
2022-11-10 13:01:49.484 DEBUG 18964 --- [main] m.a.d.c.L.findTodayVisitCount            : ==>  Preparing: select count(*) from common_login_log where login_date = ? 
2022-11-10 13:01:49.485 DEBUG 18964 --- [main] m.a.d.c.L.findTodayVisitCount            : ==> Parameters: 2022-11-10(LocalDate)
2022-11-10 13:01:49.486 DEBUG 18964 --- [main] m.a.d.c.L.findTodayVisitCount            : <==      Total: 1
2022-11-10 13:01:49.491 DEBUG 18964 --- [main] m.a.d.c.LoginLogMapper.findByBrowser     : ==>  Preparing: select browser, count(id) `count` from common_login_log group by browser 
2022-11-10 13:01:49.492 DEBUG 18964 --- [main] m.a.d.c.LoginLogMapper.findByBrowser     : ==> Parameters: 
2022-11-10 13:01:49.493 DEBUG 18964 --- [main] m.a.d.c.LoginLogMapper.findByBrowser     : <==      Total: 0
2022-11-10 13:01:49.500  INFO 18964 --- [main] .b.t.c.SpringBootTestContextBootstrapper : Neither @ContextConfiguration nor @ContextHierarchy found for test class [mao.auth_server.dao.core.OrgMapperTest], using SpringBootContextLoader
2022-11-10 13:01:49.501  INFO 18964 --- [main] o.s.t.c.support.AbstractContextLoader    : Could not detect default resource locations for test class [mao.auth_server.dao.core.OrgMapperTest]: no resource found for suffixes {-context.xml, Context.groovy}.
2022-11-10 13:01:49.502  INFO 18964 --- [main] t.c.s.AnnotationConfigContextLoaderUtils : Could not detect default configuration classes for test class [mao.auth_server.dao.core.OrgMapperTest]: OrgMapperTest does not declare any static, non-private, non-final, nested classes annotated with @Configuration.
2022-11-10 13:01:49.504  INFO 18964 --- [main] .b.t.c.SpringBootTestContextBootstrapper : Found @SpringBootConfiguration mao.auth_server.AuthServerApplication for test class mao.auth_server.dao.core.OrgMapperTest
2022-11-10 13:01:49.506  INFO 18964 --- [main] .b.t.c.SpringBootTestContextBootstrapper : Loaded default TestExecutionListener class names from location [META-INF/spring.factories]: [org.springframework.boot.test.mock.mockito.MockitoTestExecutionListener, org.springframework.boot.test.mock.mockito.ResetMocksTestExecutionListener, org.springframework.boot.test.autoconfigure.restdocs.RestDocsTestExecutionListener, org.springframework.boot.test.autoconfigure.web.client.MockRestServiceServerResetTestExecutionListener, org.springframework.boot.test.autoconfigure.web.servlet.MockMvcPrintOnlyOnFailureTestExecutionListener, org.springframework.boot.test.autoconfigure.web.servlet.WebDriverTestExecutionListener, org.springframework.test.context.web.ServletTestExecutionListener, org.springframework.test.context.support.DirtiesContextBeforeModesTestExecutionListener, org.springframework.test.context.support.DependencyInjectionTestExecutionListener, org.springframework.test.context.support.DirtiesContextTestExecutionListener, org.springframework.test.context.transaction.TransactionalTestExecutionListener, org.springframework.test.context.jdbc.SqlScriptsTestExecutionListener, org.springframework.test.context.event.EventPublishingTestExecutionListener]
2022-11-10 13:01:49.506  INFO 18964 --- [main] .b.t.c.SpringBootTestContextBootstrapper : Using TestExecutionListeners: [org.springframework.test.context.web.ServletTestExecutionListener@2afe263, org.springframework.test.context.support.DirtiesContextBeforeModesTestExecutionListener@6c4f48e2, org.springframework.boot.test.mock.mockito.MockitoTestExecutionListener@5988e36e, org.springframework.boot.test.autoconfigure.SpringBootDependencyInjectionTestExecutionListener@4194a77f, org.springframework.test.context.support.DirtiesContextTestExecutionListener@3c55e9d4, org.springframework.test.context.transaction.TransactionalTestExecutionListener@2acbbee4, org.springframework.test.context.jdbc.SqlScriptsTestExecutionListener@3446ab40, org.springframework.test.context.event.EventPublishingTestExecutionListener@500d4de8, org.springframework.boot.test.mock.mockito.ResetMocksTestExecutionListener@43851574, org.springframework.boot.test.autoconfigure.restdocs.RestDocsTestExecutionListener@344eaf7e, org.springframework.boot.test.autoconfigure.web.client.MockRestServiceServerResetTestExecutionListener@35d31e1c, org.springframework.boot.test.autoconfigure.web.servlet.MockMvcPrintOnlyOnFailureTestExecutionListener@f8b6743, org.springframework.boot.test.autoconfigure.web.servlet.WebDriverTestExecutionListener@644eed73]
2022-11-10 13:01:49.514 DEBUG 18964 --- [main] m.a.dao.core.OrgMapper.selectList        : ==>  Preparing: SELECT id,update_user,update_time,abbreviation,parent_id,sort_value,create_time,name,create_user,describe_,tree_path,status FROM core_org 
2022-11-10 13:01:49.515 DEBUG 18964 --- [main] m.a.dao.core.OrgMapper.selectList        : ==> Parameters: 
2022-11-10 13:01:49.523 DEBUG 18964 --- [main] m.a.dao.core.OrgMapper.selectList        : <==      Total: 14
2022-11-10 13:01:49.530  WARN 18964 --- [Thread-2] c.a.n.common.http.HttpClientBeanHolder   : [HttpClientBeanHolder] Start destroying common HttpClient
2022-11-10 13:01:49.530  WARN 18964 --- [Thread-13] c.a.nacos.common.notify.NotifyCenter     : [NotifyCenter] Start destroying Publisher
2022-11-10 13:01:49.530  WARN 18964 --- [Thread-13] c.a.nacos.common.notify.NotifyCenter     : [NotifyCenter] Destruction of the end
2022-11-10 13:01:49.531  WARN 18964 --- [Thread-2] c.a.n.common.http.HttpClientBeanHolder   : [HttpClientBeanHolder] Destruction of the end
2022-11-10 13:01:49.534  INFO 18964 --- [SpringContextShutdownHook] o.s.s.c.ThreadPoolTaskScheduler          : Shutting down ExecutorService 'Nacos-Watch-Task-Scheduler'
2022-11-10 13:01:49.547  INFO 18964 --- [SpringContextShutdownHook] o.s.s.concurrent.ThreadPoolTaskExecutor  : Shutting down ExecutorService 'applicationTaskExecutor'
2022-11-10 13:01:49.550  INFO 18964 --- [SpringContextShutdownHook] com.alibaba.nacos.client.naming          : com.alibaba.nacos.client.naming.beat.BeatReactor do shutdown begin
2022-11-10 13:01:49.550  INFO 18964 --- [SpringContextShutdownHook] com.alibaba.nacos.client.naming          : com.alibaba.nacos.client.naming.beat.BeatReactor do shutdown stop
2022-11-10 13:01:49.550  INFO 18964 --- [SpringContextShutdownHook] com.alibaba.nacos.client.naming          : com.alibaba.nacos.client.naming.core.HostReactor do shutdown begin
2022-11-10 13:01:52.570  INFO 18964 --- [SpringContextShutdownHook] com.alibaba.nacos.client.naming          : com.alibaba.nacos.client.naming.core.PushReceiver do shutdown begin
2022-11-10 13:01:55.607  INFO 18964 --- [SpringContextShutdownHook] com.alibaba.nacos.client.naming          : com.alibaba.nacos.client.naming.core.PushReceiver do shutdown stop
2022-11-10 13:01:55.607  INFO 18964 --- [SpringContextShutdownHook] com.alibaba.nacos.client.naming          : com.alibaba.nacos.client.naming.backups.FailoverReactor do shutdown begin
2022-11-10 13:01:55.608  INFO 18964 --- [SpringContextShutdownHook] com.alibaba.nacos.client.naming          : com.alibaba.nacos.client.naming.backups.FailoverReactor do shutdown stop
2022-11-10 13:01:55.608  INFO 18964 --- [SpringContextShutdownHook] com.alibaba.nacos.client.naming          : com.alibaba.nacos.client.naming.core.HostReactor do shutdown stop
2022-11-10 13:01:55.608  INFO 18964 --- [SpringContextShutdownHook] com.alibaba.nacos.client.naming          : com.alibaba.nacos.client.naming.net.NamingProxy do shutdown begin
2022-11-10 13:01:55.609  WARN 18964 --- [SpringContextShutdownHook] com.alibaba.nacos.client.naming          : [NamingHttpClientManager] Start destroying NacosRestTemplate
2022-11-10 13:01:55.609  WARN 18964 --- [SpringContextShutdownHook] com.alibaba.nacos.client.naming          : [NamingHttpClientManager] Destruction of the end
2022-11-10 13:01:55.609  INFO 18964 --- [SpringContextShutdownHook] c.a.n.client.identify.CredentialWatcher  : [null] CredentialWatcher is stopped
2022-11-10 13:01:55.609  INFO 18964 --- [SpringContextShutdownHook] c.a.n.client.identify.CredentialService  : [null] CredentialService is freed
2022-11-10 13:01:55.609  INFO 18964 --- [SpringContextShutdownHook] com.alibaba.nacos.client.naming          : com.alibaba.nacos.client.naming.net.NamingProxy do shutdown stop
2022-11-10 13:01:55.900  INFO 18964 --- [SpringContextShutdownHook] com.alibaba.druid.pool.DruidDataSource   : {dataSource-1} closing ...
2022-11-10 13:01:55.909  INFO 18964 --- [SpringContextShutdownHook] com.alibaba.druid.pool.DruidDataSource   : {dataSource-1} closed
