2023-04-19 14:29:01.239  WARN 36128 --- [main] c.a.c.n.c.NacosPropertySourceBuilder     : Ignore the empty nacos configuration and get it based on dataId[chat-room-manage] & group[DEFAULT_GROUP]
2023-04-19 14:29:01.251  INFO 36128 --- [main] b.c.PropertySourceBootstrapConfiguration : Located property source: [BootstrapPropertySource {name='bootstrapProperties-chat-room-manage-dev.yml,DEFAULT_GROUP'}, BootstrapPropertySource {name='bootstrapProperties-chat-room-manage.yml,DEFAULT_GROUP'}, BootstrapPropertySource {name='bootstrapProperties-chat-room-manage,DEFAULT_GROUP'}, BootstrapPropertySource {name='bootstrapProperties-RocketMQ.yml,DEFAULT_GROUP'}, BootstrapPropertySource {name='bootstrapProperties-mysql.yml,DEFAULT_GROUP'}, BootstrapPropertySource {name='bootstrapProperties-redis.yml,DEFAULT_GROUP'}, BootstrapPropertySource {name='bootstrapProperties-common.yml,DEFAULT_GROUP'}]
2023-04-19 14:29:01.273  INFO 36128 --- [main] m.c.ChatRoomManageApplication            : The following profiles are active: dev
2023-04-19 14:29:02.434  INFO 36128 --- [main] .s.d.r.c.RepositoryConfigurationDelegate : Multiple Spring Data modules found, entering strict repository configuration mode!
2023-04-19 14:29:02.435  INFO 36128 --- [main] .s.d.r.c.RepositoryConfigurationDelegate : Bootstrapping Spring Data Redis repositories in DEFAULT mode.
2023-04-19 14:29:02.451  INFO 36128 --- [main] .s.d.r.c.RepositoryConfigurationDelegate : Finished Spring Data repository scanning in 8ms. Found 0 Redis repository interfaces.
2023-04-19 14:29:02.483  WARN 36128 --- [main] o.s.boot.actuate.endpoint.EndpointId     : Endpoint ID 'service-registry' contains invalid characters, please migrate to a valid format.
2023-04-19 14:29:02.570  INFO 36128 --- [main] o.s.cloud.context.scope.GenericScope     : BeanFactory id=c0c55e46-03a0-3546-bf81-1463a5eed956
2023-04-19 14:29:02.579  INFO 36128 --- [main] m.c.config.SpringAsyncConfig             : 初始化 SpringAsyncConfig
2023-04-19 14:29:02.579  INFO 36128 --- [main] trationDelegate$BeanPostProcessorChecker : Bean 'springAsyncConfig' of type [mao.chat_room_manage.config.SpringAsyncConfig$$EnhancerBySpringCGLIB$$ded01e48] is not eligible for getting processed by all BeanPostProcessors (for example: not eligible for auto-proxying)
2023-04-19 14:29:02.816  INFO 36128 --- [main] o.s.b.w.embedded.tomcat.TomcatWebServer  : Tomcat initialized with port(s): 13546 (http)
2023-04-19 14:29:02.823  INFO 36128 --- [main] o.apache.catalina.core.StandardService   : Starting service [Tomcat]
2023-04-19 14:29:02.824  INFO 36128 --- [main] org.apache.catalina.core.StandardEngine  : Starting Servlet engine: [Apache Tomcat/9.0.37]
2023-04-19 14:29:02.898  INFO 36128 --- [main] o.a.c.c.C.[.[localhost].[/manage]        : Initializing Spring embedded WebApplicationContext
2023-04-19 14:29:02.898  INFO 36128 --- [main] w.s.c.ServletWebServerApplicationContext : Root WebApplicationContext: initialization completed in 1614 ms
2023-04-19 14:29:02.899  INFO 36128 --- [main] m.tools_xss.config.XssAuthConfiguration  : 初始化 XssAuthConfiguration xss攻击配置
2023-04-19 14:29:02.980 DEBUG 36128 --- [main] mao.tools_xss.filter.XssFilter           : XSS fiter [XSSFilter] init start ...
2023-04-19 14:29:03.011 DEBUG 36128 --- [main] mao.tools_xss.filter.XssFilter           : ignorePathList=null
2023-04-19 14:29:03.012 DEBUG 36128 --- [main] mao.tools_xss.filter.XssFilter           : ignoreParamValueList=["samlp:LogoutRequest"]
2023-04-19 14:29:03.012 DEBUG 36128 --- [main] mao.tools_xss.filter.XssFilter           : XSS fiter [XSSFilter] init end
2023-04-19 14:29:03.018  INFO 36128 --- [main] m.c.config.ExceptionConfig               : 初始化 ExceptionConfig
2023-04-19 14:29:03.019  INFO 36128 --- [main] m.c.config.FeignRequestInterceptor       : 初始化 FeignRequestInterceptor
2023-04-19 14:29:03.021  INFO 36128 --- [main] m.t.config.RedisLockServiceConfig        : 初始化 RedisLockServiceConfig
2023-04-19 14:29:03.022  INFO 36128 --- [main] m.t.config.RedissonConfig                : 初始化 RedissonConfig
2023-04-19 14:29:03.023  INFO 36128 --- [main] m.t.config.RedissonConfig                : 单机模式redis:127.0.0.1:6379
2023-04-19 14:29:03.233  INFO 36128 --- [main] org.redisson.Version                     : Redisson 3.17.0
2023-04-19 14:29:05.814  WARN 36128 --- [main] ConfigServletWebServerApplicationContext : Exception encountered during context initialization - cancelling refresh attempt: org.springframework.beans.factory.BeanCreationException: Error creating bean with name 'reBalanceConsumer': Injection of resource dependencies failed; nested exception is org.springframework.beans.factory.BeanCreationException: Error creating bean with name 'reBalanceServiceImpl': Injection of resource dependencies failed; nested exception is org.springframework.beans.factory.UnsatisfiedDependencyException: Error creating bean with name 'redisLockService' defined in class path resource [mao/tools_redis_cache/config/RedisLockServiceConfig.class]: Unsatisfied dependency expressed through method 'redisLockService' parameter 0; nested exception is org.springframework.beans.factory.BeanCreationException: Error creating bean with name 'redissonClient' defined in class path resource [mao/tools_redis_cache/config/RedissonConfig.class]: Bean instantiation via factory method failed; nested exception is org.springframework.beans.BeanInstantiationException: Failed to instantiate [org.redisson.api.RedissonClient]: Factory method 'redissonClient' threw exception; nested exception is org.redisson.client.RedisConnectionException: Unable to connect to Redis server: 127.0.0.1/127.0.0.1:6379
2023-04-19 14:29:05.815  INFO 36128 --- [main] o.apache.catalina.core.StandardService   : Stopping service [Tomcat]
2023-04-19 14:29:05.816 DEBUG 36128 --- [main] mao.tools_xss.filter.XssFilter           : XSS fiter [XSSFilter] destroy
2023-04-19 14:29:05.826  INFO 36128 --- [main] ConditionEvaluationReportLoggingListener : 

Error starting ApplicationContext. To display the conditions report re-run your application with 'debug' enabled.
2023-04-19 14:29:05.832 ERROR 36128 --- [main] o.s.boot.SpringApplication               : Application run failed

org.springframework.beans.factory.BeanCreationException: Error creating bean with name 'reBalanceConsumer': Injection of resource dependencies failed; nested exception is org.springframework.beans.factory.BeanCreationException: Error creating bean with name 'reBalanceServiceImpl': Injection of resource dependencies failed; nested exception is org.springframework.beans.factory.UnsatisfiedDependencyException: Error creating bean with name 'redisLockService' defined in class path resource [mao/tools_redis_cache/config/RedisLockServiceConfig.class]: Unsatisfied dependency expressed through method 'redisLockService' parameter 0; nested exception is org.springframework.beans.factory.BeanCreationException: Error creating bean with name 'redissonClient' defined in class path resource [mao/tools_redis_cache/config/RedissonConfig.class]: Bean instantiation via factory method failed; nested exception is org.springframework.beans.BeanInstantiationException: Failed to instantiate [org.redisson.api.RedissonClient]: Factory method 'redissonClient' threw exception; nested exception is org.redisson.client.RedisConnectionException: Unable to connect to Redis server: 127.0.0.1/127.0.0.1:6379
	at org.springframework.context.annotation.CommonAnnotationBeanPostProcessor.postProcessProperties(CommonAnnotationBeanPostProcessor.java:337) ~[spring-context-5.2.2.RELEASE.jar:5.2.2.RELEASE]
	at org.springframework.beans.factory.support.AbstractAutowireCapableBeanFactory.populateBean(AbstractAutowireCapableBeanFactory.java:1422) ~[spring-beans-5.2.2.RELEASE.jar:5.2.2.RELEASE]
	at org.springframework.beans.factory.support.AbstractAutowireCapableBeanFactory.doCreateBean(AbstractAutowireCapableBeanFactory.java:594) ~[spring-beans-5.2.2.RELEASE.jar:5.2.2.RELEASE]
	at org.springframework.beans.factory.support.AbstractAutowireCapableBeanFactory.createBean(AbstractAutowireCapableBeanFactory.java:517) ~[spring-beans-5.2.2.RELEASE.jar:5.2.2.RELEASE]
	at org.springframework.beans.factory.support.AbstractBeanFactory.lambda$doGetBean$0(AbstractBeanFactory.java:323) ~[spring-beans-5.2.2.RELEASE.jar:5.2.2.RELEASE]
	at org.springframework.beans.factory.support.DefaultSingletonBeanRegistry.getSingleton(DefaultSingletonBeanRegistry.java:222) ~[spring-beans-5.2.2.RELEASE.jar:5.2.2.RELEASE]
	at org.springframework.beans.factory.support.AbstractBeanFactory.doGetBean(AbstractBeanFactory.java:321) ~[spring-beans-5.2.2.RELEASE.jar:5.2.2.RELEASE]
	at org.springframework.beans.factory.support.AbstractBeanFactory.getBean(AbstractBeanFactory.java:202) ~[spring-beans-5.2.2.RELEASE.jar:5.2.2.RELEASE]
	at org.springframework.beans.factory.support.DefaultListableBeanFactory.preInstantiateSingletons(DefaultListableBeanFactory.java:879) ~[spring-beans-5.2.2.RELEASE.jar:5.2.2.RELEASE]
	at org.springframework.context.support.AbstractApplicationContext.finishBeanFactoryInitialization(AbstractApplicationContext.java:878) ~[spring-context-5.2.2.RELEASE.jar:5.2.2.RELEASE]
	at org.springframework.context.support.AbstractApplicationContext.refresh(AbstractApplicationContext.java:550) ~[spring-context-5.2.2.RELEASE.jar:5.2.2.RELEASE]
	at org.springframework.boot.web.servlet.context.ServletWebServerApplicationContext.refresh(ServletWebServerApplicationContext.java:141) ~[spring-boot-2.2.9.RELEASE.jar:2.2.9.RELEASE]
	at org.springframework.boot.SpringApplication.refresh(SpringApplication.java:747) [spring-boot-2.2.9.RELEASE.jar:2.2.9.RELEASE]
	at org.springframework.boot.SpringApplication.refreshContext(SpringApplication.java:397) [spring-boot-2.2.9.RELEASE.jar:2.2.9.RELEASE]
	at org.springframework.boot.SpringApplication.run(SpringApplication.java:315) [spring-boot-2.2.9.RELEASE.jar:2.2.9.RELEASE]
	at org.springframework.boot.SpringApplication.run(SpringApplication.java:1226) [spring-boot-2.2.9.RELEASE.jar:2.2.9.RELEASE]
	at org.springframework.boot.SpringApplication.run(SpringApplication.java:1215) [spring-boot-2.2.9.RELEASE.jar:2.2.9.RELEASE]
	at mao.chat_room_manage.ChatRoomManageApplication.main(ChatRoomManageApplication.java:31) [classes/:na]
Caused by: org.springframework.beans.factory.BeanCreationException: Error creating bean with name 'reBalanceServiceImpl': Injection of resource dependencies failed; nested exception is org.springframework.beans.factory.UnsatisfiedDependencyException: Error creating bean with name 'redisLockService' defined in class path resource [mao/tools_redis_cache/config/RedisLockServiceConfig.class]: Unsatisfied dependency expressed through method 'redisLockService' parameter 0; nested exception is org.springframework.beans.factory.BeanCreationException: Error creating bean with name 'redissonClient' defined in class path resource [mao/tools_redis_cache/config/RedissonConfig.class]: Bean instantiation via factory method failed; nested exception is org.springframework.beans.BeanInstantiationException: Failed to instantiate [org.redisson.api.RedissonClient]: Factory method 'redissonClient' threw exception; nested exception is org.redisson.client.RedisConnectionException: Unable to connect to Redis server: 127.0.0.1/127.0.0.1:6379
	at org.springframework.context.annotation.CommonAnnotationBeanPostProcessor.postProcessProperties(CommonAnnotationBeanPostProcessor.java:337) ~[spring-context-5.2.2.RELEASE.jar:5.2.2.RELEASE]
	at org.springframework.beans.factory.support.AbstractAutowireCapableBeanFactory.populateBean(AbstractAutowireCapableBeanFactory.java:1422) ~[spring-beans-5.2.2.RELEASE.jar:5.2.2.RELEASE]
	at org.springframework.beans.factory.support.AbstractAutowireCapableBeanFactory.doCreateBean(AbstractAutowireCapableBeanFactory.java:594) ~[spring-beans-5.2.2.RELEASE.jar:5.2.2.RELEASE]
	at org.springframework.beans.factory.support.AbstractAutowireCapableBeanFactory.createBean(AbstractAutowireCapableBeanFactory.java:517) ~[spring-beans-5.2.2.RELEASE.jar:5.2.2.RELEASE]
	at org.springframework.beans.factory.support.AbstractBeanFactory.lambda$doGetBean$0(AbstractBeanFactory.java:323) ~[spring-beans-5.2.2.RELEASE.jar:5.2.2.RELEASE]
	at org.springframework.beans.factory.support.DefaultSingletonBeanRegistry.getSingleton(DefaultSingletonBeanRegistry.java:222) ~[spring-beans-5.2.2.RELEASE.jar:5.2.2.RELEASE]
	at org.springframework.beans.factory.support.AbstractBeanFactory.doGetBean(AbstractBeanFactory.java:321) ~[spring-beans-5.2.2.RELEASE.jar:5.2.2.RELEASE]
	at org.springframework.beans.factory.support.AbstractBeanFactory.getBean(AbstractBeanFactory.java:202) ~[spring-beans-5.2.2.RELEASE.jar:5.2.2.RELEASE]
	at org.springframework.beans.factory.config.DependencyDescriptor.resolveCandidate(DependencyDescriptor.java:276) ~[spring-beans-5.2.2.RELEASE.jar:5.2.2.RELEASE]
	at org.springframework.beans.factory.support.DefaultListableBeanFactory.doResolveDependency(DefaultListableBeanFactory.java:1287) ~[spring-beans-5.2.2.RELEASE.jar:5.2.2.RELEASE]
	at org.springframework.beans.factory.support.DefaultListableBeanFactory.resolveDependency(DefaultListableBeanFactory.java:1207) ~[spring-beans-5.2.2.RELEASE.jar:5.2.2.RELEASE]
	at org.springframework.context.annotation.CommonAnnotationBeanPostProcessor.autowireResource(CommonAnnotationBeanPostProcessor.java:537) ~[spring-context-5.2.2.RELEASE.jar:5.2.2.RELEASE]
	at org.springframework.context.annotation.CommonAnnotationBeanPostProcessor.getResource(CommonAnnotationBeanPostProcessor.java:513) ~[spring-context-5.2.2.RELEASE.jar:5.2.2.RELEASE]
	at org.springframework.context.annotation.CommonAnnotationBeanPostProcessor$ResourceElement.getResourceToInject(CommonAnnotationBeanPostProcessor.java:653) ~[spring-context-5.2.2.RELEASE.jar:5.2.2.RELEASE]
	at org.springframework.beans.factory.annotation.InjectionMetadata$InjectedElement.inject(InjectionMetadata.java:224) ~[spring-beans-5.2.2.RELEASE.jar:5.2.2.RELEASE]
	at org.springframework.beans.factory.annotation.InjectionMetadata.inject(InjectionMetadata.java:116) ~[spring-beans-5.2.2.RELEASE.jar:5.2.2.RELEASE]
	at org.springframework.context.annotation.CommonAnnotationBeanPostProcessor.postProcessProperties(CommonAnnotationBeanPostProcessor.java:334) ~[spring-context-5.2.2.RELEASE.jar:5.2.2.RELEASE]
	... 17 common frames omitted
Caused by: org.springframework.beans.factory.UnsatisfiedDependencyException: Error creating bean with name 'redisLockService' defined in class path resource [mao/tools_redis_cache/config/RedisLockServiceConfig.class]: Unsatisfied dependency expressed through method 'redisLockService' parameter 0; nested exception is org.springframework.beans.factory.BeanCreationException: Error creating bean with name 'redissonClient' defined in class path resource [mao/tools_redis_cache/config/RedissonConfig.class]: Bean instantiation via factory method failed; nested exception is org.springframework.beans.BeanInstantiationException: Failed to instantiate [org.redisson.api.RedissonClient]: Factory method 'redissonClient' threw exception; nested exception is org.redisson.client.RedisConnectionException: Unable to connect to Redis server: 127.0.0.1/127.0.0.1:6379
	at org.springframework.beans.factory.support.ConstructorResolver.createArgumentArray(ConstructorResolver.java:798) ~[spring-beans-5.2.2.RELEASE.jar:5.2.2.RELEASE]
	at org.springframework.beans.factory.support.ConstructorResolver.instantiateUsingFactoryMethod(ConstructorResolver.java:539) ~[spring-beans-5.2.2.RELEASE.jar:5.2.2.RELEASE]
	at org.springframework.beans.factory.support.AbstractAutowireCapableBeanFactory.instantiateUsingFactoryMethod(AbstractAutowireCapableBeanFactory.java:1338) ~[spring-beans-5.2.2.RELEASE.jar:5.2.2.RELEASE]
	at org.springframework.beans.factory.support.AbstractAutowireCapableBeanFactory.createBeanInstance(AbstractAutowireCapableBeanFactory.java:1177) ~[spring-beans-5.2.2.RELEASE.jar:5.2.2.RELEASE]
	at org.springframework.beans.factory.support.AbstractAutowireCapableBeanFactory.doCreateBean(AbstractAutowireCapableBeanFactory.java:557) ~[spring-beans-5.2.2.RELEASE.jar:5.2.2.RELEASE]
	at org.springframework.beans.factory.support.AbstractAutowireCapableBeanFactory.createBean(AbstractAutowireCapableBeanFactory.java:517) ~[spring-beans-5.2.2.RELEASE.jar:5.2.2.RELEASE]
	at org.springframework.beans.factory.support.AbstractBeanFactory.lambda$doGetBean$0(AbstractBeanFactory.java:323) ~[spring-beans-5.2.2.RELEASE.jar:5.2.2.RELEASE]
	at org.springframework.beans.factory.support.DefaultSingletonBeanRegistry.getSingleton(DefaultSingletonBeanRegistry.java:222) ~[spring-beans-5.2.2.RELEASE.jar:5.2.2.RELEASE]
	at org.springframework.beans.factory.support.AbstractBeanFactory.doGetBean(AbstractBeanFactory.java:321) ~[spring-beans-5.2.2.RELEASE.jar:5.2.2.RELEASE]
	at org.springframework.beans.factory.support.AbstractBeanFactory.getBean(AbstractBeanFactory.java:207) ~[spring-beans-5.2.2.RELEASE.jar:5.2.2.RELEASE]
	at org.springframework.beans.factory.support.AbstractAutowireCapableBeanFactory.resolveBeanByName(AbstractAutowireCapableBeanFactory.java:454) ~[spring-beans-5.2.2.RELEASE.jar:5.2.2.RELEASE]
	at org.springframework.context.annotation.CommonAnnotationBeanPostProcessor.autowireResource(CommonAnnotationBeanPostProcessor.java:543) ~[spring-context-5.2.2.RELEASE.jar:5.2.2.RELEASE]
	at org.springframework.context.annotation.CommonAnnotationBeanPostProcessor.getResource(CommonAnnotationBeanPostProcessor.java:513) ~[spring-context-5.2.2.RELEASE.jar:5.2.2.RELEASE]
	at org.springframework.context.annotation.CommonAnnotationBeanPostProcessor$ResourceElement.getResourceToInject(CommonAnnotationBeanPostProcessor.java:653) ~[spring-context-5.2.2.RELEASE.jar:5.2.2.RELEASE]
	at org.springframework.beans.factory.annotation.InjectionMetadata$InjectedElement.inject(InjectionMetadata.java:224) ~[spring-beans-5.2.2.RELEASE.jar:5.2.2.RELEASE]
	at org.springframework.beans.factory.annotation.InjectionMetadata.inject(InjectionMetadata.java:116) ~[spring-beans-5.2.2.RELEASE.jar:5.2.2.RELEASE]
	at org.springframework.context.annotation.CommonAnnotationBeanPostProcessor.postProcessProperties(CommonAnnotationBeanPostProcessor.java:334) ~[spring-context-5.2.2.RELEASE.jar:5.2.2.RELEASE]
	... 33 common frames omitted
Caused by: org.springframework.beans.factory.BeanCreationException: Error creating bean with name 'redissonClient' defined in class path resource [mao/tools_redis_cache/config/RedissonConfig.class]: Bean instantiation via factory method failed; nested exception is org.springframework.beans.BeanInstantiationException: Failed to instantiate [org.redisson.api.RedissonClient]: Factory method 'redissonClient' threw exception; nested exception is org.redisson.client.RedisConnectionException: Unable to connect to Redis server: 127.0.0.1/127.0.0.1:6379
	at org.springframework.beans.factory.support.ConstructorResolver.instantiate(ConstructorResolver.java:656) ~[spring-beans-5.2.2.RELEASE.jar:5.2.2.RELEASE]
	at org.springframework.beans.factory.support.ConstructorResolver.instantiateUsingFactoryMethod(ConstructorResolver.java:636) ~[spring-beans-5.2.2.RELEASE.jar:5.2.2.RELEASE]
	at org.springframework.beans.factory.support.AbstractAutowireCapableBeanFactory.instantiateUsingFactoryMethod(AbstractAutowireCapableBeanFactory.java:1338) ~[spring-beans-5.2.2.RELEASE.jar:5.2.2.RELEASE]
	at org.springframework.beans.factory.support.AbstractAutowireCapableBeanFactory.createBeanInstance(AbstractAutowireCapableBeanFactory.java:1177) ~[spring-beans-5.2.2.RELEASE.jar:5.2.2.RELEASE]
	at org.springframework.beans.factory.support.AbstractAutowireCapableBeanFactory.doCreateBean(AbstractAutowireCapableBeanFactory.java:557) ~[spring-beans-5.2.2.RELEASE.jar:5.2.2.RELEASE]
	at org.springframework.beans.factory.support.AbstractAutowireCapableBeanFactory.createBean(AbstractAutowireCapableBeanFactory.java:517) ~[spring-beans-5.2.2.RELEASE.jar:5.2.2.RELEASE]
	at org.springframework.beans.factory.support.AbstractBeanFactory.lambda$doGetBean$0(AbstractBeanFactory.java:323) ~[spring-beans-5.2.2.RELEASE.jar:5.2.2.RELEASE]
	at org.springframework.beans.factory.support.DefaultSingletonBeanRegistry.getSingleton(DefaultSingletonBeanRegistry.java:222) ~[spring-beans-5.2.2.RELEASE.jar:5.2.2.RELEASE]
	at org.springframework.beans.factory.support.AbstractBeanFactory.doGetBean(AbstractBeanFactory.java:321) ~[spring-beans-5.2.2.RELEASE.jar:5.2.2.RELEASE]
	at org.springframework.beans.factory.support.AbstractBeanFactory.getBean(AbstractBeanFactory.java:202) ~[spring-beans-5.2.2.RELEASE.jar:5.2.2.RELEASE]
	at org.springframework.beans.factory.config.DependencyDescriptor.resolveCandidate(DependencyDescriptor.java:276) ~[spring-beans-5.2.2.RELEASE.jar:5.2.2.RELEASE]
	at org.springframework.beans.factory.support.DefaultListableBeanFactory.doResolveDependency(DefaultListableBeanFactory.java:1287) ~[spring-beans-5.2.2.RELEASE.jar:5.2.2.RELEASE]
	at org.springframework.beans.factory.support.DefaultListableBeanFactory.resolveDependency(DefaultListableBeanFactory.java:1207) ~[spring-beans-5.2.2.RELEASE.jar:5.2.2.RELEASE]
	at org.springframework.beans.factory.support.ConstructorResolver.resolveAutowiredArgument(ConstructorResolver.java:885) ~[spring-beans-5.2.2.RELEASE.jar:5.2.2.RELEASE]
	at org.springframework.beans.factory.support.ConstructorResolver.createArgumentArray(ConstructorResolver.java:789) ~[spring-beans-5.2.2.RELEASE.jar:5.2.2.RELEASE]
	... 49 common frames omitted
Caused by: org.springframework.beans.BeanInstantiationException: Failed to instantiate [org.redisson.api.RedissonClient]: Factory method 'redissonClient' threw exception; nested exception is org.redisson.client.RedisConnectionException: Unable to connect to Redis server: 127.0.0.1/127.0.0.1:6379
	at org.springframework.beans.factory.support.SimpleInstantiationStrategy.instantiate(SimpleInstantiationStrategy.java:185) ~[spring-beans-5.2.2.RELEASE.jar:5.2.2.RELEASE]
	at org.springframework.beans.factory.support.ConstructorResolver.instantiate(ConstructorResolver.java:651) ~[spring-beans-5.2.2.RELEASE.jar:5.2.2.RELEASE]
	... 63 common frames omitted
Caused by: org.redisson.client.RedisConnectionException: Unable to connect to Redis server: 127.0.0.1/127.0.0.1:6379
	at org.redisson.connection.pool.ConnectionPool$1.lambda$run$0(ConnectionPool.java:153) ~[redisson-3.17.0.jar:3.17.0]
	at java.util.concurrent.CompletableFuture.uniWhenComplete(CompletableFuture.java:774) ~[na:1.8.0_332]
	at java.util.concurrent.CompletableFuture$UniWhenComplete.tryFire(CompletableFuture.java:750) ~[na:1.8.0_332]
	at java.util.concurrent.CompletableFuture.postComplete(CompletableFuture.java:488) ~[na:1.8.0_332]
	at java.util.concurrent.CompletableFuture.completeExceptionally(CompletableFuture.java:1990) ~[na:1.8.0_332]
	at org.redisson.connection.pool.ConnectionPool.promiseFailure(ConnectionPool.java:310) ~[redisson-3.17.0.jar:3.17.0]
	at org.redisson.connection.pool.ConnectionPool.lambda$createConnection$3(ConnectionPool.java:276) ~[redisson-3.17.0.jar:3.17.0]
	at java.util.concurrent.CompletableFuture.uniWhenComplete(CompletableFuture.java:774) ~[na:1.8.0_332]
	at java.util.concurrent.CompletableFuture$UniWhenComplete.tryFire(CompletableFuture.java:750) ~[na:1.8.0_332]
	at java.util.concurrent.CompletableFuture.postComplete(CompletableFuture.java:488) ~[na:1.8.0_332]
	at java.util.concurrent.CompletableFuture.completeExceptionally(CompletableFuture.java:1990) ~[na:1.8.0_332]
	at org.redisson.client.RedisClient$1$2.run(RedisClient.java:235) ~[redisson-3.17.0.jar:3.17.0]
	at io.netty.util.concurrent.AbstractEventExecutor.safeExecute(AbstractEventExecutor.java:163) ~[netty-common-4.1.39.Final.jar:4.1.39.Final]
	at io.netty.util.concurrent.SingleThreadEventExecutor.runAllTasks(SingleThreadEventExecutor.java:416) ~[netty-common-4.1.39.Final.jar:4.1.39.Final]
	at io.netty.channel.nio.NioEventLoop.run(NioEventLoop.java:515) ~[netty-transport-4.1.39.Final.jar:4.1.39.Final]
	at io.netty.util.concurrent.SingleThreadEventExecutor$5.run(SingleThreadEventExecutor.java:918) ~[netty-common-4.1.39.Final.jar:4.1.39.Final]
	at io.netty.util.internal.ThreadExecutorMap$2.run(ThreadExecutorMap.java:74) ~[netty-common-4.1.39.Final.jar:4.1.39.Final]
	at io.netty.util.concurrent.FastThreadLocalRunnable.run(FastThreadLocalRunnable.java:30) ~[netty-common-4.1.39.Final.jar:4.1.39.Final]
	at java.lang.Thread.run(Thread.java:750) ~[na:1.8.0_332]
Caused by: java.util.concurrent.CompletionException: io.netty.channel.AbstractChannel$AnnotatedConnectException: Connection refused: no further information: 127.0.0.1/127.0.0.1:6379
	at java.util.concurrent.CompletableFuture.encodeRelay(CompletableFuture.java:326) ~[na:1.8.0_332]
	at java.util.concurrent.CompletableFuture.completeRelay(CompletableFuture.java:338) ~[na:1.8.0_332]
	at java.util.concurrent.CompletableFuture.uniRelay(CompletableFuture.java:925) ~[na:1.8.0_332]
	at java.util.concurrent.CompletableFuture$UniRelay.tryFire(CompletableFuture.java:913) ~[na:1.8.0_332]
	... 10 common frames omitted
Caused by: io.netty.channel.AbstractChannel$AnnotatedConnectException: Connection refused: no further information: 127.0.0.1/127.0.0.1:6379
Caused by: java.net.ConnectException: Connection refused: no further information
	at sun.nio.ch.SocketChannelImpl.checkConnect(Native Method) ~[na:1.8.0_332]
	at sun.nio.ch.SocketChannelImpl.finishConnect(SocketChannelImpl.java:716) ~[na:1.8.0_332]
	at io.netty.channel.socket.nio.NioSocketChannel.doFinishConnect(NioSocketChannel.java:327) ~[netty-transport-4.1.39.Final.jar:4.1.39.Final]
	at io.netty.channel.nio.AbstractNioChannel$AbstractNioUnsafe.finishConnect(AbstractNioChannel.java:336) ~[netty-transport-4.1.39.Final.jar:4.1.39.Final]
	at io.netty.channel.nio.NioEventLoop.processSelectedKey(NioEventLoop.java:685) ~[netty-transport-4.1.39.Final.jar:4.1.39.Final]
	at io.netty.channel.nio.NioEventLoop.processSelectedKeysOptimized(NioEventLoop.java:632) ~[netty-transport-4.1.39.Final.jar:4.1.39.Final]
	at io.netty.channel.nio.NioEventLoop.processSelectedKeys(NioEventLoop.java:549) ~[netty-transport-4.1.39.Final.jar:4.1.39.Final]
	at io.netty.channel.nio.NioEventLoop.run(NioEventLoop.java:511) ~[netty-transport-4.1.39.Final.jar:4.1.39.Final]
	at io.netty.util.concurrent.SingleThreadEventExecutor$5.run(SingleThreadEventExecutor.java:918) ~[netty-common-4.1.39.Final.jar:4.1.39.Final]
	at io.netty.util.internal.ThreadExecutorMap$2.run(ThreadExecutorMap.java:74) ~[netty-common-4.1.39.Final.jar:4.1.39.Final]
	at io.netty.util.concurrent.FastThreadLocalRunnable.run(FastThreadLocalRunnable.java:30) ~[netty-common-4.1.39.Final.jar:4.1.39.Final]
	at java.lang.Thread.run(Thread.java:750) ~[na:1.8.0_332]

2023-04-19 14:29:06.826  WARN 36128 --- [Thread-4] c.a.n.common.http.HttpClientBeanHolder   : [HttpClientBeanHolder] Start destroying common HttpClient
2023-04-19 14:29:06.826  WARN 36128 --- [Thread-4] c.a.n.common.http.HttpClientBeanHolder   : [HttpClientBeanHolder] Destruction of the end
2023-04-19 14:29:41.851  WARN 36168 --- [main] c.a.c.n.c.NacosPropertySourceBuilder     : Ignore the empty nacos configuration and get it based on dataId[chat-room-manage] & group[DEFAULT_GROUP]
2023-04-19 14:29:41.861  INFO 36168 --- [main] b.c.PropertySourceBootstrapConfiguration : Located property source: [BootstrapPropertySource {name='bootstrapProperties-chat-room-manage-dev.yml,DEFAULT_GROUP'}, BootstrapPropertySource {name='bootstrapProperties-chat-room-manage.yml,DEFAULT_GROUP'}, BootstrapPropertySource {name='bootstrapProperties-chat-room-manage,DEFAULT_GROUP'}, BootstrapPropertySource {name='bootstrapProperties-RocketMQ.yml,DEFAULT_GROUP'}, BootstrapPropertySource {name='bootstrapProperties-mysql.yml,DEFAULT_GROUP'}, BootstrapPropertySource {name='bootstrapProperties-redis.yml,DEFAULT_GROUP'}, BootstrapPropertySource {name='bootstrapProperties-common.yml,DEFAULT_GROUP'}]
2023-04-19 14:29:41.882  INFO 36168 --- [main] m.c.ChatRoomManageApplication            : The following profiles are active: dev
2023-04-19 14:29:43.092  INFO 36168 --- [main] .s.d.r.c.RepositoryConfigurationDelegate : Multiple Spring Data modules found, entering strict repository configuration mode!
2023-04-19 14:29:43.094  INFO 36168 --- [main] .s.d.r.c.RepositoryConfigurationDelegate : Bootstrapping Spring Data Redis repositories in DEFAULT mode.
2023-04-19 14:29:43.110  INFO 36168 --- [main] .s.d.r.c.RepositoryConfigurationDelegate : Finished Spring Data repository scanning in 8ms. Found 0 Redis repository interfaces.
2023-04-19 14:29:43.140  WARN 36168 --- [main] o.s.boot.actuate.endpoint.EndpointId     : Endpoint ID 'service-registry' contains invalid characters, please migrate to a valid format.
2023-04-19 14:29:43.250  INFO 36168 --- [main] o.s.cloud.context.scope.GenericScope     : BeanFactory id=c0c55e46-03a0-3546-bf81-1463a5eed956
2023-04-19 14:29:43.261  INFO 36168 --- [main] m.c.config.SpringAsyncConfig             : 初始化 SpringAsyncConfig
2023-04-19 14:29:43.261  INFO 36168 --- [main] trationDelegate$BeanPostProcessorChecker : Bean 'springAsyncConfig' of type [mao.chat_room_manage.config.SpringAsyncConfig$$EnhancerBySpringCGLIB$$38122408] is not eligible for getting processed by all BeanPostProcessors (for example: not eligible for auto-proxying)
2023-04-19 14:29:43.559  INFO 36168 --- [main] o.s.b.w.embedded.tomcat.TomcatWebServer  : Tomcat initialized with port(s): 13546 (http)
2023-04-19 14:29:43.566  INFO 36168 --- [main] o.apache.catalina.core.StandardService   : Starting service [Tomcat]
2023-04-19 14:29:43.566  INFO 36168 --- [main] org.apache.catalina.core.StandardEngine  : Starting Servlet engine: [Apache Tomcat/9.0.37]
2023-04-19 14:29:43.641  INFO 36168 --- [main] o.a.c.c.C.[.[localhost].[/manage]        : Initializing Spring embedded WebApplicationContext
2023-04-19 14:29:43.641  INFO 36168 --- [main] w.s.c.ServletWebServerApplicationContext : Root WebApplicationContext: initialization completed in 1751 ms
2023-04-19 14:29:43.643  INFO 36168 --- [main] m.tools_xss.config.XssAuthConfiguration  : 初始化 XssAuthConfiguration xss攻击配置
2023-04-19 14:29:43.738 DEBUG 36168 --- [main] mao.tools_xss.filter.XssFilter           : XSS fiter [XSSFilter] init start ...
2023-04-19 14:29:43.765 DEBUG 36168 --- [main] mao.tools_xss.filter.XssFilter           : ignorePathList=null
2023-04-19 14:29:43.767 DEBUG 36168 --- [main] mao.tools_xss.filter.XssFilter           : ignoreParamValueList=["samlp:LogoutRequest"]
2023-04-19 14:29:43.767 DEBUG 36168 --- [main] mao.tools_xss.filter.XssFilter           : XSS fiter [XSSFilter] init end
2023-04-19 14:29:43.775  INFO 36168 --- [main] m.c.config.ExceptionConfig               : 初始化 ExceptionConfig
2023-04-19 14:29:43.776  INFO 36168 --- [main] m.c.config.FeignRequestInterceptor       : 初始化 FeignRequestInterceptor
2023-04-19 14:29:43.779  INFO 36168 --- [main] m.t.config.RedisLockServiceConfig        : 初始化 RedisLockServiceConfig
2023-04-19 14:29:43.780  INFO 36168 --- [main] m.t.config.RedissonConfig                : 初始化 RedissonConfig
2023-04-19 14:29:43.781  INFO 36168 --- [main] m.t.config.RedissonConfig                : 单机模式redis:127.0.0.1:6379
2023-04-19 14:29:44.008  INFO 36168 --- [main] org.redisson.Version                     : Redisson 3.17.0
2023-04-19 14:29:44.609  INFO 36168 --- [redisson-netty-2-13] o.r.c.pool.MasterPubSubConnectionPool    : 1 connections initialized for 127.0.0.1/127.0.0.1:6379
2023-04-19 14:29:44.625  INFO 36168 --- [redisson-netty-2-19] o.r.c.pool.MasterConnectionPool          : 24 connections initialized for 127.0.0.1/127.0.0.1:6379
2023-04-19 14:29:44.952  INFO 36168 --- [main] m.c.config.RestTemplateConfig            : 初始化 RestTemplateConfig
2023-04-19 14:29:46.343  INFO 36168 --- [main] o.s.cloud.commons.util.InetUtils         : Cannot determine local hostname
2023-04-19 14:29:47.621  INFO 36168 --- [main] o.s.cloud.commons.util.InetUtils         : Cannot determine local hostname
2023-04-19 14:29:47.641  INFO 36168 --- [main] m.c.utils.ClusterUtils                   : 应用程序名称：chat-room-manage
2023-04-19 14:29:47.641  INFO 36168 --- [main] m.c.utils.ClusterUtils                   : 初始化 ClusterUtils
2023-04-19 14:29:47.645 DEBUG 36168 --- [main] m.c.service.impl.NettyServiceImpl        : mao.chat_room_manage.service.impl.NettyServiceImpl@14b95942
2023-04-19 14:29:47.722  INFO 36168 --- [main] m.c.config.FeignRequestInterceptor       : 初始化 FeignRequestInterceptor
2023-04-19 14:29:48.233  INFO 36168 --- [main] com.alibaba.nacos.client.naming          : initializer namespace from System Property :null
2023-04-19 14:29:48.234  INFO 36168 --- [main] com.alibaba.nacos.client.naming          : initializer namespace from System Environment :null
2023-04-19 14:29:48.235  INFO 36168 --- [main] com.alibaba.nacos.client.naming          : initializer namespace from System Property :null
2023-04-19 14:29:48.435  INFO 36168 --- [main] o.s.b.a.e.web.EndpointLinksResolver      : Exposing 4 endpoint(s) beneath base path '/actuator'
2023-04-19 14:29:48.472  WARN 36168 --- [main] c.n.c.sources.URLConfigurationSource     : No URLs will be polled as dynamic configuration sources.
2023-04-19 14:29:48.472  INFO 36168 --- [main] c.n.c.sources.URLConfigurationSource     : To enable URLs as dynamic configuration sources, define System property archaius.configurationSource.additionalUrls or make config.properties available on classpath.
2023-04-19 14:29:48.475  WARN 36168 --- [main] c.n.c.sources.URLConfigurationSource     : No URLs will be polled as dynamic configuration sources.
2023-04-19 14:29:48.475  INFO 36168 --- [main] c.n.c.sources.URLConfigurationSource     : To enable URLs as dynamic configuration sources, define System property archaius.configurationSource.additionalUrls or make config.properties available on classpath.
2023-04-19 14:29:48.539  INFO 36168 --- [main] o.s.s.concurrent.ThreadPoolTaskExecutor  : Initializing ExecutorService 'applicationTaskExecutor'
2023-04-19 14:29:48.580  INFO 36168 --- [main] o.s.s.c.ThreadPoolTaskScheduler          : Initializing ExecutorService 'Nacos-Watch-Task-Scheduler'
2023-04-19 14:29:48.590  INFO 36168 --- [main] c.g.d.core.DozerBeanMapperBuilder        : Initializing Dozer. Version: 6.5.0, Thread Name: main
2023-04-19 14:29:48.590  INFO 36168 --- [main] c.g.dozermapper.core.util.RuntimeUtils   : OSGi support is false
2023-04-19 14:29:48.593  INFO 36168 --- [main] d.c.c.r.LegacyPropertiesSettingsResolver : Trying to find Dozer configuration file: dozer.properties
2023-04-19 14:29:48.595  INFO 36168 --- [main] d.c.c.r.LegacyPropertiesSettingsResolver : Failed to find dozer.properties via com.github.dozermapper.core.config.resolvers.LegacyPropertiesSettingsResolver.
2023-04-19 14:29:48.599  INFO 36168 --- [main] c.g.d.core.el.ELExpressionFactory        : javax.el support is true
2023-04-19 14:29:48.612  INFO 36168 --- [main] c.g.d.c.b.xml.BeanMappingXMLBuilder      : Using URL [file:/D:/%e7%a8%8b%e5%ba%8f/%e5%a4%a7%e5%9b%9b%e4%b8%8b%e6%9c%9f/netty_chat_room/apps/chat-room/chat-room-manage/target/classes/dozer/global.dozer.xml] to load custom xml mappings
2023-04-19 14:29:48.781  INFO 36168 --- [main] c.g.d.c.b.xml.SchemaLSResourceResolver   : Trying to resolve XML entity with public ID [null] and system ID [http://dozermapper.github.io/schema/bean-mapping.xsd]
2023-04-19 14:29:48.783  INFO 36168 --- [main] c.g.d.c.b.xml.SchemaLSResourceResolver   : Resolved public ID [null] and system ID [http://dozermapper.github.io/schema/bean-mapping.xsd]
2023-04-19 14:29:48.811  INFO 36168 --- [main] c.g.d.c.b.xml.BeanMappingXMLBuilder      : Successfully loaded custom xml mapping.
2023-04-19 14:29:48.816  INFO 36168 --- [main] c.g.d.c.b.xml.BeanMappingXMLBuilder      : Using URL [file:/D:/%e7%a8%8b%e5%ba%8f/%e5%a4%a7%e5%9b%9b%e4%b8%8b%e6%9c%9f/netty_chat_room/apps/chat-room/chat-room-manage/target/classes/dozer/biz.dozer.xml] to load custom xml mappings
2023-04-19 14:29:48.817  INFO 36168 --- [main] c.g.d.c.b.xml.SchemaLSResourceResolver   : Trying to resolve XML entity with public ID [null] and system ID [http://dozermapper.github.io/schema/bean-mapping.xsd]
2023-04-19 14:29:48.818  INFO 36168 --- [main] c.g.d.c.b.xml.SchemaLSResourceResolver   : Resolved public ID [null] and system ID [http://dozermapper.github.io/schema/bean-mapping.xsd]
2023-04-19 14:29:48.821  INFO 36168 --- [main] c.g.d.c.b.xml.BeanMappingXMLBuilder      : Successfully loaded custom xml mapping.
2023-04-19 14:29:48.830  INFO 36168 --- [main] m.c.config.ServerConfig                  : 初始化 ServerConfig
2023-04-19 14:29:48.832  INFO 36168 --- [main] m.c.protocol.ServerMessageCodecSharable  : 初始化 ServerMessageCodecSharable
2023-04-19 14:29:48.833  INFO 36168 --- [main] m.t.config.RedisUtilsConfig              : 初始化 RedisUtilsConfig
2023-04-19 14:29:49.077  INFO 36168 --- [main] m.t.config.DozerAutoConfiguration        : 初始化 DozerAutoConfiguration
2023-04-19 14:29:49.085  INFO 36168 --- [main] pertySourcedRequestMappingHandlerMapping : Mapped URL path [/v2/api-docs] onto method [springfox.documentation.swagger2.web.Swagger2Controller#getDocumentation(String, HttpServletRequest)]
2023-04-19 14:29:49.090  INFO 36168 --- [main] m.t.config.SwaggerAutoConfiguration      : 初始化swagger接口文档
2023-04-19 14:29:49.090  INFO 36168 --- [main] m.t.config.SwaggerAutoConfiguration      : 
title：在线文档
group：
description：在线文档
version：1.0
contact：Contact{name='', url='', email=''}
basePackage：
basePath：[]
excludePath：[]
docket：{chat_room_web_server=DocketInfo{title='管理服务', group='', description='在线文档', version='1.0', contact=Contact{name='', url='', email=''}, basePackage='mao.chat_room_manage', basePath=[], excludePath=[]}}

2023-04-19 14:29:51.142  INFO 36168 --- [main] a.r.s.s.DefaultRocketMQListenerContainer : running container: DefaultRocketMQListenerContainer{consumerGroup='chat_room_group', namespace='', nameServer='127.0.0.1:9876', topic='netty_server_re_balance', consumeMode=CONCURRENTLY, selectorType=TAG, selectorExpression='*', messageModel=CLUSTERING', tlsEnable=false}
2023-04-19 14:29:51.142  INFO 36168 --- [main] o.a.r.s.a.ListenerContainerConfiguration : Register the listener to container, listenerBeanName:reBalanceConsumer, containerBeanName:org.apache.rocketmq.spring.support.DefaultRocketMQListenerContainer_1
2023-04-19 14:29:51.248  INFO 36168 --- [main] com.alibaba.nacos.client.naming          : new ips(2) service: DEFAULT_GROUP@@chat-room-manage@@DEFAULT -> [{"instanceId":"192.168.15.1#8080#DEFAULT#DEFAULT_GROUP@@chat-room-manage","ip":"192.168.15.1","port":8080,"weight":1.0,"healthy":true,"enabled":true,"ephemeral":false,"clusterName":"DEFAULT","serviceName":"DEFAULT_GROUP@@chat-room-manage","metadata":{"preserved.register.source":"SPRING_CLOUD","management.endpoints.web.base-path":"/actuator","management.context-path":"/actuator"},"ipDeleteTimeout":30000,"instanceHeartBeatTimeOut":15000,"instanceHeartBeatInterval":5000},{"instanceId":"192.168.15.1#13546#DEFAULT#DEFAULT_GROUP@@chat-room-manage","ip":"192.168.15.1","port":13546,"weight":1.0,"healthy":true,"enabled":true,"ephemeral":false,"clusterName":"DEFAULT","serviceName":"DEFAULT_GROUP@@chat-room-manage","metadata":{"preserved.register.source":"SPRING_CLOUD","management.endpoints.web.base-path":"/actuator","management.context-path":"/manage/actuator"},"ipDeleteTimeout":30000,"instanceHeartBeatTimeOut":15000,"instanceHeartBeatInterval":5000}]
2023-04-19 14:29:51.256  INFO 36168 --- [main] com.alibaba.nacos.client.naming          : current ips:(2) service: DEFAULT_GROUP@@chat-room-manage@@DEFAULT -> [{"instanceId":"192.168.15.1#8080#DEFAULT#DEFAULT_GROUP@@chat-room-manage","ip":"192.168.15.1","port":8080,"weight":1.0,"healthy":true,"enabled":true,"ephemeral":false,"clusterName":"DEFAULT","serviceName":"DEFAULT_GROUP@@chat-room-manage","metadata":{"preserved.register.source":"SPRING_CLOUD","management.endpoints.web.base-path":"/actuator","management.context-path":"/actuator"},"ipDeleteTimeout":30000,"instanceHeartBeatTimeOut":15000,"instanceHeartBeatInterval":5000},{"instanceId":"192.168.15.1#13546#DEFAULT#DEFAULT_GROUP@@chat-room-manage","ip":"192.168.15.1","port":13546,"weight":1.0,"healthy":true,"enabled":true,"ephemeral":false,"clusterName":"DEFAULT","serviceName":"DEFAULT_GROUP@@chat-room-manage","metadata":{"preserved.register.source":"SPRING_CLOUD","management.endpoints.web.base-path":"/actuator","management.context-path":"/manage/actuator"},"ipDeleteTimeout":30000,"instanceHeartBeatTimeOut":15000,"instanceHeartBeatInterval":5000}]
2023-04-19 14:29:51.258  INFO 36168 --- [main] d.s.w.p.DocumentationPluginsBootstrapper : Context refreshed
2023-04-19 14:29:51.277  INFO 36168 --- [main] d.s.w.p.DocumentationPluginsBootstrapper : Found 1 custom documentation plugin(s)
2023-04-19 14:29:51.306  INFO 36168 --- [main] s.d.s.w.s.ApiListingReferenceScanner     : Scanning for api listing references
2023-04-19 14:29:51.502  INFO 36168 --- [main] o.s.b.w.embedded.tomcat.TomcatWebServer  : Tomcat started on port(s): 13546 (http) with context path '/manage'
2023-04-19 14:29:52.809  INFO 36168 --- [main] o.s.cloud.commons.util.InetUtils         : Cannot determine local hostname
2023-04-19 14:29:52.811  INFO 36168 --- [main] com.alibaba.nacos.client.naming          : [REGISTER-SERVICE] 2ed0bfb2-2566-4d2c-b50e-3b107d25cd06 registering service DEFAULT_GROUP@@chat-room-manage with instance: Instance{instanceId='null', ip='192.168.15.1', port=13546, weight=1.0, healthy=true, enabled=true, ephemeral=false, clusterName='DEFAULT', serviceName='null', metadata={preserved.register.source=SPRING_CLOUD, management.endpoints.web.base-path=/actuator, management.context-path=/manage/actuator}}
2023-04-19 14:29:52.818  INFO 36168 --- [main] c.a.c.n.registry.NacosServiceRegistry    : nacos registry, DEFAULT_GROUP chat-room-manage 192.168.15.1:13546 register finished
2023-04-19 14:29:52.820  INFO 36168 --- [main] m.c.ChatRoomManageApplication            : Started ChatRoomManageApplication in 14.285 seconds (JVM running for 14.878)
2023-04-19 14:29:52.829  INFO 36168 --- [main] c.a.n.client.config.impl.ClientWorker    : [fixed-127.0.0.1_8848-2ed0bfb2-2566-4d2c-b50e-3b107d25cd06] [subscribe] chat-room-manage.yml+DEFAULT_GROUP+2ed0bfb2-2566-4d2c-b50e-3b107d25cd06
2023-04-19 14:29:52.830  INFO 36168 --- [main] c.a.nacos.client.config.impl.CacheData   : [fixed-127.0.0.1_8848-2ed0bfb2-2566-4d2c-b50e-3b107d25cd06] [add-listener] ok, tenant=2ed0bfb2-2566-4d2c-b50e-3b107d25cd06, dataId=chat-room-manage.yml, group=DEFAULT_GROUP, cnt=1
2023-04-19 14:29:52.833  INFO 36168 --- [main] c.a.n.client.config.impl.ClientWorker    : [fixed-127.0.0.1_8848-2ed0bfb2-2566-4d2c-b50e-3b107d25cd06] [subscribe] chat-room-manage-dev.yml+DEFAULT_GROUP+2ed0bfb2-2566-4d2c-b50e-3b107d25cd06
2023-04-19 14:29:52.833  INFO 36168 --- [main] c.a.nacos.client.config.impl.CacheData   : [fixed-127.0.0.1_8848-2ed0bfb2-2566-4d2c-b50e-3b107d25cd06] [add-listener] ok, tenant=2ed0bfb2-2566-4d2c-b50e-3b107d25cd06, dataId=chat-room-manage-dev.yml, group=DEFAULT_GROUP, cnt=1
2023-04-19 14:29:52.833  INFO 36168 --- [main] c.a.n.client.config.impl.ClientWorker    : [fixed-127.0.0.1_8848-2ed0bfb2-2566-4d2c-b50e-3b107d25cd06] [subscribe] common.yml+DEFAULT_GROUP+2ed0bfb2-2566-4d2c-b50e-3b107d25cd06
2023-04-19 14:29:52.833  INFO 36168 --- [main] c.a.nacos.client.config.impl.CacheData   : [fixed-127.0.0.1_8848-2ed0bfb2-2566-4d2c-b50e-3b107d25cd06] [add-listener] ok, tenant=2ed0bfb2-2566-4d2c-b50e-3b107d25cd06, dataId=common.yml, group=DEFAULT_GROUP, cnt=1
2023-04-19 14:29:52.834  INFO 36168 --- [main] c.a.n.client.config.impl.ClientWorker    : [fixed-127.0.0.1_8848-2ed0bfb2-2566-4d2c-b50e-3b107d25cd06] [subscribe] chat-room-manage+DEFAULT_GROUP+2ed0bfb2-2566-4d2c-b50e-3b107d25cd06
2023-04-19 14:29:52.834  INFO 36168 --- [main] c.a.nacos.client.config.impl.CacheData   : [fixed-127.0.0.1_8848-2ed0bfb2-2566-4d2c-b50e-3b107d25cd06] [add-listener] ok, tenant=2ed0bfb2-2566-4d2c-b50e-3b107d25cd06, dataId=chat-room-manage, group=DEFAULT_GROUP, cnt=1
2023-04-19 14:29:52.834  INFO 36168 --- [main] m.c.ChatRoomManageApplication            : 应用chat-room-manage启动成功!swagger地址：http://58.45.255.156:13546/manage/doc.html  或者：http://127.0.0.1:13546/manage/doc.html
2023-04-19 14:29:52.834  INFO 36168 --- [main] m.c.ChatRoomManageApplication            : 数据库监控地址：http://58.45.255.156:13546/manage/druid  或者：http://127.0.0.1:13546/manage/druid
2023-04-19 14:29:52.834  INFO 36168 --- [main] m.c.ChatRoomManageApplication            : 启动耗时：14358ms
2023-04-19 14:29:53.187  INFO 36168 --- [RMI TCP Connection(10)-58.45.255.156] o.a.c.c.C.[.[localhost].[/manage]        : Initializing Spring DispatcherServlet 'dispatcherServlet'
2023-04-19 14:29:53.188  INFO 36168 --- [RMI TCP Connection(10)-58.45.255.156] o.s.web.servlet.DispatcherServlet        : Initializing Servlet 'dispatcherServlet'
2023-04-19 14:29:53.193  INFO 36168 --- [RMI TCP Connection(10)-58.45.255.156] o.s.web.servlet.DispatcherServlet        : Completed initialization in 5 ms
2023-04-19 14:29:53.830  INFO 36168 --- [com.alibaba.nacos.naming.push.receiver] com.alibaba.nacos.client.naming          : received push data: {"type":"dom","data":"{\"hosts\":[{\"ip\":\"192.168.15.1\",\"port\":8080,\"valid\":true,\"healthy\":true,\"marked\":false,\"instanceId\":\"192.168.15.1#8080#DEFAULT#DEFAULT_GROUP@@chat-room-manage\",\"metadata\":{\"preserved.register.source\":\"SPRING_CLOUD\",\"management.endpoints.web.base-path\":\"/actuator\",\"management.context-path\":\"/actuator\"},\"enabled\":true,\"weight\":1.0,\"clusterName\":\"DEFAULT\",\"serviceName\":\"DEFAULT_GROUP@@chat-room-manage\",\"ephemeral\":false},{\"ip\":\"192.168.15.1\",\"port\":13546,\"valid\":true,\"healthy\":true,\"marked\":false,\"instanceId\":\"192.168.15.1#13546#DEFAULT#DEFAULT_GROUP@@chat-room-manage\",\"metadata\":{\"preserved.register.source\":\"SPRING_CLOUD\",\"management.endpoints.web.base-path\":\"/actuator\",\"management.context-path\":\"/manage/actuator\"},\"enabled\":true,\"weight\":1.0,\"clusterName\":\"DEFAULT\",\"serviceName\":\"DEFAULT_GROUP@@chat-room-manage\",\"ephemeral\":false}],\"dom\":\"DEFAULT_GROUP@@chat-room-manage\",\"name\":\"DEFAULT_GROUP@@chat-room-manage\",\"cacheMillis\":10000,\"lastRefTime\":1681885793828,\"checksum\":\"f255a44b7b75aee52f2d3d148dbb02ff\",\"useSpecifiedURL\":false,\"clusters\":\"DEFAULT\",\"env\":\"\",\"metadata\":{}}","lastRefTime":156897568225900} from /58.45.255.156
2023-04-19 14:30:03.236  INFO 36168 --- [com.alibaba.nacos.naming.push.receiver] com.alibaba.nacos.client.naming          : received push data: {"type":"dom","data":"{\"hosts\":[{\"ip\":\"192.168.15.1\",\"port\":8080,\"valid\":false,\"healthy\":false,\"marked\":false,\"instanceId\":\"192.168.15.1#8080#DEFAULT#DEFAULT_GROUP@@chat-room-manage\",\"metadata\":{\"preserved.register.source\":\"SPRING_CLOUD\",\"management.endpoints.web.base-path\":\"/actuator\",\"management.context-path\":\"/actuator\"},\"enabled\":true,\"weight\":1.0,\"clusterName\":\"DEFAULT\",\"serviceName\":\"DEFAULT_GROUP@@chat-room-manage\",\"ephemeral\":false},{\"ip\":\"192.168.15.1\",\"port\":13546,\"valid\":true,\"healthy\":true,\"marked\":false,\"instanceId\":\"192.168.15.1#13546#DEFAULT#DEFAULT_GROUP@@chat-room-manage\",\"metadata\":{\"preserved.register.source\":\"SPRING_CLOUD\",\"management.endpoints.web.base-path\":\"/actuator\",\"management.context-path\":\"/manage/actuator\"},\"enabled\":true,\"weight\":1.0,\"clusterName\":\"DEFAULT\",\"serviceName\":\"DEFAULT_GROUP@@chat-room-manage\",\"ephemeral\":false}],\"dom\":\"DEFAULT_GROUP@@chat-room-manage\",\"name\":\"DEFAULT_GROUP@@chat-room-manage\",\"cacheMillis\":10000,\"lastRefTime\":1681885803235,\"checksum\":\"f255a44b7b75aee52f2d3d148dbb02ff\",\"useSpecifiedURL\":false,\"clusters\":\"DEFAULT\",\"env\":\"\",\"metadata\":{}}","lastRefTime":156906975550000} from /58.45.255.156
2023-04-19 14:30:03.236  INFO 36168 --- [com.alibaba.nacos.naming.push.receiver] com.alibaba.nacos.client.naming          : modified ips(1) service: DEFAULT_GROUP@@chat-room-manage@@DEFAULT -> [{"instanceId":"192.168.15.1#8080#DEFAULT#DEFAULT_GROUP@@chat-room-manage","ip":"192.168.15.1","port":8080,"weight":1.0,"healthy":false,"enabled":true,"ephemeral":false,"clusterName":"DEFAULT","serviceName":"DEFAULT_GROUP@@chat-room-manage","metadata":{"preserved.register.source":"SPRING_CLOUD","management.endpoints.web.base-path":"/actuator","management.context-path":"/actuator"},"ipDeleteTimeout":30000,"instanceHeartBeatTimeOut":15000,"instanceHeartBeatInterval":5000}]
2023-04-19 14:30:03.240  INFO 36168 --- [com.alibaba.nacos.naming.push.receiver] com.alibaba.nacos.client.naming          : current ips:(2) service: DEFAULT_GROUP@@chat-room-manage@@DEFAULT -> [{"instanceId":"192.168.15.1#8080#DEFAULT#DEFAULT_GROUP@@chat-room-manage","ip":"192.168.15.1","port":8080,"weight":1.0,"healthy":false,"enabled":true,"ephemeral":false,"clusterName":"DEFAULT","serviceName":"DEFAULT_GROUP@@chat-room-manage","metadata":{"preserved.register.source":"SPRING_CLOUD","management.endpoints.web.base-path":"/actuator","management.context-path":"/actuator"},"ipDeleteTimeout":30000,"instanceHeartBeatTimeOut":15000,"instanceHeartBeatInterval":5000},{"instanceId":"192.168.15.1#13546#DEFAULT#DEFAULT_GROUP@@chat-room-manage","ip":"192.168.15.1","port":13546,"weight":1.0,"healthy":true,"enabled":true,"ephemeral":false,"clusterName":"DEFAULT","serviceName":"DEFAULT_GROUP@@chat-room-manage","metadata":{"preserved.register.source":"SPRING_CLOUD","management.endpoints.web.base-path":"/actuator","management.context-path":"/manage/actuator"},"ipDeleteTimeout":30000,"instanceHeartBeatTimeOut":15000,"instanceHeartBeatInterval":5000}]
